Using pre-set license
Built from '2022.3/staging' branch; Version is '2022.3.4f1 (35713cd46cd7) revision 3502396'; Using compiler version '192829333'; Build Type 'Release'
OS: 'Windows 10  (10.0.19044) 64bit Core' Language: 'ru' Physical Memory: 16265 MB
BatchMode: 1, IsHumanControllingUs: 0, StartBugReporterOnCrash: 0, Is64bit: 1, IsPro: 1

COMMAND LINE ARGUMENTS:
C:\Program Files\Unity\Hub\Editor\2022.3.4f1\Editor\Unity.exe
-adb2
-batchMode
-noUpm
-name
AssetImportWorker2
-projectPath
C:/GitHub/Candle
-logFile
Logs/AssetImportWorker2.log
-srvPort
56796
Successfully changed project path to: C:/GitHub/Candle
C:/GitHub/Candle
[UnityMemory] Configuration Parameters - Can be set up in boot.config
    "memorysetup-bucket-allocator-granularity=16"
    "memorysetup-bucket-allocator-bucket-count=8"
    "memorysetup-bucket-allocator-block-size=33554432"
    "memorysetup-bucket-allocator-block-count=8"
    "memorysetup-main-allocator-block-size=16777216"
    "memorysetup-thread-allocator-block-size=16777216"
    "memorysetup-gfx-main-allocator-block-size=16777216"
    "memorysetup-gfx-thread-allocator-block-size=16777216"
    "memorysetup-cache-allocator-block-size=4194304"
    "memorysetup-typetree-allocator-block-size=2097152"
    "memorysetup-profiler-bucket-allocator-granularity=16"
    "memorysetup-profiler-bucket-allocator-bucket-count=8"
    "memorysetup-profiler-bucket-allocator-block-size=33554432"
    "memorysetup-profiler-bucket-allocator-block-count=8"
    "memorysetup-profiler-allocator-block-size=16777216"
    "memorysetup-profiler-editor-allocator-block-size=1048576"
    "memorysetup-temp-allocator-size-main=16777216"
    "memorysetup-job-temp-allocator-block-size=2097152"
    "memorysetup-job-temp-allocator-block-size-background=1048576"
    "memorysetup-job-temp-allocator-reduction-small-platforms=262144"
    "memorysetup-allocator-temp-initial-block-size-main=262144"
    "memorysetup-allocator-temp-initial-block-size-worker=262144"
    "memorysetup-temp-allocator-size-background-worker=32768"
    "memorysetup-temp-allocator-size-job-worker=262144"
    "memorysetup-temp-allocator-size-preload-manager=33554432"
    "memorysetup-temp-allocator-size-nav-mesh-worker=65536"
    "memorysetup-temp-allocator-size-audio-worker=65536"
    "memorysetup-temp-allocator-size-cloud-worker=32768"
    "memorysetup-temp-allocator-size-gi-baking-worker=262144"
    "memorysetup-temp-allocator-size-gfx=262144"
Player connection [21992] Host "[IP] 192.168.10.12 [Port] 0 [Flags] 2 [Guid] 3336720915 [EditorId] 3336720915 [Version] 1048832 [Id] WindowsEditor(7,DESKTOP-9515GSQ) [Debug] 1 [PackageName] WindowsEditor [ProjectName] Editor" joined multi-casting on [225.0.0.222:54997]...

Player connection [21992] Host "[IP] 192.168.10.12 [Port] 0 [Flags] 2 [Guid] 3336720915 [EditorId] 3336720915 [Version] 1048832 [Id] WindowsEditor(7,DESKTOP-9515GSQ) [Debug] 1 [PackageName] WindowsEditor [ProjectName] Editor" joined alternative multi-casting on [225.0.0.222:34997]...

Refreshing native plugins compatible for Editor in 11.22 ms, found 0 plugins.
Preloading 0 native plugins for Editor in 0.00 ms.
Initialize engine version: 2022.3.4f1 (35713cd46cd7)
[Subsystems] Discovering subsystems at path C:/Program Files/Unity/Hub/Editor/2022.3.4f1/Editor/Data/Resources/UnitySubsystems
[Subsystems] Discovering subsystems at path C:/GitHub/Candle/Assets
GfxDevice: creating device client; threaded=0; jobified=0
Direct3D:
    Version:  Direct3D 11.0 [level 11.1]
    Renderer: NVIDIA GeForce RTX 3070 (ID=0x2484)
    Vendor:   NVIDIA
    VRAM:     8031 MB
    Driver:   31.0.15.3203
Initialize mono
Mono path[0] = 'C:/Program Files/Unity/Hub/Editor/2022.3.4f1/Editor/Data/Managed'
Mono path[1] = 'C:/Program Files/Unity/Hub/Editor/2022.3.4f1/Editor/Data/MonoBleedingEdge/lib/mono/unityjit-win32'
Mono config path = 'C:/Program Files/Unity/Hub/Editor/2022.3.4f1/Editor/Data/MonoBleedingEdge/etc'
Using monoOptions --debugger-agent=transport=dt_socket,embedding=1,server=y,suspend=n,address=127.0.0.1:56112
Begin MonoManager ReloadAssembly
Registering precompiled unity dll's ...
Register platform support module: C:/Program Files/Unity/Hub/Editor/2022.3.4f1/Editor/Data/PlaybackEngines/WebGLSupport/UnityEditor.WebGL.Extensions.dll
Register platform support module: C:/Program Files/Unity/Hub/Editor/2022.3.4f1/Editor/Data/PlaybackEngines/WindowsStandaloneSupport/UnityEditor.WindowsStandalone.Extensions.dll
Registered in 0.009415 seconds.
- Loaded All Assemblies, in  0.275 seconds
Native extension for WindowsStandalone target not found
Native extension for WebGL target not found
Mono: successfully reloaded assembly
- Finished resetting the current domain, in  0.205 seconds
Domain Reload Profiling: 479ms
	BeginReloadAssembly (71ms)
		ExecutionOrderSort (0ms)
		DisableScriptedObjects (0ms)
		BackupInstance (0ms)
		ReleaseScriptingObjects (0ms)
		CreateAndSetChildDomain (1ms)
	RebuildCommonClasses (29ms)
	RebuildNativeTypeToScriptingClass (9ms)
	initialDomainReloadingComplete (53ms)
	LoadAllAssembliesAndSetupDomain (112ms)
		LoadAssemblies (69ms)
		RebuildTransferFunctionScriptingTraits (0ms)
		AnalyzeDomain (106ms)
			TypeCache.Refresh (106ms)
				TypeCache.ScanAssembly (97ms)
			ScanForSourceGeneratedMonoScriptInfo (0ms)
			ResolveRequiredComponents (0ms)
	FinalizeReload (206ms)
		ReleaseScriptCaches (0ms)
		RebuildScriptCaches (0ms)
		SetupLoadedEditorAssemblies (159ms)
			LogAssemblyErrors (0ms)
			InitializePlatformSupportModulesInManaged (11ms)
			SetLoadedEditorAssemblies (4ms)
			RefreshPlugins (0ms)
			BeforeProcessingInitializeOnLoad (2ms)
			ProcessInitializeOnLoadAttributes (106ms)
			ProcessInitializeOnLoadMethodAttributes (36ms)
			AfterProcessingInitializeOnLoad (0ms)
			EditorAssembliesLoaded (0ms)
		ExecutionOrderSort2 (0ms)
		AwakeInstancesAfterBackupRestoration (0ms)
========================================================================
Worker process is ready to serve import requests
Begin MonoManager ReloadAssembly
- Loaded All Assemblies, in  0.640 seconds
Refreshing native plugins compatible for Editor in 3.89 ms, found 0 plugins.
Native extension for WindowsStandalone target not found
Native extension for WebGL target not found
Mono: successfully reloaded assembly
- Finished resetting the current domain, in  2.189 seconds
Domain Reload Profiling: 2826ms
	BeginReloadAssembly (103ms)
		ExecutionOrderSort (0ms)
		DisableScriptedObjects (5ms)
		BackupInstance (0ms)
		ReleaseScriptingObjects (0ms)
		CreateAndSetChildDomain (16ms)
	RebuildCommonClasses (28ms)
	RebuildNativeTypeToScriptingClass (13ms)
	initialDomainReloadingComplete (50ms)
	LoadAllAssembliesAndSetupDomain (442ms)
		LoadAssemblies (238ms)
		RebuildTransferFunctionScriptingTraits (0ms)
		AnalyzeDomain (252ms)
			TypeCache.Refresh (223ms)
				TypeCache.ScanAssembly (214ms)
			ScanForSourceGeneratedMonoScriptInfo (19ms)
			ResolveRequiredComponents (10ms)
	FinalizeReload (2189ms)
		ReleaseScriptCaches (0ms)
		RebuildScriptCaches (0ms)
		SetupLoadedEditorAssemblies (2051ms)
			LogAssemblyErrors (0ms)
			InitializePlatformSupportModulesInManaged (7ms)
			SetLoadedEditorAssemblies (4ms)
			RefreshPlugins (0ms)
			BeforeProcessingInitializeOnLoad (87ms)
			ProcessInitializeOnLoadAttributes (333ms)
			ProcessInitializeOnLoadMethodAttributes (1613ms)
			AfterProcessingInitializeOnLoad (7ms)
			EditorAssembliesLoaded (0ms)
		ExecutionOrderSort2 (0ms)
		AwakeInstancesAfterBackupRestoration (10ms)
Launched and connected shader compiler UnityShaderCompiler.exe after 0.03 seconds
Refreshing native plugins compatible for Editor in 4.04 ms, found 0 plugins.
Preloading 0 native plugins for Editor in 0.00 ms.
Unloading 4496 Unused Serialized files (Serialized files now loaded: 0)
Unloading 82 unused Assets / (413.3 KB). Loaded Objects now: 5017.
Memory consumption went from 201.3 MB to 200.9 MB.
Total: 13.899500 ms (FindLiveObjects: 0.209400 ms CreateObjectMapping: 0.114200 ms MarkObjects: 13.370900 ms  DeleteObjects: 0.204300 ms)

AssetImportParameters requested are different than current active one (requested -> active):
  custom:container-demuxer-ogg: 62fdf1f143b41e24485cea50d1cbac27 -> 
  custom:video-decoder-ogg-theora: a1e56fd34408186e4bbccfd4996cb3dc -> 
  custom:framework-win-MediaFoundation: 216162199b28c13a410421893ffa2e32 -> 
  custom:CustomObjectIndexerAttribute: a3ef5dd2817f97addfee359851a9dba5 -> 
  custom:container-demuxer-webm: 4f35f7cbe854078d1ac9338744f61a02 -> 
  custom:container-muxer-webm: aa71ff27fc2769a1b78a27578f13a17b -> 
  custom:video-decoder-webm-vp8: 9c59270c3fd7afecdb556c50c9e8de78 -> 
  custom:AudioImporter_EditorPlatform: d09bf68614088b80899f8185d706f6e7 -> 
  custom:video-encoder-webm-vp8: eb34c28f22e8b96e1ab97ce403110664 -> 
  custom:audio-decoder-ogg-vorbis: bf7c407c2cedff20999df2af8eb42d56 -> 
  custom:audio-encoder-webm-vorbis: bf7c407c2cedff20999df2af8eb42d56 -> 
========================================================================
Received Import Request.
  Time since last request: 346096.634131 seconds.
  path: Assets/Plugins/PrimeTween/Demo/Stylized Sand by Joao Paulo/Stylized_Sand_001_ambientOcclusion.jpg
  artifactKey: Guid(4e34c4fbfaca8be459f7dca9eceadb72) Importer(815301076,1909f56bfc062723c751e8b465ee728b)
Start importing Assets/Plugins/PrimeTween/Demo/Stylized Sand by Joao Paulo/Stylized_Sand_001_ambientOcclusion.jpg using Guid(4e34c4fbfaca8be459f7dca9eceadb72) Importer(815301076,1909f56bfc062723c751e8b465ee728b)  -> (artifact id: '50471ad6fa763a3244b16df187453dda') in 0.013494 seconds
Number of updated asset objects reloaded before import = 0
Number of asset objects unloaded after import = 1
========================================================================
Received Import Request.
  Time since last request: 0.003223 seconds.
  path: Assets/Plugins/PrimeTween/Demo/Stylized Sand by Joao Paulo/Stylized_Sand_001_roughness.jpg
  artifactKey: Guid(7126ac1708a17ea4eb4e914a05925904) Importer(815301076,1909f56bfc062723c751e8b465ee728b)
Start importing Assets/Plugins/PrimeTween/Demo/Stylized Sand by Joao Paulo/Stylized_Sand_001_roughness.jpg using Guid(7126ac1708a17ea4eb4e914a05925904) Importer(815301076,1909f56bfc062723c751e8b465ee728b)  -> (artifact id: '07eb60540db6e3cd35b74149f3953982') in 0.003610 seconds
Number of updated asset objects reloaded before import = 0
Number of asset objects unloaded after import = 1
========================================================================
Received Import Request.
  Time since last request: 0.000010 seconds.
  path: Assets/Models/Walls/PresentationScene/WallTextureNormalMap1.png
  artifactKey: Guid(becadc81fc467fc4d9a776a60c7d124e) Importer(815301076,1909f56bfc062723c751e8b465ee728b)
Start importing Assets/Models/Walls/PresentationScene/WallTextureNormalMap1.png using Guid(becadc81fc467fc4d9a776a60c7d124e) Importer(815301076,1909f56bfc062723c751e8b465ee728b)  -> (artifact id: '4f8793fab75d3bd89d8419dba000e34d') in 0.001153 seconds
Number of updated asset objects reloaded before import = 0
Number of asset objects unloaded after import = 1
========================================================================
Received Import Request.
  Time since last request: 0.003269 seconds.
  path: Assets/Plugins/PrimeTween/Demo/Stylized Cartoon Van by Fero Andezo/Window.png
  artifactKey: Guid(1458600f91f52c746bf9fc4f24e44eb8) Importer(815301076,1909f56bfc062723c751e8b465ee728b)
Start importing Assets/Plugins/PrimeTween/Demo/Stylized Cartoon Van by Fero Andezo/Window.png using Guid(1458600f91f52c746bf9fc4f24e44eb8) Importer(815301076,1909f56bfc062723c751e8b465ee728b)  -> (artifact id: '7bae2b52c32469084bcd37b42a75c578') in 0.011933 seconds
Number of updated asset objects reloaded before import = 0
Number of asset objects unloaded after import = 1
========================================================================
Received Import Request.
  Time since last request: 0.434189 seconds.
  path: Assets/Models/Floor/Textures/WoodenFloorNormalMap.png
  artifactKey: Guid(f97d0d28e013e324abfeb7cad82d267a) Importer(815301076,1909f56bfc062723c751e8b465ee728b)
Start importing Assets/Models/Floor/Textures/WoodenFloorNormalMap.png using Guid(f97d0d28e013e324abfeb7cad82d267a) Importer(815301076,1909f56bfc062723c751e8b465ee728b)  -> (artifact id: 'fd414129eec9c0a1c9ffe04f93cc6d23') in 0.001496 seconds
Number of updated asset objects reloaded before import = 0
Number of asset objects unloaded after import = 1
========================================================================
Received Import Request.
  Time since last request: 7.568144 seconds.
  path: Assets/Models/Walls/Textures/BlackWall.mat
  artifactKey: Guid(e14004dc1f247644ab5bc8d7f5d16b96) Importer(815301076,1909f56bfc062723c751e8b465ee728b)
Start importing Assets/Models/Walls/Textures/BlackWall.mat using Guid(e14004dc1f247644ab5bc8d7f5d16b96) Importer(815301076,1909f56bfc062723c751e8b465ee728b)  -> (artifact id: '2f3a954a2e256239e0c334d104661e20') in 0.001014 seconds
Number of updated asset objects reloaded before import = 0
Number of asset objects unloaded after import = 1
========================================================================
Received Prepare
Begin MonoManager ReloadAssembly
- Loaded All Assemblies, in  0.690 seconds
Refreshing native plugins compatible for Editor in 4.79 ms, found 0 plugins.
Native extension for WindowsStandalone target not found
Native extension for WebGL target not found
Mono: successfully reloaded assembly
- Finished resetting the current domain, in  3.568 seconds
Domain Reload Profiling: 4254ms
	BeginReloadAssembly (152ms)
		ExecutionOrderSort (0ms)
		DisableScriptedObjects (5ms)
		BackupInstance (0ms)
		ReleaseScriptingObjects (0ms)
		CreateAndSetChildDomain (44ms)
	RebuildCommonClasses (34ms)
	RebuildNativeTypeToScriptingClass (9ms)
	initialDomainReloadingComplete (34ms)
	LoadAllAssembliesAndSetupDomain (457ms)
		LoadAssemblies (249ms)
		RebuildTransferFunctionScriptingTraits (0ms)
		AnalyzeDomain (257ms)
			TypeCache.Refresh (235ms)
				TypeCache.ScanAssembly (227ms)
			ScanForSourceGeneratedMonoScriptInfo (0ms)
			ResolveRequiredComponents (22ms)
	FinalizeReload (3569ms)
		ReleaseScriptCaches (0ms)
		RebuildScriptCaches (0ms)
		SetupLoadedEditorAssemblies (2362ms)
			LogAssemblyErrors (0ms)
			InitializePlatformSupportModulesInManaged (10ms)
			SetLoadedEditorAssemblies (4ms)
			RefreshPlugins (0ms)
			BeforeProcessingInitializeOnLoad (107ms)
			ProcessInitializeOnLoadAttributes (377ms)
			ProcessInitializeOnLoadMethodAttributes (1816ms)
			AfterProcessingInitializeOnLoad (11ms)
			EditorAssembliesLoaded (38ms)
		ExecutionOrderSort2 (0ms)
		AwakeInstancesAfterBackupRestoration (475ms)
Refreshing native plugins compatible for Editor in 4.07 ms, found 0 plugins.
Preloading 0 native plugins for Editor in 0.00 ms.
Unloading 4313 Unused Serialized files (Serialized files now loaded: 0)
Unloading 41 unused Assets / (386.1 KB). Loaded Objects now: 5022.
Memory consumption went from 167.3 MB to 166.9 MB.
Total: 13.914600 ms (FindLiveObjects: 0.228200 ms CreateObjectMapping: 0.138200 ms MarkObjects: 13.391600 ms  DeleteObjects: 0.155900 ms)

Prepare: number of updated asset objects reloaded= 0
AssetImportParameters requested are different than current active one (requested -> active):
  custom:container-demuxer-ogg: 62fdf1f143b41e24485cea50d1cbac27 -> 
  custom:video-decoder-ogg-theora: a1e56fd34408186e4bbccfd4996cb3dc -> 
  custom:framework-win-MediaFoundation: 216162199b28c13a410421893ffa2e32 -> 
  custom:CustomObjectIndexerAttribute: a3ef5dd2817f97addfee359851a9dba5 -> 
  custom:container-demuxer-webm: 4f35f7cbe854078d1ac9338744f61a02 -> 
  custom:container-muxer-webm: aa71ff27fc2769a1b78a27578f13a17b -> 
  custom:video-decoder-webm-vp8: 9c59270c3fd7afecdb556c50c9e8de78 -> 
  custom:AudioImporter_EditorPlatform: d09bf68614088b80899f8185d706f6e7 -> 
  custom:video-encoder-webm-vp8: eb34c28f22e8b96e1ab97ce403110664 -> 
  custom:audio-decoder-ogg-vorbis: bf7c407c2cedff20999df2af8eb42d56 -> 
  custom:audio-encoder-webm-vorbis: bf7c407c2cedff20999df2af8eb42d56 -> 
========================================================================
Received Import Request.
  Time since last request: 29.201194 seconds.
  path: Assets/Plugins/Zenject/OptionalExtras/IntegrationTests/Resources/TestFromPrefabInstaller/Foo.prefab
  artifactKey: Guid(ca371fe7add8b4d40bb4c1ab6cbe7154) Importer(815301076,1909f56bfc062723c751e8b465ee728b)
Start importing Assets/Plugins/Zenject/OptionalExtras/IntegrationTests/Resources/TestFromPrefabInstaller/Foo.prefab using Guid(ca371fe7add8b4d40bb4c1ab6cbe7154) Importer(815301076,1909f56bfc062723c751e8b465ee728b)  -> (artifact id: '6717912586dd8b2aa58d1d43881ca8e6') in 0.015953 seconds
Number of updated asset objects reloaded before import = 0
Number of asset objects unloaded after import = 8
========================================================================
Received Import Request.
  Time since last request: 0.045671 seconds.
  path: Assets/Plugins/Zenject/OptionalExtras/IntegrationTests/Resources/TestDiContainerMethods/Foo.prefab
  artifactKey: Guid(db66b4f89feca2e498c9848a4a9042e5) Importer(815301076,1909f56bfc062723c751e8b465ee728b)
Start importing Assets/Plugins/Zenject/OptionalExtras/IntegrationTests/Resources/TestDiContainerMethods/Foo.prefab using Guid(db66b4f89feca2e498c9848a4a9042e5) Importer(815301076,1909f56bfc062723c751e8b465ee728b)  -> (artifact id: '84a571e63d76b28e892b71976f9647f5') in 0.000979 seconds
Number of updated asset objects reloaded before import = 0
Number of asset objects unloaded after import = 4
========================================================================
Received Import Request.
  Time since last request: 0.000010 seconds.
  path: Assets/Plugins/Zenject/OptionalExtras/IntegrationTests/Factories/Resources/TestPrefabFactory/Foo2.prefab
  artifactKey: Guid(4b77c2b4e8f6422469ebb54b21ff8f06) Importer(815301076,1909f56bfc062723c751e8b465ee728b)
Start importing Assets/Plugins/Zenject/OptionalExtras/IntegrationTests/Factories/Resources/TestPrefabFactory/Foo2.prefab using Guid(4b77c2b4e8f6422469ebb54b21ff8f06) Importer(815301076,1909f56bfc062723c751e8b465ee728b)  -> (artifact id: '3d2918979575c88515fa24b18e4d8ee9') in 0.001093 seconds
Number of updated asset objects reloaded before import = 0
Number of asset objects unloaded after import = 4
========================================================================
Received Import Request.
  Time since last request: 0.000015 seconds.
  path: Assets/Plugins/Zenject/OptionalExtras/IntegrationTests/Resources/TestFromPrefab/Foo2.prefab
  artifactKey: Guid(f655b07146ec7c74bba23b156bfe7af9) Importer(815301076,1909f56bfc062723c751e8b465ee728b)
Start importing Assets/Plugins/Zenject/OptionalExtras/IntegrationTests/Resources/TestFromPrefab/Foo2.prefab using Guid(f655b07146ec7c74bba23b156bfe7af9) Importer(815301076,1909f56bfc062723c751e8b465ee728b)  -> (artifact id: 'fcb80f8085b10d182dbe758cac20a154') in 0.001416 seconds
Number of updated asset objects reloaded before import = 0
Number of asset objects unloaded after import = 4
========================================================================
Received Import Request.
  Time since last request: 0.000013 seconds.
  path: Assets/Plugins/Zenject/OptionalExtras/IntegrationTests/Factories/Resources/TestBindFactory/Foo.prefab
  artifactKey: Guid(bc062cc5e7ead6943aca9dfe4309b0ad) Importer(815301076,1909f56bfc062723c751e8b465ee728b)
Start importing Assets/Plugins/Zenject/OptionalExtras/IntegrationTests/Factories/Resources/TestBindFactory/Foo.prefab using Guid(bc062cc5e7ead6943aca9dfe4309b0ad) Importer(815301076,1909f56bfc062723c751e8b465ee728b)  -> (artifact id: 'cb247e439733cd5f4879e530af93c536') in 0.001113 seconds
Number of updated asset objects reloaded before import = 0
Number of asset objects unloaded after import = 4
========================================================================
Received Import Request.
  Time since last request: 243.974336 seconds.
  path: Assets/Plugins/Zenject/OptionalExtras/SampleGame1 (Beginner)/Media/Imported/SpaceShip/Materials/1K_Body-TXTR.mat
  artifactKey: Guid(b4378b9d3b6417e458bfbf43439dcfa2) Importer(815301076,1909f56bfc062723c751e8b465ee728b)
Start importing Assets/Plugins/Zenject/OptionalExtras/SampleGame1 (Beginner)/Media/Imported/SpaceShip/Materials/1K_Body-TXTR.mat using Guid(b4378b9d3b6417e458bfbf43439dcfa2) Importer(815301076,1909f56bfc062723c751e8b465ee728b)  -> (artifact id: 'dbf798093700f6df57f6ed8c1822b186') in 0.001156 seconds
Number of updated asset objects reloaded before import = 0
Number of asset objects unloaded after import = 1
========================================================================
Received Import Request.
  Time since last request: 0.432362 seconds.
  path: Assets/Models/Floor/Textures/BlackFloor.mat
  artifactKey: Guid(6c6e79f9d2f52bf4491396966b0c848a) Importer(815301076,1909f56bfc062723c751e8b465ee728b)
Start importing Assets/Models/Floor/Textures/BlackFloor.mat using Guid(6c6e79f9d2f52bf4491396966b0c848a) Importer(815301076,1909f56bfc062723c751e8b465ee728b)  -> (artifact id: '83173e5cf0383b44f7785bf5d430c7d7') in 0.001052 seconds
Number of updated asset objects reloaded before import = 0
Number of asset objects unloaded after import = 1
========================================================================
Received Import Request.
  Time since last request: 177.291402 seconds.
  path: ProjectSettings/TagManager.asset
  artifactKey: Guid(00000000000000003000000000000000) Importer(815301076,1909f56bfc062723c751e8b465ee728b)
Start importing ProjectSettings/TagManager.asset using Guid(00000000000000003000000000000000) Importer(815301076,1909f56bfc062723c751e8b465ee728b)  -> (artifact id: 'b3ca5fa4d741ecdcb931b60d96c8cf81') in 0.000832 seconds
Number of updated asset objects reloaded before import = 0
Number of asset objects unloaded after import = 0
========================================================================
Received Import Request.
  Time since last request: 20.832001 seconds.
  path: ProjectSettings/TagManager.asset
  artifactKey: Guid(00000000000000003000000000000000) Importer(815301076,1909f56bfc062723c751e8b465ee728b)
Start importing ProjectSettings/TagManager.asset using Guid(00000000000000003000000000000000) Importer(815301076,1909f56bfc062723c751e8b465ee728b)  -> (artifact id: 'c5fc57fcd1a822fb726ab0471e065f3b') in 0.000609 seconds
Number of updated asset objects reloaded before import = 0
Number of asset objects unloaded after import = 0
========================================================================
Received Import Request.
  Time since last request: 214.917758 seconds.
  path: Assets/Plugins/Zenject/OptionalExtras/IntegrationTests/Factories/Resources/TestBindFactory/FooSubContainer.prefab
  artifactKey: Guid(0df504f7c23d1f74e893af212fc7b535) Importer(815301076,1909f56bfc062723c751e8b465ee728b)
Start importing Assets/Plugins/Zenject/OptionalExtras/IntegrationTests/Factories/Resources/TestBindFactory/FooSubContainer.prefab using Guid(0df504f7c23d1f74e893af212fc7b535) Importer(815301076,1909f56bfc062723c751e8b465ee728b)  -> (artifact id: '61bc34ae4d0ce44f8c8e3034d3a54838') in 0.001580 seconds
Number of updated asset objects reloaded before import = 0
Number of asset objects unloaded after import = 8
========================================================================
Received Import Request.
  Time since last request: 0.001419 seconds.
  path: Assets/Prefabs/UI/InventorySlot.prefab
  artifactKey: Guid(90db4effeb00cce4c96d4fd14b273dc3) Importer(815301076,1909f56bfc062723c751e8b465ee728b)
Start importing Assets/Prefabs/UI/InventorySlot.prefab using Guid(90db4effeb00cce4c96d4fd14b273dc3) Importer(815301076,1909f56bfc062723c751e8b465ee728b)  -> (artifact id: 'ba8a008811c995066ab2ef35ac5f7c9b') in 0.009456 seconds
Number of updated asset objects reloaded before import = 0
Number of asset objects unloaded after import = 11
========================================================================
Received Import Request.
  Time since last request: 0.000041 seconds.
  path: Assets/Plugins/Zenject/OptionalExtras/IntegrationTests/Resources/TestFromPrefabResource/JimAndBob.prefab
  artifactKey: Guid(05561107840816746a381fde9952ab93) Importer(815301076,1909f56bfc062723c751e8b465ee728b)
Start importing Assets/Plugins/Zenject/OptionalExtras/IntegrationTests/Resources/TestFromPrefabResource/JimAndBob.prefab using Guid(05561107840816746a381fde9952ab93) Importer(815301076,1909f56bfc062723c751e8b465ee728b)  -> (artifact id: '2f54d85c182f6e1b0f95a632115f6b9f') in 0.001141 seconds
Number of updated asset objects reloaded before import = 0
Number of asset objects unloaded after import = 5
========================================================================
Received Import Request.
  Time since last request: 0.000023 seconds.
  path: Assets/Plugins/Zenject/OptionalExtras/SampleGame1 (Beginner)/Media/Meshes/ship.fbx
  artifactKey: Guid(5233bd3ceb6451a42b7987c6c226ea2b) Importer(815301076,1909f56bfc062723c751e8b465ee728b)
Start importing Assets/Plugins/Zenject/OptionalExtras/SampleGame1 (Beginner)/Media/Meshes/ship.fbx using Guid(5233bd3ceb6451a42b7987c6c226ea2b) Importer(815301076,1909f56bfc062723c751e8b465ee728b)  -> (artifact id: '46b69fd24f169ebb06d5c479c627b8be') in 0.005422 seconds
Number of updated asset objects reloaded before import = 0
Number of asset objects unloaded after import = 18
========================================================================
Received Import Request.
  Time since last request: 0.000011 seconds.
  path: Assets/Prefabs/UI/InventoryPanel.prefab
  artifactKey: Guid(97e078b3e5e1e9742954a77fa9daaf78) Importer(815301076,1909f56bfc062723c751e8b465ee728b)
Start importing Assets/Prefabs/UI/InventoryPanel.prefab using Guid(97e078b3e5e1e9742954a77fa9daaf78) Importer(815301076,1909f56bfc062723c751e8b465ee728b)  -> (artifact id: '2e4b0f96ceacfc06089b717fa8457d19') in 0.002582 seconds
Number of updated asset objects reloaded before import = 0
Number of asset objects unloaded after import = 7
========================================================================
Received Import Request.
  Time since last request: 0.000013 seconds.
  path: Assets/Models/Enemy/MonsterBeforeApplyingModifiers.blend
  artifactKey: Guid(7433920e577acfa4aab520c376509cdb) Importer(815301076,1909f56bfc062723c751e8b465ee728b)
Start importing Assets/Models/Enemy/MonsterBeforeApplyingModifiers.blend using Guid(7433920e577acfa4aab520c376509cdb) Importer(815301076,1909f56bfc062723c751e8b465ee728b)  -> (artifact id: 'ceadedf303c739f03d50cf59c0dd7e6a') in 0.002988 seconds
Number of updated asset objects reloaded before import = 0
Number of asset objects unloaded after import = 111
========================================================================
Received Import Request.
  Time since last request: 340.291054 seconds.
  path: Assets/Prefabs/UI/InventorySlot.prefab
  artifactKey: Guid(90db4effeb00cce4c96d4fd14b273dc3) Importer(815301076,1909f56bfc062723c751e8b465ee728b)
Start importing Assets/Prefabs/UI/InventorySlot.prefab using Guid(90db4effeb00cce4c96d4fd14b273dc3) Importer(815301076,1909f56bfc062723c751e8b465ee728b)  -> (artifact id: '19c833268bedf9d58bff2b698060b5cd') in 0.001705 seconds
Number of updated asset objects reloaded before import = 0
Number of asset objects unloaded after import = 6
========================================================================
Received Import Request.
  Time since last request: 1.463343 seconds.
  path: Assets/Prefabs/UI/InventoryPanel.prefab
  artifactKey: Guid(97e078b3e5e1e9742954a77fa9daaf78) Importer(815301076,1909f56bfc062723c751e8b465ee728b)
Start importing Assets/Prefabs/UI/InventoryPanel.prefab using Guid(97e078b3e5e1e9742954a77fa9daaf78) Importer(815301076,1909f56bfc062723c751e8b465ee728b)  -> (artifact id: '53530c0ba6410cac4ed3d4cfc236a8ba') in 0.001474 seconds
Number of updated asset objects reloaded before import = 0
Number of asset objects unloaded after import = 12
========================================================================
Received Import Request.
  Time since last request: 5.827408 seconds.
  path: Assets/Prefabs/UI/InventoryPanel.prefab
  artifactKey: Guid(97e078b3e5e1e9742954a77fa9daaf78) Importer(815301076,1909f56bfc062723c751e8b465ee728b)
Start importing Assets/Prefabs/UI/InventoryPanel.prefab using Guid(97e078b3e5e1e9742954a77fa9daaf78) Importer(815301076,1909f56bfc062723c751e8b465ee728b)  -> (artifact id: '7c13a1c9935bde431f2e0c6e5867a7af') in 0.001271 seconds
Number of updated asset objects reloaded before import = 0
Number of asset objects unloaded after import = 18
========================================================================
Received Import Request.
  Time since last request: 4.120358 seconds.
  path: Assets/Prefabs/UI/InventoryPanel.prefab
  artifactKey: Guid(97e078b3e5e1e9742954a77fa9daaf78) Importer(815301076,1909f56bfc062723c751e8b465ee728b)
Start importing Assets/Prefabs/UI/InventoryPanel.prefab using Guid(97e078b3e5e1e9742954a77fa9daaf78) Importer(815301076,1909f56bfc062723c751e8b465ee728b)  -> (artifact id: 'e5216cc0f2fe3062cdc3a4c337d95b1f') in 0.001347 seconds
Number of updated asset objects reloaded before import = 0
Number of asset objects unloaded after import = 18
========================================================================
Received Prepare
Begin MonoManager ReloadAssembly
- Loaded All Assemblies, in  0.684 seconds
Refreshing native plugins compatible for Editor in 4.04 ms, found 0 plugins.
Native extension for WindowsStandalone target not found
Native extension for WebGL target not found
Mono: successfully reloaded assembly
- Finished resetting the current domain, in  3.016 seconds
Domain Reload Profiling: 3697ms
	BeginReloadAssembly (163ms)
		ExecutionOrderSort (0ms)
		DisableScriptedObjects (5ms)
		BackupInstance (0ms)
		ReleaseScriptingObjects (0ms)
		CreateAndSetChildDomain (48ms)
	RebuildCommonClasses (39ms)
	RebuildNativeTypeToScriptingClass (9ms)
	initialDomainReloadingComplete (33ms)
	LoadAllAssembliesAndSetupDomain (436ms)
		LoadAssemblies (245ms)
		RebuildTransferFunctionScriptingTraits (0ms)
		AnalyzeDomain (251ms)
			TypeCache.Refresh (230ms)
				TypeCache.ScanAssembly (221ms)
			ScanForSourceGeneratedMonoScriptInfo (0ms)
			ResolveRequiredComponents (21ms)
	FinalizeReload (3017ms)
		ReleaseScriptCaches (0ms)
		RebuildScriptCaches (0ms)
		SetupLoadedEditorAssemblies (2473ms)
			LogAssemblyErrors (0ms)
			InitializePlatformSupportModulesInManaged (7ms)
			SetLoadedEditorAssemblies (3ms)
			RefreshPlugins (0ms)
			BeforeProcessingInitializeOnLoad (94ms)
			ProcessInitializeOnLoadAttributes (304ms)
			ProcessInitializeOnLoadMethodAttributes (2051ms)
			AfterProcessingInitializeOnLoad (10ms)
			EditorAssembliesLoaded (4ms)
		ExecutionOrderSort2 (0ms)
		AwakeInstancesAfterBackupRestoration (133ms)
Refreshing native plugins compatible for Editor in 3.62 ms, found 0 plugins.
Preloading 0 native plugins for Editor in 0.00 ms.
Unloading 4313 Unused Serialized files (Serialized files now loaded: 0)
Unloading 41 unused Assets / (386.2 KB). Loaded Objects now: 5026.
Memory consumption went from 167.4 MB to 167.0 MB.
Total: 14.140300 ms (FindLiveObjects: 0.230300 ms CreateObjectMapping: 0.110800 ms MarkObjects: 13.585100 ms  DeleteObjects: 0.213200 ms)

Prepare: number of updated asset objects reloaded= 0
AssetImportParameters requested are different than current active one (requested -> active):
  custom:container-demuxer-ogg: 62fdf1f143b41e24485cea50d1cbac27 -> 
  custom:video-decoder-ogg-theora: a1e56fd34408186e4bbccfd4996cb3dc -> 
  custom:framework-win-MediaFoundation: 216162199b28c13a410421893ffa2e32 -> 
  custom:CustomObjectIndexerAttribute: a3ef5dd2817f97addfee359851a9dba5 -> 
  custom:container-demuxer-webm: 4f35f7cbe854078d1ac9338744f61a02 -> 
  custom:container-muxer-webm: aa71ff27fc2769a1b78a27578f13a17b -> 
  custom:video-decoder-webm-vp8: 9c59270c3fd7afecdb556c50c9e8de78 -> 
  custom:AudioImporter_EditorPlatform: d09bf68614088b80899f8185d706f6e7 -> 
  custom:video-encoder-webm-vp8: eb34c28f22e8b96e1ab97ce403110664 -> 
  custom:audio-decoder-ogg-vorbis: bf7c407c2cedff20999df2af8eb42d56 -> 
  custom:audio-encoder-webm-vorbis: bf7c407c2cedff20999df2af8eb42d56 -> 
========================================================================
Received Import Request.
  Time since last request: 107.050309 seconds.
  path: Assets/Input
  artifactKey: Guid(6ae387341be3f094c8b4440782d8f08c) Importer(815301076,1909f56bfc062723c751e8b465ee728b)
Start importing Assets/Input using Guid(6ae387341be3f094c8b4440782d8f08c) Importer(815301076,1909f56bfc062723c751e8b465ee728b)  -> (artifact id: '637fefc964a7ea63e2fc2b3188a7eb34') in 0.011351 seconds
Number of updated asset objects reloaded before import = 0
Number of asset objects unloaded after import = 0
========================================================================
Received Import Request.
  Time since last request: 0.038223 seconds.
  path: Assets/Input/MainControls.inputactions
  artifactKey: Guid(ca13a6ace4ce1d948b9c65ac1b047082) Importer(815301076,1909f56bfc062723c751e8b465ee728b)
Start importing Assets/Input/MainControls.inputactions using Guid(ca13a6ace4ce1d948b9c65ac1b047082) Importer(815301076,1909f56bfc062723c751e8b465ee728b)  -> (artifact id: 'ca45522b564bd7001cfb48f7b64e251e') in 0.005582 seconds
Number of updated asset objects reloaded before import = 0
Number of asset objects unloaded after import = 2
========================================================================
Received Import Request.
  Time since last request: 4.822151 seconds.
  path: Assets/Input/SimpleControls.inputactions
  artifactKey: Guid(1efc9b0829288484a8212e587813b945) Importer(815301076,1909f56bfc062723c751e8b465ee728b)
Start importing Assets/Input/SimpleControls.inputactions using Guid(1efc9b0829288484a8212e587813b945) Importer(815301076,1909f56bfc062723c751e8b465ee728b)  -> (artifact id: 'd0ad05bce9d09d982e9ed3d78b49bb48') in 0.001957 seconds
Number of updated asset objects reloaded before import = 0
Number of asset objects unloaded after import = 7
========================================================================
Received Import Request.
  Time since last request: 0.799386 seconds.
  path: Assets/Input/SimpleControls.cs
  artifactKey: Guid(a696350075434bc43bbd223cf68f8575) Importer(815301076,1909f56bfc062723c751e8b465ee728b)
Start importing Assets/Input/SimpleControls.cs using Guid(a696350075434bc43bbd223cf68f8575) Importer(815301076,1909f56bfc062723c751e8b465ee728b)  -> (artifact id: '498fff51ebe7733008ec3f729e19fb6e') in 0.000612 seconds
Number of updated asset objects reloaded before import = 0
Number of asset objects unloaded after import = 0
========================================================================
Received Import Request.
  Time since last request: 39.047501 seconds.
  path: Assets/Settings/Balanced_PipelineAsset.asset
  artifactKey: Guid(0f535669cbbc39d428ce7495790e13e6) Importer(815301076,1909f56bfc062723c751e8b465ee728b)
Start importing Assets/Settings/Balanced_PipelineAsset.asset using Guid(0f535669cbbc39d428ce7495790e13e6) Importer(815301076,1909f56bfc062723c751e8b465ee728b)  -> (artifact id: 'dede09468b29befca4e179d752767b10') in 0.002001 seconds
Number of updated asset objects reloaded before import = 0
Number of asset objects unloaded after import = 2
========================================================================
Received Import Request.
  Time since last request: 0.001199 seconds.
  path: Assets/Settings/High Fidelity_PipelineAsset_ForwardRenderer.asset
  artifactKey: Guid(49eb67db8f991834487b69fd3cc51f3d) Importer(815301076,1909f56bfc062723c751e8b465ee728b)
Start importing Assets/Settings/High Fidelity_PipelineAsset_ForwardRenderer.asset using Guid(49eb67db8f991834487b69fd3cc51f3d) Importer(815301076,1909f56bfc062723c751e8b465ee728b)  -> (artifact id: 'a1254f68e80c8893c5fdcdc56ccde007') in 0.000843 seconds
Number of updated asset objects reloaded before import = 0
Number of asset objects unloaded after import = 0
========================================================================
Received Import Request.
  Time since last request: 0.000063 seconds.
  path: Assets/Settings/URP-Performant-Renderer.asset
  artifactKey: Guid(a2c8823646923064fa72359fe2fd14b7) Importer(815301076,1909f56bfc062723c751e8b465ee728b)
Start importing Assets/Settings/URP-Performant-Renderer.asset using Guid(a2c8823646923064fa72359fe2fd14b7) Importer(815301076,1909f56bfc062723c751e8b465ee728b)  -> (artifact id: '92dd544e7074897939699deeeb2d9eeb') in 0.002538 seconds
Number of updated asset objects reloaded before import = 0
Number of asset objects unloaded after import = 1
========================================================================
Received Import Request.
  Time since last request: 0.000011 seconds.
  path: Assets/Settings/URP-Performant.asset
  artifactKey: Guid(78f10a42f4e9c4742b80d5bea1d7d9cf) Importer(815301076,1909f56bfc062723c751e8b465ee728b)
Start importing Assets/Settings/URP-Performant.asset using Guid(78f10a42f4e9c4742b80d5bea1d7d9cf) Importer(815301076,1909f56bfc062723c751e8b465ee728b)  -> (artifact id: '04657c03562028d29bab3c8a64ea0eab') in 0.002553 seconds
Number of updated asset objects reloaded before import = 0
Number of asset objects unloaded after import = 2
========================================================================
Received Import Request.
  Time since last request: 0.000028 seconds.
  path: Assets/Settings/URP-HighFidelity.asset
  artifactKey: Guid(ab3abc12938a1b84bbae63726267a183) Importer(815301076,1909f56bfc062723c751e8b465ee728b)
Start importing Assets/Settings/URP-HighFidelity.asset using Guid(ab3abc12938a1b84bbae63726267a183) Importer(815301076,1909f56bfc062723c751e8b465ee728b)  -> (artifact id: '539d286514080025fe907bc62d9276ba') in 0.016693 seconds
Number of updated asset objects reloaded before import = 0
Number of asset objects unloaded after import = 11
========================================================================
Received Import Request.
  Time since last request: 0.000020 seconds.
  path: Assets/Settings/Performant_PipelineAsset.asset
  artifactKey: Guid(cc34304d39d21034fa44a8e4c2f33c14) Importer(815301076,1909f56bfc062723c751e8b465ee728b)
Start importing Assets/Settings/Performant_PipelineAsset.asset using Guid(cc34304d39d21034fa44a8e4c2f33c14) Importer(815301076,1909f56bfc062723c751e8b465ee728b)  -> (artifact id: 'f30be121203d3f1d879637010852a6fc') in 0.002202 seconds
Number of updated asset objects reloaded before import = 0
Number of asset objects unloaded after import = 2
========================================================================
Received Import Request.
  Time since last request: 0.000069 seconds.
  path: Assets/Settings/URP-Balanced.asset
  artifactKey: Guid(5af83863a7961f44d87130d02d42f32b) Importer(815301076,1909f56bfc062723c751e8b465ee728b)
Start importing Assets/Settings/URP-Balanced.asset using Guid(5af83863a7961f44d87130d02d42f32b) Importer(815301076,1909f56bfc062723c751e8b465ee728b)  -> (artifact id: '7975308a574ee74c902760336493ffad') in 0.004537 seconds
Number of updated asset objects reloaded before import = 0
Number of asset objects unloaded after import = 10
Editor requested this worker to shutdown with reason: Scaling down because of idle timeout
TcpMessagingSession - receive error: operation aborted. errorcode: 995, details: ќпераци€ ввода/вывода была прервана из-за завершени€ потока команд или по запросу приложени€.
AssetImportWorker is now disconnected from the server
Process exiting
Exiting without the bug reporter. Application will terminate with return code 0