Using pre-set license
Built from '2022.3/staging' branch; Version is '2022.3.4f1 (35713cd46cd7) revision 3502396'; Using compiler version '192829333'; Build Type 'Release'
OS: 'Windows 10  (10.0.19044) 64bit Core' Language: 'ru' Physical Memory: 16265 MB
BatchMode: 1, IsHumanControllingUs: 0, StartBugReporterOnCrash: 0, Is64bit: 1, IsPro: 1

COMMAND LINE ARGUMENTS:
C:\Program Files\Unity\Hub\Editor\2022.3.4f1\Editor\Unity.exe
-adb2
-batchMode
-noUpm
-name
AssetImportWorker5
-projectPath
C:/GitHub/Candle
-logFile
Logs/AssetImportWorker5.log
-srvPort
62092
Successfully changed project path to: C:/GitHub/Candle
C:/GitHub/Candle
[UnityMemory] Configuration Parameters - Can be set up in boot.config
    "memorysetup-bucket-allocator-granularity=16"
    "memorysetup-bucket-allocator-bucket-count=8"
    "memorysetup-bucket-allocator-block-size=33554432"
    "memorysetup-bucket-allocator-block-count=8"
    "memorysetup-main-allocator-block-size=16777216"
    "memorysetup-thread-allocator-block-size=16777216"
    "memorysetup-gfx-main-allocator-block-size=16777216"
    "memorysetup-gfx-thread-allocator-block-size=16777216"
    "memorysetup-cache-allocator-block-size=4194304"
    "memorysetup-typetree-allocator-block-size=2097152"
    "memorysetup-profiler-bucket-allocator-granularity=16"
    "memorysetup-profiler-bucket-allocator-bucket-count=8"
    "memorysetup-profiler-bucket-allocator-block-size=33554432"
    "memorysetup-profiler-bucket-allocator-block-count=8"
    "memorysetup-profiler-allocator-block-size=16777216"
    "memorysetup-profiler-editor-allocator-block-size=1048576"
    "memorysetup-temp-allocator-size-main=16777216"
    "memorysetup-job-temp-allocator-block-size=2097152"
    "memorysetup-job-temp-allocator-block-size-background=1048576"
    "memorysetup-job-temp-allocator-reduction-small-platforms=262144"
    "memorysetup-allocator-temp-initial-block-size-main=262144"
    "memorysetup-allocator-temp-initial-block-size-worker=262144"
    "memorysetup-temp-allocator-size-background-worker=32768"
    "memorysetup-temp-allocator-size-job-worker=262144"
    "memorysetup-temp-allocator-size-preload-manager=33554432"
    "memorysetup-temp-allocator-size-nav-mesh-worker=65536"
    "memorysetup-temp-allocator-size-audio-worker=65536"
    "memorysetup-temp-allocator-size-cloud-worker=32768"
    "memorysetup-temp-allocator-size-gi-baking-worker=262144"
    "memorysetup-temp-allocator-size-gfx=262144"
Player connection [28276] Host "[IP] 192.168.10.12 [Port] 0 [Flags] 2 [Guid] 2628372920 [EditorId] 2628372920 [Version] 1048832 [Id] WindowsEditor(7,DESKTOP-9515GSQ) [Debug] 1 [PackageName] WindowsEditor [ProjectName] Editor" joined multi-casting on [225.0.0.222:54997]...

Player connection [28276] Host "[IP] 192.168.10.12 [Port] 0 [Flags] 2 [Guid] 2628372920 [EditorId] 2628372920 [Version] 1048832 [Id] WindowsEditor(7,DESKTOP-9515GSQ) [Debug] 1 [PackageName] WindowsEditor [ProjectName] Editor" joined alternative multi-casting on [225.0.0.222:34997]...

Refreshing native plugins compatible for Editor in 464.15 ms, found 0 plugins.
Preloading 0 native plugins for Editor in 0.00 ms.
Initialize engine version: 2022.3.4f1 (35713cd46cd7)
[Subsystems] Discovering subsystems at path C:/Program Files/Unity/Hub/Editor/2022.3.4f1/Editor/Data/Resources/UnitySubsystems
[Subsystems] Discovering subsystems at path C:/GitHub/Candle/Assets
GfxDevice: creating device client; threaded=0; jobified=0
Direct3D:
    Version:  Direct3D 11.0 [level 11.1]
    Renderer: NVIDIA GeForce RTX 3070 (ID=0x2484)
    Vendor:   NVIDIA
    VRAM:     8031 MB
    Driver:   31.0.15.3203
Initialize mono
Mono path[0] = 'C:/Program Files/Unity/Hub/Editor/2022.3.4f1/Editor/Data/Managed'
Mono path[1] = 'C:/Program Files/Unity/Hub/Editor/2022.3.4f1/Editor/Data/MonoBleedingEdge/lib/mono/unityjit-win32'
Mono config path = 'C:/Program Files/Unity/Hub/Editor/2022.3.4f1/Editor/Data/MonoBleedingEdge/etc'
Using monoOptions --debugger-agent=transport=dt_socket,embedding=1,server=y,suspend=n,address=127.0.0.1:56180
Begin MonoManager ReloadAssembly
Registering precompiled unity dll's ...
Register platform support module: C:/Program Files/Unity/Hub/Editor/2022.3.4f1/Editor/Data/PlaybackEngines/WebGLSupport/UnityEditor.WebGL.Extensions.dll
Register platform support module: C:/Program Files/Unity/Hub/Editor/2022.3.4f1/Editor/Data/PlaybackEngines/WindowsStandaloneSupport/UnityEditor.WindowsStandalone.Extensions.dll
Registered in 0.019329 seconds.
- Loaded All Assemblies, in  0.970 seconds
Native extension for WindowsStandalone target not found
Native extension for WebGL target not found
Mono: successfully reloaded assembly
- Finished resetting the current domain, in  0.377 seconds
Domain Reload Profiling: 1343ms
	BeginReloadAssembly (133ms)
		ExecutionOrderSort (0ms)
		DisableScriptedObjects (0ms)
		BackupInstance (0ms)
		ReleaseScriptingObjects (0ms)
		CreateAndSetChildDomain (1ms)
	RebuildCommonClasses (171ms)
	RebuildNativeTypeToScriptingClass (14ms)
	initialDomainReloadingComplete (91ms)
	LoadAllAssembliesAndSetupDomain (556ms)
		LoadAssemblies (129ms)
		RebuildTransferFunctionScriptingTraits (0ms)
		AnalyzeDomain (545ms)
			TypeCache.Refresh (544ms)
				TypeCache.ScanAssembly (309ms)
			ScanForSourceGeneratedMonoScriptInfo (0ms)
			ResolveRequiredComponents (1ms)
	FinalizeReload (377ms)
		ReleaseScriptCaches (0ms)
		RebuildScriptCaches (0ms)
		SetupLoadedEditorAssemblies (292ms)
			LogAssemblyErrors (0ms)
			InitializePlatformSupportModulesInManaged (19ms)
			SetLoadedEditorAssemblies (8ms)
			RefreshPlugins (0ms)
			BeforeProcessingInitializeOnLoad (3ms)
			ProcessInitializeOnLoadAttributes (193ms)
			ProcessInitializeOnLoadMethodAttributes (68ms)
			AfterProcessingInitializeOnLoad (0ms)
			EditorAssembliesLoaded (0ms)
		ExecutionOrderSort2 (0ms)
		AwakeInstancesAfterBackupRestoration (0ms)
========================================================================
Worker process is ready to serve import requests
Begin MonoManager ReloadAssembly
- Loaded All Assemblies, in  1.291 seconds
Refreshing native plugins compatible for Editor in 10.67 ms, found 0 plugins.
Native extension for WindowsStandalone target not found
Native extension for WebGL target not found
Mono: successfully reloaded assembly
- Finished resetting the current domain, in  5.733 seconds
Domain Reload Profiling: 7030ms
	BeginReloadAssembly (194ms)
		ExecutionOrderSort (0ms)
		DisableScriptedObjects (7ms)
		BackupInstance (0ms)
		ReleaseScriptingObjects (0ms)
		CreateAndSetChildDomain (31ms)
	RebuildCommonClasses (54ms)
	RebuildNativeTypeToScriptingClass (15ms)
	initialDomainReloadingComplete (74ms)
	LoadAllAssembliesAndSetupDomain (944ms)
		LoadAssemblies (483ms)
		RebuildTransferFunctionScriptingTraits (0ms)
		AnalyzeDomain (542ms)
			TypeCache.Refresh (467ms)
				TypeCache.ScanAssembly (449ms)
			ScanForSourceGeneratedMonoScriptInfo (52ms)
			ResolveRequiredComponents (23ms)
	FinalizeReload (5748ms)
		ReleaseScriptCaches (0ms)
		RebuildScriptCaches (0ms)
		SetupLoadedEditorAssemblies (4151ms)
			LogAssemblyErrors (0ms)
			InitializePlatformSupportModulesInManaged (14ms)
			SetLoadedEditorAssemblies (6ms)
			RefreshPlugins (0ms)
			BeforeProcessingInitializeOnLoad (183ms)
			ProcessInitializeOnLoadAttributes (625ms)
			ProcessInitializeOnLoadMethodAttributes (3167ms)
			AfterProcessingInitializeOnLoad (32ms)
			EditorAssembliesLoaded (124ms)
		ExecutionOrderSort2 (0ms)
		AwakeInstancesAfterBackupRestoration (475ms)
Launched and connected shader compiler UnityShaderCompiler.exe after 0.85 seconds
Refreshing native plugins compatible for Editor in 6.30 ms, found 0 plugins.
Preloading 0 native plugins for Editor in 0.00 ms.
Unloading 4503 Unused Serialized files (Serialized files now loaded: 0)
Unloading 82 unused Assets / (397.0 KB). Loaded Objects now: 5024.
Memory consumption went from 203.0 MB to 202.6 MB.
Total: 47.748700 ms (FindLiveObjects: 1.750600 ms CreateObjectMapping: 9.992400 ms MarkObjects: 35.642700 ms  DeleteObjects: 0.360500 ms)

AssetImportParameters requested are different than current active one (requested -> active):
  custom:container-demuxer-ogg: 62fdf1f143b41e24485cea50d1cbac27 -> 
  custom:video-decoder-ogg-theora: a1e56fd34408186e4bbccfd4996cb3dc -> 
  custom:framework-win-MediaFoundation: 216162199b28c13a410421893ffa2e32 -> 
  custom:CustomObjectIndexerAttribute: a3ef5dd2817f97addfee359851a9dba5 -> 
  custom:container-demuxer-webm: 4f35f7cbe854078d1ac9338744f61a02 -> 
  custom:container-muxer-webm: aa71ff27fc2769a1b78a27578f13a17b -> 
  custom:video-decoder-webm-vp8: 9c59270c3fd7afecdb556c50c9e8de78 -> 
  custom:AudioImporter_EditorPlatform: d09bf68614088b80899f8185d706f6e7 -> 
  custom:video-encoder-webm-vp8: eb34c28f22e8b96e1ab97ce403110664 -> 
  custom:audio-decoder-ogg-vorbis: bf7c407c2cedff20999df2af8eb42d56 -> 
  custom:audio-encoder-webm-vorbis: bf7c407c2cedff20999df2af8eb42d56 -> 
========================================================================
Received Import Request.
  Time since last request: 332435.681592 seconds.
  path: Assets/Plugins/Zenject/OptionalExtras/IntegrationTests/Tests/SceneTests
  artifactKey: Guid(200f00239d5486843805ee57784bebd2) Importer(2089858483,0ecaa5967403d082aa24f35e1b516d23)
Start importing Assets/Plugins/Zenject/OptionalExtras/IntegrationTests/Tests/SceneTests using Guid(200f00239d5486843805ee57784bebd2) Importer(2089858483,0ecaa5967403d082aa24f35e1b516d23)  -> (artifact id: '20e688d23a91b1f2c0bc161de6bdbad2') in 1.695899 seconds
Number of updated asset objects reloaded before import = 0
Number of asset objects unloaded after import = 1
========================================================================
Received Import Request.
  Time since last request: 0.000041 seconds.
  path: Assets/Plugins/Zenject/OptionalExtras/SampleGame2 (Advanced)/Media/Prefabs/Bullet.prefab
  artifactKey: Guid(3572d657199f05c4d91ca0e8394115f6) Importer(2089858483,3d70f49cd1c2eb9ae422958d1c652c6b)
Start importing Assets/Plugins/Zenject/OptionalExtras/SampleGame2 (Advanced)/Media/Prefabs/Bullet.prefab using Guid(3572d657199f05c4d91ca0e8394115f6) Importer(2089858483,3d70f49cd1c2eb9ae422958d1c652c6b)  -> (artifact id: '6cb69dd2f5673c76d8b904378b7a8485') in 0.263899 seconds
Number of updated asset objects reloaded before import = 0
Number of asset objects unloaded after import = 8
========================================================================
Received Import Request.
  Time since last request: 0.000026 seconds.
  path: Assets
  artifactKey: Guid(00000000000000001000000000000000) Importer(2089858483,0ecaa5967403d082aa24f35e1b516d23)
Start importing Assets using Guid(00000000000000001000000000000000) Importer(2089858483,0ecaa5967403d082aa24f35e1b516d23)  -> (artifact id: '81e0cbcf95d077ebf25960aa3c7e201b') in 0.016236 seconds
Number of updated asset objects reloaded before import = 0
Number of asset objects unloaded after import = 1
========================================================================
Received Import Request.
  Time since last request: 0.000054 seconds.
  path: Assets/Plugins/Zenject/OptionalExtras/IntegrationTests/Resources/TestFromPrefabResource/Gorp.prefab
  artifactKey: Guid(5fe1a85d4dfd431438cb554b95cb17fd) Importer(2089858483,3d70f49cd1c2eb9ae422958d1c652c6b)
Start importing Assets/Plugins/Zenject/OptionalExtras/IntegrationTests/Resources/TestFromPrefabResource/Gorp.prefab using Guid(5fe1a85d4dfd431438cb554b95cb17fd) Importer(2089858483,3d70f49cd1c2eb9ae422958d1c652c6b)  -> (artifact id: 'bea0771d5107d46160027929c0a6b7e8') in 0.143868 seconds
Number of updated asset objects reloaded before import = 0
Number of asset objects unloaded after import = 5
========================================================================
Received Import Request.
  Time since last request: 0.000023 seconds.
  path: Assets/Models/Floor/SafeRoom/SafeRoomFloor 1.mat
  artifactKey: Guid(8f800cbfaa388cd44bba240f77f5437a) Importer(2089858483,0ecaa5967403d082aa24f35e1b516d23)
Start importing Assets/Models/Floor/SafeRoom/SafeRoomFloor 1.mat using Guid(8f800cbfaa388cd44bba240f77f5437a) Importer(2089858483,0ecaa5967403d082aa24f35e1b516d23)  -> (artifact id: 'bc059884f6ff59a22ea31b42a68c3dcc') in 0.232039 seconds
Number of updated asset objects reloaded before import = 0
Number of asset objects unloaded after import = 1
========================================================================
Received Import Request.
  Time since last request: 0.000033 seconds.
  path: Assets/Plugins/Zenject/OptionalExtras/SampleGame1 (Beginner)/Prefabs/Fire.prefab
  artifactKey: Guid(90f5eec03ae1aa741ba5ffd2f9860b13) Importer(2089858483,3d70f49cd1c2eb9ae422958d1c652c6b)
Start importing Assets/Plugins/Zenject/OptionalExtras/SampleGame1 (Beginner)/Prefabs/Fire.prefab using Guid(90f5eec03ae1aa741ba5ffd2f9860b13) Importer(2089858483,3d70f49cd1c2eb9ae422958d1c652c6b)  -> (artifact id: '45e85146b60ff267061a5b0598aa152b') in 0.114206 seconds
Number of updated asset objects reloaded before import = 0
Number of asset objects unloaded after import = 4
========================================================================
Received Import Request.
  Time since last request: 0.000030 seconds.
  path: Assets/Thirdparty/Sirenix/Odin Inspector
  artifactKey: Guid(95bb668fca197464e9eef82fa5dfa3f4) Importer(2089858483,0ecaa5967403d082aa24f35e1b516d23)
Start importing Assets/Thirdparty/Sirenix/Odin Inspector using Guid(95bb668fca197464e9eef82fa5dfa3f4) Importer(2089858483,0ecaa5967403d082aa24f35e1b516d23)  -> (artifact id: '8a607c14ca0e0a30ae7c4011eded6adc') in 0.014715 seconds
Number of updated asset objects reloaded before import = 0
Number of asset objects unloaded after import = 1
========================================================================
Received Import Request.
  Time since last request: 0.000019 seconds.
  path: Assets/Thirdparty/Sirenix/Odin Inspector/Config/Resources
  artifactKey: Guid(a0f90c43d06addd4cb73b4efd5203a58) Importer(2089858483,0ecaa5967403d082aa24f35e1b516d23)
Start importing Assets/Thirdparty/Sirenix/Odin Inspector/Config/Resources using Guid(a0f90c43d06addd4cb73b4efd5203a58) Importer(2089858483,0ecaa5967403d082aa24f35e1b516d23)  -> (artifact id: '29dc93057dd06aa9552b79b4b58ec9f2') in 0.085835 seconds
Number of updated asset objects reloaded before import = 0
Number of asset objects unloaded after import = 1
========================================================================
Received Import Request.
  Time since last request: 0.000019 seconds.
  path: Assets/Plugins/Zenject/OptionalExtras/SampleGame1 (Beginner)/Media/Imported/SpaceShip/Textures
  artifactKey: Guid(e5e1430713e208d4c895dffb6a8dbce8) Importer(2089858483,0ecaa5967403d082aa24f35e1b516d23)
Start importing Assets/Plugins/Zenject/OptionalExtras/SampleGame1 (Beginner)/Media/Imported/SpaceShip/Textures using Guid(e5e1430713e208d4c895dffb6a8dbce8) Importer(2089858483,0ecaa5967403d082aa24f35e1b516d23)  -> (artifact id: '82972962b7630135fc8addd1b358518d') in 0.016671 seconds
Number of updated asset objects reloaded before import = 0
Number of asset objects unloaded after import = 1
========================================================================
Received Import Request.
  Time since last request: 0.002913 seconds.
  path: Assets/Thirdparty/Sirenix/Assemblies/NoEditor
  artifactKey: Guid(47257c77491e24c4f8887864ee0857f0) Importer(2089858483,0ecaa5967403d082aa24f35e1b516d23)
Start importing Assets/Thirdparty/Sirenix/Assemblies/NoEditor using Guid(47257c77491e24c4f8887864ee0857f0) Importer(2089858483,0ecaa5967403d082aa24f35e1b516d23)  -> (artifact id: '5a88882afad0eb6fc4ec58caf21bd320') in 0.016202 seconds
Number of updated asset objects reloaded before import = 0
Number of asset objects unloaded after import = 1
========================================================================
Received Import Request.
  Time since last request: 0.000082 seconds.
  path: Assets/Plugins/Zenject/OptionalExtras/IntegrationTests/Factories/Resources/TestBindFactory/Bar.asset
  artifactKey: Guid(0d482ba2d99bbef48bbed3c1116eda72) Importer(2089858483,3d70f49cd1c2eb9ae422958d1c652c6b)
Start importing Assets/Plugins/Zenject/OptionalExtras/IntegrationTests/Factories/Resources/TestBindFactory/Bar.asset using Guid(0d482ba2d99bbef48bbed3c1116eda72) Importer(2089858483,3d70f49cd1c2eb9ae422958d1c652c6b)  -> (artifact id: 'f80bff31b25384a542dd902fd5be027a') in 0.022405 seconds
Number of updated asset objects reloaded before import = 0
Number of asset objects unloaded after import = 1
========================================================================
Received Import Request.
  Time since last request: 0.000024 seconds.
  path: Assets/Plugins/Zenject/OptionalExtras/IntegrationTests/Installers/Resources/TestScriptableObjectInstallers/FooInstaller.asset
  artifactKey: Guid(47b0139c04314844983875fdc049f487) Importer(2089858483,3d70f49cd1c2eb9ae422958d1c652c6b)
Start importing Assets/Plugins/Zenject/OptionalExtras/IntegrationTests/Installers/Resources/TestScriptableObjectInstallers/FooInstaller.asset using Guid(47b0139c04314844983875fdc049f487) Importer(2089858483,3d70f49cd1c2eb9ae422958d1c652c6b)  -> (artifact id: '891c1a3ab38698f8379e2b8be0ae9e33') in 0.022564 seconds
Number of updated asset objects reloaded before import = 0
Number of asset objects unloaded after import = 1
========================================================================
Received Import Request.
  Time since last request: 0.000032 seconds.
  path: Assets/Plugins/Zenject/OptionalExtras/IntegrationTests/Tests/Misc/TestZenAutoInjecter
  artifactKey: Guid(398aa0fd82b72ee439eba559efbe68ce) Importer(2089858483,0ecaa5967403d082aa24f35e1b516d23)
Start importing Assets/Plugins/Zenject/OptionalExtras/IntegrationTests/Tests/Misc/TestZenAutoInjecter using Guid(398aa0fd82b72ee439eba559efbe68ce) Importer(2089858483,0ecaa5967403d082aa24f35e1b516d23)  -> (artifact id: 'b57d6a97b99035a9a5c2c6205847ab62') in 0.013766 seconds
Number of updated asset objects reloaded before import = 0
Number of asset objects unloaded after import = 1
========================================================================
Received Import Request.
  Time since last request: 0.000030 seconds.
  path: Assets/Plugins/UniRx/Examples
  artifactKey: Guid(ce63642798928d64bbebacdbce3db184) Importer(2089858483,0ecaa5967403d082aa24f35e1b516d23)
Start importing Assets/Plugins/UniRx/Examples using Guid(ce63642798928d64bbebacdbce3db184) Importer(2089858483,0ecaa5967403d082aa24f35e1b516d23)  -> (artifact id: '929f3de3129f9ce8f5ce6ef06ca6d4c7') in 0.013910 seconds
Number of updated asset objects reloaded before import = 0
Number of asset objects unloaded after import = 1
========================================================================
Received Import Request.
  Time since last request: 0.000021 seconds.
  path: Assets/Plugins/Zenject/OptionalExtras/IntegrationTests/Tests/Bindings/TestFromGameObjectInstaller
  artifactKey: Guid(0c4b7ffa015847c4a92f211f66e09d8f) Importer(2089858483,0ecaa5967403d082aa24f35e1b516d23)
Start importing Assets/Plugins/Zenject/OptionalExtras/IntegrationTests/Tests/Bindings/TestFromGameObjectInstaller using Guid(0c4b7ffa015847c4a92f211f66e09d8f) Importer(2089858483,0ecaa5967403d082aa24f35e1b516d23)  -> (artifact id: 'c70caa145532beee5ff48741a03e7575') in 0.089698 seconds
Number of updated asset objects reloaded before import = 0
Number of asset objects unloaded after import = 1
========================================================================
Received Import Request.
  Time since last request: 0.000020 seconds.
  path: Assets/Plugins/Zenject/OptionalExtras/UnitTests/Editor/Conditions
  artifactKey: Guid(455c49111ec76864f949ccdca91e811d) Importer(2089858483,0ecaa5967403d082aa24f35e1b516d23)
Start importing Assets/Plugins/Zenject/OptionalExtras/UnitTests/Editor/Conditions using Guid(455c49111ec76864f949ccdca91e811d) Importer(2089858483,0ecaa5967403d082aa24f35e1b516d23)  -> (artifact id: '019c6764ce0519ab89432d752a33bc9f') in 0.015383 seconds
Number of updated asset objects reloaded before import = 0
Number of asset objects unloaded after import = 1
========================================================================
Received Import Request.
  Time since last request: 0.000019 seconds.
  path: Assets/Scripts
  artifactKey: Guid(684031f19315ec349b39c367efe0ae39) Importer(2089858483,0ecaa5967403d082aa24f35e1b516d23)
Start importing Assets/Scripts using Guid(684031f19315ec349b39c367efe0ae39) Importer(2089858483,0ecaa5967403d082aa24f35e1b516d23)  -> (artifact id: '781650d8aabbfb8f2ab3525d7a03969c') in 0.013928 seconds
Number of updated asset objects reloaded before import = 0
Number of asset objects unloaded after import = 1
========================================================================
Received Import Request.
  Time since last request: 0.000021 seconds.
  path: Assets/Thirdparty/Sirenix/Odin Inspector/Assets/Editor
  artifactKey: Guid(6a4bacb88ad38904f94fce909ff35536) Importer(2089858483,0ecaa5967403d082aa24f35e1b516d23)
Start importing Assets/Thirdparty/Sirenix/Odin Inspector/Assets/Editor using Guid(6a4bacb88ad38904f94fce909ff35536) Importer(2089858483,0ecaa5967403d082aa24f35e1b516d23)  -> (artifact id: 'cae779a4a56ec4a166ce186672447cbd') in 0.014430 seconds
Number of updated asset objects reloaded before import = 0
Number of asset objects unloaded after import = 1
========================================================================
Received Import Request.
  Time since last request: 0.000047 seconds.
  path: Assets/Scenes/SafePlaceScene.unity
  artifactKey: Guid(c131a4f9f09811c42bf7649339248c94) Importer(2089858483,0ecaa5967403d082aa24f35e1b516d23)
Start importing Assets/Scenes/SafePlaceScene.unity using Guid(c131a4f9f09811c42bf7649339248c94) Importer(2089858483,0ecaa5967403d082aa24f35e1b516d23)  -> (artifact id: '5fa22ed7782b5a8d5cc32a1ef99ea625') in 0.014682 seconds
Number of updated asset objects reloaded before import = 0
Number of asset objects unloaded after import = 1
========================================================================
Received Import Request.
  Time since last request: 0.000751 seconds.
  path: Assets/Plugins/Zenject/OptionalExtras/IntegrationTests/Tests/IntegrationTestTester
  artifactKey: Guid(818a9fdfa7e08a943821b3576cdcfb17) Importer(2089858483,0ecaa5967403d082aa24f35e1b516d23)
Start importing Assets/Plugins/Zenject/OptionalExtras/IntegrationTests/Tests/IntegrationTestTester using Guid(818a9fdfa7e08a943821b3576cdcfb17) Importer(2089858483,0ecaa5967403d082aa24f35e1b516d23)  -> (artifact id: 'ff1f3daa216e50172966228db9812d15') in 0.018229 seconds
Number of updated asset objects reloaded before import = 0
Number of asset objects unloaded after import = 1
========================================================================
Received Import Request.
  Time since last request: 0.000018 seconds.
  path: Assets/Models/Floor/Floor1x1/FloorTile Variant.prefab
  artifactKey: Guid(b94c946e113eb454c8a7ed8c4522df38) Importer(2089858483,3d70f49cd1c2eb9ae422958d1c652c6b)
Start importing Assets/Models/Floor/Floor1x1/FloorTile Variant.prefab using Guid(b94c946e113eb454c8a7ed8c4522df38) Importer(2089858483,3d70f49cd1c2eb9ae422958d1c652c6b)  -> (artifact id: '04d19212a367b51ef211b9f7312ba310') in 0.031665 seconds
Number of updated asset objects reloaded before import = 0
Number of asset objects unloaded after import = 1
========================================================================
Received Import Request.
  Time since last request: 0.000019 seconds.
  path: Assets/Plugins/Zenject/OptionalExtras/IntegrationTests/Misc/TestZenAutoInjecter/Resources
  artifactKey: Guid(e8df286cfac30ee4285ca34c23ab01cf) Importer(2089858483,0ecaa5967403d082aa24f35e1b516d23)
Start importing Assets/Plugins/Zenject/OptionalExtras/IntegrationTests/Misc/TestZenAutoInjecter/Resources using Guid(e8df286cfac30ee4285ca34c23ab01cf) Importer(2089858483,0ecaa5967403d082aa24f35e1b516d23)  -> (artifact id: 'be58d71fc308755d5f7a03dcb1d4ea32') in 0.021011 seconds
Number of updated asset objects reloaded before import = 0
Number of asset objects unloaded after import = 1
========================================================================
Received Import Request.
  Time since last request: 0.000017 seconds.
  path: Assets/Models/SafeRoom/Wood.001.mat
  artifactKey: Guid(db1223b2ff2ef194786f1c891c1ba4f0) Importer(2089858483,0ecaa5967403d082aa24f35e1b516d23)
Start importing Assets/Models/SafeRoom/Wood.001.mat using Guid(db1223b2ff2ef194786f1c891c1ba4f0) Importer(2089858483,0ecaa5967403d082aa24f35e1b516d23)  -> (artifact id: '5a5c61afb196ed8451a9f56f0d66c8ff') in 0.032999 seconds
Number of updated asset objects reloaded before import = 0
Number of asset objects unloaded after import = 1
========================================================================
Received Import Request.
  Time since last request: 0.000022 seconds.
  path: Assets/Settings/URP-Balanced.asset
  artifactKey: Guid(5af83863a7961f44d87130d02d42f32b) Importer(2089858483,3d70f49cd1c2eb9ae422958d1c652c6b)
Start importing Assets/Settings/URP-Balanced.asset using Guid(5af83863a7961f44d87130d02d42f32b) Importer(2089858483,3d70f49cd1c2eb9ae422958d1c652c6b)  -> (artifact id: 'bead3214828384e6f7526999a0e8184f') in 0.051987 seconds
Number of updated asset objects reloaded before import = 0
Number of asset objects unloaded after import = 2
========================================================================
Received Import Request.
  Time since last request: 0.000073 seconds.
  path: Assets/Plugins/Zenject/OptionalExtras/IntegrationTests/Tests/Util
  artifactKey: Guid(00abe84b209155947b017c47ad295b81) Importer(2089858483,0ecaa5967403d082aa24f35e1b516d23)
Start importing Assets/Plugins/Zenject/OptionalExtras/IntegrationTests/Tests/Util using Guid(00abe84b209155947b017c47ad295b81) Importer(2089858483,0ecaa5967403d082aa24f35e1b516d23)  -> (artifact id: '3f992d64cc391bfbb997fdbb1b470ba2') in 0.016148 seconds
Number of updated asset objects reloaded before import = 0
Number of asset objects unloaded after import = 1
========================================================================
Received Import Request.
  Time since last request: 0.000030 seconds.
  path: Assets/Plugins/Zenject/OptionalExtras/IntegrationTests/Tests/Factories/TestBindFactoryFive
  artifactKey: Guid(af0637cc46d07aa4ea1eea26924af8fe) Importer(2089858483,0ecaa5967403d082aa24f35e1b516d23)
Start importing Assets/Plugins/Zenject/OptionalExtras/IntegrationTests/Tests/Factories/TestBindFactoryFive using Guid(af0637cc46d07aa4ea1eea26924af8fe) Importer(2089858483,0ecaa5967403d082aa24f35e1b516d23)  -> (artifact id: '4450c792dffd4dde782f40bdb8ae11a6') in 0.063144 seconds
Number of updated asset objects reloaded before import = 0
Number of asset objects unloaded after import = 1
========================================================================
Received Import Request.
  Time since last request: 0.000018 seconds.
  path: Assets/Plugins/Zenject/OptionalExtras/UnitTests
  artifactKey: Guid(105eaff0bf408be49a00f4ac458489e7) Importer(2089858483,0ecaa5967403d082aa24f35e1b516d23)
Start importing Assets/Plugins/Zenject/OptionalExtras/UnitTests using Guid(105eaff0bf408be49a00f4ac458489e7) Importer(2089858483,0ecaa5967403d082aa24f35e1b516d23)  -> (artifact id: '620d83b1da489b82d50c9b5c4ba1e09c') in 0.017209 seconds
Number of updated asset objects reloaded before import = 0
Number of asset objects unloaded after import = 1
========================================================================
Received Import Request.
  Time since last request: 0.000017 seconds.
  path: Assets/Thirdparty/TextMesh Pro/Resources
  artifactKey: Guid(6b36b95fa4ed9c94ca1ed79fae006118) Importer(2089858483,0ecaa5967403d082aa24f35e1b516d23)
Start importing Assets/Thirdparty/TextMesh Pro/Resources using Guid(6b36b95fa4ed9c94ca1ed79fae006118) Importer(2089858483,0ecaa5967403d082aa24f35e1b516d23)  -> (artifact id: 'cc713ff695432226c26964b90ec046e6') in 0.024926 seconds
Number of updated asset objects reloaded before import = 0
Number of asset objects unloaded after import = 1
========================================================================
Received Import Request.
  Time since last request: 0.000019 seconds.
  path: Assets/Plugins/Zenject/Source/Binding/Binders/Factory/FactoryFromBinder
  artifactKey: Guid(992838706a30cb949a6e62bb3467e7a6) Importer(2089858483,0ecaa5967403d082aa24f35e1b516d23)
Start importing Assets/Plugins/Zenject/Source/Binding/Binders/Factory/FactoryFromBinder using Guid(992838706a30cb949a6e62bb3467e7a6) Importer(2089858483,0ecaa5967403d082aa24f35e1b516d23)  -> (artifact id: '348850283706e49c1eaa564498615a5f') in 0.026883 seconds
Number of updated asset objects reloaded before import = 0
Number of asset objects unloaded after import = 1
========================================================================
Received Import Request.
  Time since last request: 0.000016 seconds.
  path: Assets/Plugins/Zenject/Source/Providers/SubContainerCreators
  artifactKey: Guid(1a0d5f39db1c0ae4c858abb0bb00cf35) Importer(2089858483,0ecaa5967403d082aa24f35e1b516d23)
Start importing Assets/Plugins/Zenject/Source/Providers/SubContainerCreators using Guid(1a0d5f39db1c0ae4c858abb0bb00cf35) Importer(2089858483,0ecaa5967403d082aa24f35e1b516d23)  -> (artifact id: 'a66fb2913d1277b933e300aee9c8c9d5') in 0.013685 seconds
Number of updated asset objects reloaded before import = 0
Number of asset objects unloaded after import = 1
========================================================================
Received Import Request.
  Time since last request: 0.000018 seconds.
  path: Assets/Models/Candle
  artifactKey: Guid(a7faa3eff829a9243ad458637a580bfe) Importer(2089858483,0ecaa5967403d082aa24f35e1b516d23)
Start importing Assets/Models/Candle using Guid(a7faa3eff829a9243ad458637a580bfe) Importer(2089858483,0ecaa5967403d082aa24f35e1b516d23)  -> (artifact id: '600a7b2ad35fcc7f5597009c0d6a406f') in 0.021079 seconds
Number of updated asset objects reloaded before import = 0
Number of asset objects unloaded after import = 1
========================================================================
Received Import Request.
  Time since last request: 0.000021 seconds.
  path: Assets/Plugins/Zenject/OptionalExtras/IntegrationTests/Factories/PrefabFactory
  artifactKey: Guid(0f714dee8502d9943ad25552fb4bf9f2) Importer(2089858483,0ecaa5967403d082aa24f35e1b516d23)
Start importing Assets/Plugins/Zenject/OptionalExtras/IntegrationTests/Factories/PrefabFactory using Guid(0f714dee8502d9943ad25552fb4bf9f2) Importer(2089858483,0ecaa5967403d082aa24f35e1b516d23)  -> (artifact id: '0042129a7485f1843834e66e0ff7bae7') in 0.020709 seconds
Number of updated asset objects reloaded before import = 0
Number of asset objects unloaded after import = 1
========================================================================
Received Import Request.
  Time since last request: 0.000031 seconds.
  path: Assets/Plugins/Zenject/Source/Providers/GameObjectProviders
  artifactKey: Guid(d4f8da25305261045b508aa6684c36e6) Importer(2089858483,0ecaa5967403d082aa24f35e1b516d23)
Start importing Assets/Plugins/Zenject/Source/Providers/GameObjectProviders using Guid(d4f8da25305261045b508aa6684c36e6) Importer(2089858483,0ecaa5967403d082aa24f35e1b516d23)  -> (artifact id: '6e21123720d78b33f7d3eb1b83fbb20d') in 0.029184 seconds
Number of updated asset objects reloaded before import = 0
Number of asset objects unloaded after import = 1
========================================================================
Received Import Request.
  Time since last request: 0.000019 seconds.
  path: Assets/Plugins/Zenject/OptionalExtras/SampleGame2 (Advanced)/Resources
  artifactKey: Guid(ab701a973d9334c4cbda7f6297da9431) Importer(2089858483,0ecaa5967403d082aa24f35e1b516d23)
Start importing Assets/Plugins/Zenject/OptionalExtras/SampleGame2 (Advanced)/Resources using Guid(ab701a973d9334c4cbda7f6297da9431) Importer(2089858483,0ecaa5967403d082aa24f35e1b516d23)  -> (artifact id: 'f5210dc6b9a1da92569ff8edace443ca') in 0.032789 seconds
Number of updated asset objects reloaded before import = 0
Number of asset objects unloaded after import = 1
========================================================================
Received Import Request.
  Time since last request: 0.000020 seconds.
  path: Assets/Plugins/Zenject/Source/Install/Contexts
  artifactKey: Guid(9979b777906329f47a0cb87e79720f91) Importer(2089858483,0ecaa5967403d082aa24f35e1b516d23)
Start importing Assets/Plugins/Zenject/Source/Install/Contexts using Guid(9979b777906329f47a0cb87e79720f91) Importer(2089858483,0ecaa5967403d082aa24f35e1b516d23)  -> (artifact id: '545e2afb043ea4300f64d3e0a42afa55') in 0.017796 seconds
Number of updated asset objects reloaded before import = 0
Number of asset objects unloaded after import = 1
========================================================================
Received Import Request.
  Time since last request: 0.000038 seconds.
  path: Assets/Thirdparty/TextMesh Pro/Documentation
  artifactKey: Guid(b97254d4e8699cd42b3cfd5dd908ed57) Importer(2089858483,0ecaa5967403d082aa24f35e1b516d23)
Start importing Assets/Thirdparty/TextMesh Pro/Documentation using Guid(b97254d4e8699cd42b3cfd5dd908ed57) Importer(2089858483,0ecaa5967403d082aa24f35e1b516d23)  -> (artifact id: 'fa540dbc3ff242a2042b6d2c0df22ff5') in 0.027153 seconds
Number of updated asset objects reloaded before import = 0
Number of asset objects unloaded after import = 1
========================================================================
Received Import Request.
  Time since last request: 0.000013 seconds.
  path: Assets/Plugins/Zenject/OptionalExtras/SampleGame1 (Beginner)/Media
  artifactKey: Guid(93d48df2e61838e49984edcf1bf5a127) Importer(2089858483,0ecaa5967403d082aa24f35e1b516d23)
Start importing Assets/Plugins/Zenject/OptionalExtras/SampleGame1 (Beginner)/Media using Guid(93d48df2e61838e49984edcf1bf5a127) Importer(2089858483,0ecaa5967403d082aa24f35e1b516d23)  -> (artifact id: '8c849627fb5ba15c5db924d17969506d') in 0.018691 seconds
Number of updated asset objects reloaded before import = 0
Number of asset objects unloaded after import = 1
========================================================================
Received Import Request.
  Time since last request: 0.000020 seconds.
  path: Assets/Thirdparty/Ciathyza/Gridbox Prototype Materials
  artifactKey: Guid(874b1a87109918041857033edf7264b6) Importer(2089858483,0ecaa5967403d082aa24f35e1b516d23)
Start importing Assets/Thirdparty/Ciathyza/Gridbox Prototype Materials using Guid(874b1a87109918041857033edf7264b6) Importer(2089858483,0ecaa5967403d082aa24f35e1b516d23)  -> (artifact id: '476cb30de4f439b7ae0103315af3314d') in 0.021832 seconds
Number of updated asset objects reloaded before import = 0
Number of asset objects unloaded after import = 1
========================================================================
Received Import Request.
  Time since last request: 0.000020 seconds.
  path: Assets/Plugins/UniRx/Scripts/Tasks
  artifactKey: Guid(216e920b7ae4fa6438607296b4b3b64a) Importer(2089858483,0ecaa5967403d082aa24f35e1b516d23)
Start importing Assets/Plugins/UniRx/Scripts/Tasks using Guid(216e920b7ae4fa6438607296b4b3b64a) Importer(2089858483,0ecaa5967403d082aa24f35e1b516d23)  -> (artifact id: '67fe96690378679cc79212a16c21b57d') in 0.031130 seconds
Number of updated asset objects reloaded before import = 0
Number of asset objects unloaded after import = 1
========================================================================
Received Import Request.
  Time since last request: 0.000041 seconds.
  path: Assets/Plugins/Zenject/OptionalExtras/IntegrationTests/Resources/TestFromPrefab
  artifactKey: Guid(afc04495fb04f494a8cd09d613868fa5) Importer(2089858483,0ecaa5967403d082aa24f35e1b516d23)
Start importing Assets/Plugins/Zenject/OptionalExtras/IntegrationTests/Resources/TestFromPrefab using Guid(afc04495fb04f494a8cd09d613868fa5) Importer(2089858483,0ecaa5967403d082aa24f35e1b516d23)  -> (artifact id: '085d0af1e9cdacd06bb13fe39d6ece77') in 0.015299 seconds
Number of updated asset objects reloaded before import = 0
Number of asset objects unloaded after import = 1
========================================================================
Received Import Request.
  Time since last request: 0.000019 seconds.
  path: Assets/Plugins/Zenject/OptionalExtras/SampleGame2 (Advanced)/Scripts/Enemy/States
  artifactKey: Guid(fdcd831bea427ea40bf6900b5b781ee7) Importer(2089858483,0ecaa5967403d082aa24f35e1b516d23)
Start importing Assets/Plugins/Zenject/OptionalExtras/SampleGame2 (Advanced)/Scripts/Enemy/States using Guid(fdcd831bea427ea40bf6900b5b781ee7) Importer(2089858483,0ecaa5967403d082aa24f35e1b516d23)  -> (artifact id: 'd312c9dd96c9debfa215059e1f6058f1') in 0.017482 seconds
Number of updated asset objects reloaded before import = 0
Number of asset objects unloaded after import = 1
========================================================================
Received Import Request.
  Time since last request: 0.000015 seconds.
  path: Assets/Plugins/Zenject/OptionalExtras/IntegrationTests/Bindings/TestFromPrefabInstaller
  artifactKey: Guid(cc2ddd41f3f7bd24faf84c938b4a1d08) Importer(2089858483,0ecaa5967403d082aa24f35e1b516d23)
Start importing Assets/Plugins/Zenject/OptionalExtras/IntegrationTests/Bindings/TestFromPrefabInstaller using Guid(cc2ddd41f3f7bd24faf84c938b4a1d08) Importer(2089858483,0ecaa5967403d082aa24f35e1b516d23)  -> (artifact id: '4dc0c551f0c39da9f6bb872c862ce301') in 0.025684 seconds
Number of updated asset objects reloaded before import = 0
Number of asset objects unloaded after import = 1
========================================================================
Received Import Request.
  Time since last request: 0.000019 seconds.
  path: Assets/Models/Floor/Floor1x1
  artifactKey: Guid(2be7adbe2306c0b419ce1e543c01ede2) Importer(2089858483,0ecaa5967403d082aa24f35e1b516d23)
Start importing Assets/Models/Floor/Floor1x1 using Guid(2be7adbe2306c0b419ce1e543c01ede2) Importer(2089858483,0ecaa5967403d082aa24f35e1b516d23)  -> (artifact id: '412b2187e1287f0eb1fe26c22df10365') in 0.018965 seconds
Number of updated asset objects reloaded before import = 0
Number of asset objects unloaded after import = 1
========================================================================
Received Import Request.
  Time since last request: 0.000021 seconds.
  path: Assets/Models/Floor/Floor2x2/Floor2x2.prefab
  artifactKey: Guid(ef5b2b391531c2041b6e62d4b355c5e1) Importer(2089858483,3d70f49cd1c2eb9ae422958d1c652c6b)
Start importing Assets/Models/Floor/Floor2x2/Floor2x2.prefab using Guid(ef5b2b391531c2041b6e62d4b355c5e1) Importer(2089858483,3d70f49cd1c2eb9ae422958d1c652c6b)  -> (artifact id: '55d2bc255a17915be594578fb092970a') in 0.027916 seconds
Number of updated asset objects reloaded before import = 0
Number of asset objects unloaded after import = 12
========================================================================
Received Import Request.
  Time since last request: 0.000016 seconds.
  path: Assets/Plugins
  artifactKey: Guid(435b91301b539d0439cdb0e34343f83d) Importer(2089858483,0ecaa5967403d082aa24f35e1b516d23)
Start importing Assets/Plugins using Guid(435b91301b539d0439cdb0e34343f83d) Importer(2089858483,0ecaa5967403d082aa24f35e1b516d23)  -> (artifact id: 'eb42d8ec74fa64927446dee74f4f8604') in 0.026272 seconds
Number of updated asset objects reloaded before import = 0
Number of asset objects unloaded after import = 1
========================================================================
Received Import Request.
  Time since last request: 0.000020 seconds.
  path: Assets/Scripts/UI
  artifactKey: Guid(c92e005a3f79e2f47a7f332a1b5d2ca2) Importer(2089858483,0ecaa5967403d082aa24f35e1b516d23)
Start importing Assets/Scripts/UI using Guid(c92e005a3f79e2f47a7f332a1b5d2ca2) Importer(2089858483,0ecaa5967403d082aa24f35e1b516d23)  -> (artifact id: 'fe2d7916a7445d9fa3e02e4e00870d75') in 0.022787 seconds
Number of updated asset objects reloaded before import = 0
Number of asset objects unloaded after import = 1
========================================================================
Received Import Request.
  Time since last request: 0.000021 seconds.
  path: Assets/Plugins/Zenject/OptionalExtras/IntegrationTests/Tests/Bindings/TestDiContainerMethods
  artifactKey: Guid(9c742c852158d0846814d46d54ad742e) Importer(2089858483,0ecaa5967403d082aa24f35e1b516d23)
Start importing Assets/Plugins/Zenject/OptionalExtras/IntegrationTests/Tests/Bindings/TestDiContainerMethods using Guid(9c742c852158d0846814d46d54ad742e) Importer(2089858483,0ecaa5967403d082aa24f35e1b516d23)  -> (artifact id: '72fef09cdc407431c32c7112ba47b6d9') in 0.018769 seconds
Number of updated asset objects reloaded before import = 0
Number of asset objects unloaded after import = 1
========================================================================
Received Import Request.
  Time since last request: 0.000030 seconds.
  path: Assets/Plugins/Zenject/OptionalExtras/IntegrationTests/Factories/Resources/TestGameObjectFactoryZero/Cube.prefab
  artifactKey: Guid(c1852820bd3558d48b875c214360d2db) Importer(2089858483,3d70f49cd1c2eb9ae422958d1c652c6b)
Start importing Assets/Plugins/Zenject/OptionalExtras/IntegrationTests/Factories/Resources/TestGameObjectFactoryZero/Cube.prefab using Guid(c1852820bd3558d48b875c214360d2db) Importer(2089858483,3d70f49cd1c2eb9ae422958d1c652c6b)  -> (artifact id: '8e447f7feb4ef69d9acc13757c2c41d6') in 0.037216 seconds
Number of updated asset objects reloaded before import = 0
Number of asset objects unloaded after import = 7
========================================================================
Received Import Request.
  Time since last request: 0.000365 seconds.
  path: Assets/Plugins/Zenject/OptionalExtras/ReflectionBaking/Unity
  artifactKey: Guid(f905295d3712ae543985d0db606c75da) Importer(2089858483,0ecaa5967403d082aa24f35e1b516d23)
Start importing Assets/Plugins/Zenject/OptionalExtras/ReflectionBaking/Unity using Guid(f905295d3712ae543985d0db606c75da) Importer(2089858483,0ecaa5967403d082aa24f35e1b516d23)  -> (artifact id: '8526211ce0fe8b39a0dd1eb0a27b1271') in 0.019149 seconds
Number of updated asset objects reloaded before import = 0
Number of asset objects unloaded after import = 1
========================================================================
Received Import Request.
  Time since last request: 0.000021 seconds.
  path: Assets/Thirdparty/Ciathyza/Gridbox Prototype Materials/Materials/HDRP/Prototype_512x512_Brown.mat
  artifactKey: Guid(bb9ba0197f6873943824ae7aade506c9) Importer(2089858483,0ecaa5967403d082aa24f35e1b516d23)
Start importing Assets/Thirdparty/Ciathyza/Gridbox Prototype Materials/Materials/HDRP/Prototype_512x512_Brown.mat using Guid(bb9ba0197f6873943824ae7aade506c9) Importer(2089858483,0ecaa5967403d082aa24f35e1b516d23)  -> (artifact id: '3f0b27f75e521cfe858b5f8b591d1188') in 0.032669 seconds
Number of updated asset objects reloaded before import = 0
Number of asset objects unloaded after import = 1
========================================================================
Received Import Request.
  Time since last request: 0.000025 seconds.
  path: Assets/Thirdparty/Ciathyza/Gridbox Prototype Materials/Materials/Standard/Prototype_512x512_Grey2.mat
  artifactKey: Guid(07dc66ae04b7f6a43b9674bf0fefb33a) Importer(2089858483,0ecaa5967403d082aa24f35e1b516d23)
Start importing Assets/Thirdparty/Ciathyza/Gridbox Prototype Materials/Materials/Standard/Prototype_512x512_Grey2.mat using Guid(07dc66ae04b7f6a43b9674bf0fefb33a) Importer(2089858483,0ecaa5967403d082aa24f35e1b516d23)  -> (artifact id: '4df53aa2c4d6f5df266c8fd08f24211b') in 0.044117 seconds
Number of updated asset objects reloaded before import = 0
Number of asset objects unloaded after import = 3
========================================================================
Received Import Request.
  Time since last request: 0.000017 seconds.
  path: Assets/Thirdparty/Ciathyza/Gridbox Prototype Materials/Materials/Standard/Prototype_512x512_Grey1.mat
  artifactKey: Guid(c181c23a6120fbe4aadd5bb53a58dd78) Importer(2089858483,0ecaa5967403d082aa24f35e1b516d23)
Start importing Assets/Thirdparty/Ciathyza/Gridbox Prototype Materials/Materials/Standard/Prototype_512x512_Grey1.mat using Guid(c181c23a6120fbe4aadd5bb53a58dd78) Importer(2089858483,0ecaa5967403d082aa24f35e1b516d23)  -> (artifact id: '44697fe1581f4667a1e44ef64d87132e') in 0.031355 seconds
Number of updated asset objects reloaded before import = 0
Number of asset objects unloaded after import = 3
========================================================================
Received Import Request.
  Time since last request: 0.000027 seconds.
  path: Assets/Thirdparty/Ciathyza/Gridbox Prototype Materials/Materials/URP/Prototype_512x512_Green2.mat
  artifactKey: Guid(6b38742730e330c488cc8d7964788813) Importer(2089858483,0ecaa5967403d082aa24f35e1b516d23)
Start importing Assets/Thirdparty/Ciathyza/Gridbox Prototype Materials/Materials/URP/Prototype_512x512_Green2.mat using Guid(6b38742730e330c488cc8d7964788813) Importer(2089858483,0ecaa5967403d082aa24f35e1b516d23)  -> (artifact id: '9a37703ca20b9af9543cc77fe79908da') in 0.042769 seconds
Number of updated asset objects reloaded before import = 0
Number of asset objects unloaded after import = 3
========================================================================
Received Import Request.
  Time since last request: 0.000024 seconds.
  path: Assets/Thirdparty/Ciathyza/Gridbox Prototype Materials/Materials/Standard/Prototype_512x512_Olive.mat
  artifactKey: Guid(f794c8451763f354c84ed1f9b0ea15a5) Importer(2089858483,0ecaa5967403d082aa24f35e1b516d23)
Start importing Assets/Thirdparty/Ciathyza/Gridbox Prototype Materials/Materials/Standard/Prototype_512x512_Olive.mat using Guid(f794c8451763f354c84ed1f9b0ea15a5) Importer(2089858483,0ecaa5967403d082aa24f35e1b516d23)  -> (artifact id: '07e9083312e0ab889717b351adbcf6ec') in 0.040502 seconds
Number of updated asset objects reloaded before import = 0
Number of asset objects unloaded after import = 3
========================================================================
Received Import Request.
  Time since last request: 0.000025 seconds.
  path: Assets/Plugins/Zenject/OptionalExtras/IntegrationTests/Tests/Bindings/TestInstantiateCallback
  artifactKey: Guid(a39a96be70261aa41af32a090608a5bd) Importer(2089858483,0ecaa5967403d082aa24f35e1b516d23)
Start importing Assets/Plugins/Zenject/OptionalExtras/IntegrationTests/Tests/Bindings/TestInstantiateCallback using Guid(a39a96be70261aa41af32a090608a5bd) Importer(2089858483,0ecaa5967403d082aa24f35e1b516d23)  -> (artifact id: '4f316d04bc42b5b91c7bc13fab6c681d') in 0.037408 seconds
Number of updated asset objects reloaded before import = 0
Number of asset objects unloaded after import = 1
========================================================================
Received Import Request.
  Time since last request: 0.000032 seconds.
  path: Assets/Plugins/PrimeTween/Demo/Scripts
  artifactKey: Guid(82c38dbe3fc6ecc41a098cb6fe48cb4a) Importer(2089858483,0ecaa5967403d082aa24f35e1b516d23)
Start importing Assets/Plugins/PrimeTween/Demo/Scripts using Guid(82c38dbe3fc6ecc41a098cb6fe48cb4a) Importer(2089858483,0ecaa5967403d082aa24f35e1b516d23)  -> (artifact id: '0ce30beeda2cc9b9fe8dccc8026b1a13') in 0.019228 seconds
Number of updated asset objects reloaded before import = 0
Number of asset objects unloaded after import = 1
========================================================================
Received Import Request.
  Time since last request: 0.000018 seconds.
  path: Assets/Plugins/Zenject/OptionalExtras/IntegrationTests/SceneTests/TestDestructionOrder
  artifactKey: Guid(a4eee97af6d92b14ab6b086f9a00eecc) Importer(2089858483,0ecaa5967403d082aa24f35e1b516d23)
Start importing Assets/Plugins/Zenject/OptionalExtras/IntegrationTests/SceneTests/TestDestructionOrder using Guid(a4eee97af6d92b14ab6b086f9a00eecc) Importer(2089858483,0ecaa5967403d082aa24f35e1b516d23)  -> (artifact id: 'c9cc0c2ff05f9ceacf5ced93a047457d') in 0.013343 seconds
Number of updated asset objects reloaded before import = 0
Number of asset objects unloaded after import = 1
========================================================================
Received Prepare
Refreshing native plugins compatible for Editor in 5.89 ms, found 0 plugins.
Preloading 0 native plugins for Editor in 0.00 ms.
Unloading 5 Unused Serialized files (Serialized files now loaded: 0)
Unloading 17 unused Assets / (358.3 KB). Loaded Objects now: 5015.
Memory consumption went from 101.4 MB to 101.1 MB.
Total: 24.861300 ms (FindLiveObjects: 0.457600 ms CreateObjectMapping: 0.272400 ms MarkObjects: 23.798800 ms  DeleteObjects: 0.331300 ms)

Prepare: number of updated asset objects reloaded= 0
AssetImportParameters requested are different than current active one (requested -> active):
  custom:container-demuxer-ogg: 62fdf1f143b41e24485cea50d1cbac27 -> 
  custom:video-decoder-ogg-theora: a1e56fd34408186e4bbccfd4996cb3dc -> 
  custom:framework-win-MediaFoundation: 216162199b28c13a410421893ffa2e32 -> 
  custom:CustomObjectIndexerAttribute: a3ef5dd2817f97addfee359851a9dba5 -> 
  custom:container-demuxer-webm: 4f35f7cbe854078d1ac9338744f61a02 -> 
  custom:container-muxer-webm: aa71ff27fc2769a1b78a27578f13a17b -> 
  custom:video-decoder-webm-vp8: 9c59270c3fd7afecdb556c50c9e8de78 -> 
  custom:AudioImporter_EditorPlatform: d09bf68614088b80899f8185d706f6e7 -> 
  custom:video-encoder-webm-vp8: eb34c28f22e8b96e1ab97ce403110664 -> 
  custom:audio-decoder-ogg-vorbis: bf7c407c2cedff20999df2af8eb42d56 -> 
  custom:audio-encoder-webm-vorbis: bf7c407c2cedff20999df2af8eb42d56 -> 
========================================================================
Received Import Request.
  Time since last request: 37.434579 seconds.
  path: Assets/Settings/Performant_PipelineAsset_ForwardRenderer.asset
  artifactKey: Guid(88671b73a5a32f9468fe1a7060becd41) Importer(2089858483,0ecaa5967403d082aa24f35e1b516d23)
Start importing Assets/Settings/Performant_PipelineAsset_ForwardRenderer.asset using Guid(88671b73a5a32f9468fe1a7060becd41) Importer(2089858483,0ecaa5967403d082aa24f35e1b516d23)  -> (artifact id: 'd11acff1081b75676e1eae2b89ccee83') in 0.144615 seconds
Number of updated asset objects reloaded before import = 1
Number of asset objects unloaded after import = 1
========================================================================
Received Import Request.
  Time since last request: 0.000039 seconds.
  path: Assets/Plugins/Zenject/OptionalExtras/SampleGame1 (Beginner)/Media/Materials/stars.mat
  artifactKey: Guid(1d847dbc08247de4b80ada3cc6493941) Importer(2089858483,0ecaa5967403d082aa24f35e1b516d23)
Start importing Assets/Plugins/Zenject/OptionalExtras/SampleGame1 (Beginner)/Media/Materials/stars.mat using Guid(1d847dbc08247de4b80ada3cc6493941) Importer(2089858483,0ecaa5967403d082aa24f35e1b516d23)  -> (artifact id: 'a1d6f10f35c381ed551e03fb2e7d006f') in 0.080209 seconds
Number of updated asset objects reloaded before import = 0
Number of asset objects unloaded after import = 1
========================================================================
Received Import Request.
  Time since last request: 0.001014 seconds.
  path: Assets/Plugins/PrimeTween/Demo/Stylized Cartoon Van by Fero Andezo/Materials/Exterior.mat
  artifactKey: Guid(7adbaabd30f04f84c9c60e84b61643b5) Importer(2089858483,0ecaa5967403d082aa24f35e1b516d23)
Start importing Assets/Plugins/PrimeTween/Demo/Stylized Cartoon Van by Fero Andezo/Materials/Exterior.mat using Guid(7adbaabd30f04f84c9c60e84b61643b5) Importer(2089858483,0ecaa5967403d082aa24f35e1b516d23)  -> (artifact id: 'eece6ddfacc404549d3ef64654a5c8cd') in 0.027057 seconds
Number of updated asset objects reloaded before import = 0
Number of asset objects unloaded after import = 1
========================================================================
Received Import Request.
  Time since last request: 0.000047 seconds.
  path: Assets/Thirdparty/Ciathyza/Gridbox Prototype Materials/Demo/Prototype Materials Demo/GI Blocker.mat
  artifactKey: Guid(f9a5ce4748e5abd4288cab387226ef27) Importer(2089858483,0ecaa5967403d082aa24f35e1b516d23)
Start importing Assets/Thirdparty/Ciathyza/Gridbox Prototype Materials/Demo/Prototype Materials Demo/GI Blocker.mat using Guid(f9a5ce4748e5abd4288cab387226ef27) Importer(2089858483,0ecaa5967403d082aa24f35e1b516d23)  -> (artifact id: 'd8a1ad285135e6e11aa235267b5751b4') in 0.058025 seconds
Number of updated asset objects reloaded before import = 0
Number of asset objects unloaded after import = 1
========================================================================
Received Import Request.
  Time since last request: 0.000041 seconds.
  path: Assets/Plugins/Zenject/OptionalExtras/SampleGame1 (Beginner)/Media/Textures/Background/Materials/Free_Shmup_Sprites_Starfield.mat
  artifactKey: Guid(38c3ddfeed570c84cbc210116c42e6fe) Importer(2089858483,0ecaa5967403d082aa24f35e1b516d23)
Start importing Assets/Plugins/Zenject/OptionalExtras/SampleGame1 (Beginner)/Media/Textures/Background/Materials/Free_Shmup_Sprites_Starfield.mat using Guid(38c3ddfeed570c84cbc210116c42e6fe) Importer(2089858483,0ecaa5967403d082aa24f35e1b516d23)  -> (artifact id: '1d1c5c9349923a7da94aef6f636f2efa') in 0.059411 seconds
Number of updated asset objects reloaded before import = 0
Number of asset objects unloaded after import = 1
========================================================================
Received Import Request.
  Time since last request: 0.001215 seconds.
  path: Assets/Scenes/PresentationScene.unity
  artifactKey: Guid(641cf30f534196e409cff7ce8e51f848) Importer(2089858483,0ecaa5967403d082aa24f35e1b516d23)
Start importing Assets/Scenes/PresentationScene.unity using Guid(641cf30f534196e409cff7ce8e51f848) Importer(2089858483,0ecaa5967403d082aa24f35e1b516d23)  -> (artifact id: '49c7f1454a1264aef519ba6b11961023') in 0.063949 seconds
Number of updated asset objects reloaded before import = 0
Number of asset objects unloaded after import = 1
========================================================================
Received Import Request.
  Time since last request: 0.000042 seconds.
  path: Assets/Plugins/PrimeTween/Demo/Stylized Cartoon Van by Fero Andezo/Materials/Window.mat
  artifactKey: Guid(cbe7a5f4c4769c14897f6693d6ee605f) Importer(2089858483,0ecaa5967403d082aa24f35e1b516d23)
Start importing Assets/Plugins/PrimeTween/Demo/Stylized Cartoon Van by Fero Andezo/Materials/Window.mat using Guid(cbe7a5f4c4769c14897f6693d6ee605f) Importer(2089858483,0ecaa5967403d082aa24f35e1b516d23)  -> (artifact id: 'b1244c14665a24e4089b1cfe4634273c') in 0.056964 seconds
Number of updated asset objects reloaded before import = 0
Number of asset objects unloaded after import = 1
========================================================================
Received Import Request.
  Time since last request: 0.000062 seconds.
  path: Assets/Thirdparty/Ciathyza/Gridbox Prototype Materials/Demo/Prototype Materials Demo/Neon Light.mat
  artifactKey: Guid(b234e1586ac9f524f8162eb03da23c35) Importer(2089858483,0ecaa5967403d082aa24f35e1b516d23)
Start importing Assets/Thirdparty/Ciathyza/Gridbox Prototype Materials/Demo/Prototype Materials Demo/Neon Light.mat using Guid(b234e1586ac9f524f8162eb03da23c35) Importer(2089858483,0ecaa5967403d082aa24f35e1b516d23)  -> (artifact id: '6d8b3e2509619e1dff9390822dee6da9') in 0.059438 seconds
Number of updated asset objects reloaded before import = 0
Number of asset objects unloaded after import = 1
========================================================================
Received Import Request.
  Time since last request: 0.000045 seconds.
  path: Assets/Plugins/UniRx/Examples/Sample13Scene.unity
  artifactKey: Guid(96f52057316fa0a479a6b04d27e468d3) Importer(2089858483,0ecaa5967403d082aa24f35e1b516d23)
Start importing Assets/Plugins/UniRx/Examples/Sample13Scene.unity using Guid(96f52057316fa0a479a6b04d27e468d3) Importer(2089858483,0ecaa5967403d082aa24f35e1b516d23)  -> (artifact id: 'ada3dade3203bc3f7081ace729f97a60') in 0.144392 seconds
Number of updated asset objects reloaded before import = 0
Number of asset objects unloaded after import = 1
========================================================================
Received Import Request.
  Time since last request: 0.001088 seconds.
  path: Assets/Plugins/PrimeTween/Demo/Demo_URP.unity
  artifactKey: Guid(0478c56350cbb7b40811567c9f37b701) Importer(2089858483,0ecaa5967403d082aa24f35e1b516d23)
Start importing Assets/Plugins/PrimeTween/Demo/Demo_URP.unity using Guid(0478c56350cbb7b40811567c9f37b701) Importer(2089858483,0ecaa5967403d082aa24f35e1b516d23)  -> (artifact id: '9f1da429c17b0bfbb52a2e1facb05acc') in 0.049619 seconds
Number of updated asset objects reloaded before import = 0
Number of asset objects unloaded after import = 1
========================================================================
Received Import Request.
  Time since last request: 0.000075 seconds.
  path: Assets/Prefabs/UI/InventorySlot.prefab
  artifactKey: Guid(90db4effeb00cce4c96d4fd14b273dc3) Importer(2089858483,0ecaa5967403d082aa24f35e1b516d23)
Start importing Assets/Prefabs/UI/InventorySlot.prefab using Guid(90db4effeb00cce4c96d4fd14b273dc3) Importer(2089858483,0ecaa5967403d082aa24f35e1b516d23)  -> (artifact id: 'ea2f663ec83dee4267783d43cf5131ee') in 0.123588 seconds
Number of updated asset objects reloaded before import = 0
Number of asset objects unloaded after import = 12
========================================================================
Received Import Request.
  Time since last request: 0.000020 seconds.
  path: Assets/Settings/Balanced_PipelineAsset.asset
  artifactKey: Guid(0f535669cbbc39d428ce7495790e13e6) Importer(2089858483,0ecaa5967403d082aa24f35e1b516d23)
Start importing Assets/Settings/Balanced_PipelineAsset.asset using Guid(0f535669cbbc39d428ce7495790e13e6) Importer(2089858483,0ecaa5967403d082aa24f35e1b516d23)  -> (artifact id: 'b33946c770dbcec9a412a44a5f4195b1') in 0.074513 seconds
Number of updated asset objects reloaded before import = 0
Number of asset objects unloaded after import = 2
========================================================================
Received Import Request.
  Time since last request: 0.000037 seconds.
  path: Assets/Plugins/PrimeTween/Demo/Stylized Cartoon Van by Fero Andezo/Materials/interior.mat
  artifactKey: Guid(05528a9c559d0e04ab70b7a3b5192b9e) Importer(2089858483,0ecaa5967403d082aa24f35e1b516d23)
Start importing Assets/Plugins/PrimeTween/Demo/Stylized Cartoon Van by Fero Andezo/Materials/interior.mat using Guid(05528a9c559d0e04ab70b7a3b5192b9e) Importer(2089858483,0ecaa5967403d082aa24f35e1b516d23)  -> (artifact id: 'dd0424e17f04b09187bb461725c0310d') in 0.020448 seconds
Number of updated asset objects reloaded before import = 0
Number of asset objects unloaded after import = 1
========================================================================
Received Import Request.
  Time since last request: 0.000028 seconds.
  path: Assets/Plugins/Zenject/OptionalExtras/SampleGame1 (Beginner)/Media/Meshes/Materials/Material.mat
  artifactKey: Guid(a9590d5f7c03b34488ea7eff107f8d72) Importer(2089858483,0ecaa5967403d082aa24f35e1b516d23)
Start importing Assets/Plugins/Zenject/OptionalExtras/SampleGame1 (Beginner)/Media/Meshes/Materials/Material.mat using Guid(a9590d5f7c03b34488ea7eff107f8d72) Importer(2089858483,0ecaa5967403d082aa24f35e1b516d23)  -> (artifact id: 'd779e8d3efdf1a74abe557e284eeee9d') in 0.017425 seconds
Number of updated asset objects reloaded before import = 0
Number of asset objects unloaded after import = 1
========================================================================
Received Import Request.
  Time since last request: 174.690489 seconds.
  path: Assets/Scenes/SafePlaceScene/Lightmap-0_comp_light.exr
  artifactKey: Guid(3f8910c30a8d2bf4b885ba9d1559c14a) Importer(2089858483,0ecaa5967403d082aa24f35e1b516d23)
Start importing Assets/Scenes/SafePlaceScene/Lightmap-0_comp_light.exr using Guid(3f8910c30a8d2bf4b885ba9d1559c14a) Importer(2089858483,0ecaa5967403d082aa24f35e1b516d23)  -> (artifact id: '9bc441b00c00e983643778bc7716b9da') in 0.055129 seconds
Number of updated asset objects reloaded before import = 0
Number of asset objects unloaded after import = 1
========================================================================
Received Import Request.
  Time since last request: 0.000019 seconds.
  path: Assets/Scenes/SafePlaceScene/Lightmap-0_comp_dir.png
  artifactKey: Guid(261768d0ae970e9498084ff6892b69e0) Importer(2089858483,0ecaa5967403d082aa24f35e1b516d23)
Start importing Assets/Scenes/SafePlaceScene/Lightmap-0_comp_dir.png using Guid(261768d0ae970e9498084ff6892b69e0) Importer(2089858483,0ecaa5967403d082aa24f35e1b516d23)  -> (artifact id: 'a345219d772325bbd7f74570b82f541b') in 0.023460 seconds
Number of updated asset objects reloaded before import = 0
Number of asset objects unloaded after import = 1
========================================================================
Received Import Request.
  Time since last request: 0.000022 seconds.
  path: Assets/Scenes/SafePlaceScene/LightingData.asset
  artifactKey: Guid(1c2a2359d072f404d851cf52de51f469) Importer(2089858483,0ecaa5967403d082aa24f35e1b516d23)
Start importing Assets/Scenes/SafePlaceScene/LightingData.asset using Guid(1c2a2359d072f404d851cf52de51f469) Importer(2089858483,0ecaa5967403d082aa24f35e1b516d23)  -> (artifact id: '774965fb4ade082c4c3d9c4b1c486e52') in 0.013065 seconds
Number of updated asset objects reloaded before import = 0
Number of asset objects unloaded after import = 2
========================================================================
Received Import Request.
  Time since last request: 3.624708 seconds.
  path: Assets/Models/Walls/Textures/BlackWall.mat
  artifactKey: Guid(e14004dc1f247644ab5bc8d7f5d16b96) Importer(815301076,1909f56bfc062723c751e8b465ee728b)
Start importing Assets/Models/Walls/Textures/BlackWall.mat using Guid(e14004dc1f247644ab5bc8d7f5d16b96) Importer(815301076,1909f56bfc062723c751e8b465ee728b)  -> (artifact id: '11c423583c1cc2be9b841e70b669f869') in 0.001578 seconds
Number of updated asset objects reloaded before import = 0
Number of asset objects unloaded after import = 1
========================================================================
Received Import Request.
  Time since last request: 0.000015 seconds.
  path: Assets/Models/Ceiling/CeilingMat.mat
  artifactKey: Guid(558ef6098cef83343a768aa245290f62) Importer(815301076,1909f56bfc062723c751e8b465ee728b)
Start importing Assets/Models/Ceiling/CeilingMat.mat using Guid(558ef6098cef83343a768aa245290f62) Importer(815301076,1909f56bfc062723c751e8b465ee728b)  -> (artifact id: '4ad4f952b16b40eeaf60e7f46636827e') in 0.001299 seconds
Number of updated asset objects reloaded before import = 0
Number of asset objects unloaded after import = 1
========================================================================
Received Import Request.
  Time since last request: 0.000012 seconds.
  path: Assets/Models/Door/Door.blend
  artifactKey: Guid(b4b3371acf41e1f48a52fef35a837d75) Importer(815301076,1909f56bfc062723c751e8b465ee728b)
Start importing Assets/Models/Door/Door.blend using Guid(b4b3371acf41e1f48a52fef35a837d75) Importer(815301076,1909f56bfc062723c751e8b465ee728b)  -> (artifact id: '9bd1315e75a9126d864d1e58453242b6') in 0.003668 seconds
Number of updated asset objects reloaded before import = 0
Number of asset objects unloaded after import = 25
========================================================================
Received Import Request.
  Time since last request: 0.000014 seconds.
  path: Assets/Plugins/PrimeTween/Demo/Stylized Cartoon Van by Fero Andezo/Materials_URP/Exterior.mat
  artifactKey: Guid(446545878c2badc48ac8ac80fc3f3b4c) Importer(815301076,1909f56bfc062723c751e8b465ee728b)
Start importing Assets/Plugins/PrimeTween/Demo/Stylized Cartoon Van by Fero Andezo/Materials_URP/Exterior.mat using Guid(446545878c2badc48ac8ac80fc3f3b4c) Importer(815301076,1909f56bfc062723c751e8b465ee728b)  -> (artifact id: '995d081766780f20e869ce3d4bbc2799') in 0.001391 seconds
Number of updated asset objects reloaded before import = 0
Number of asset objects unloaded after import = 1
========================================================================
Received Import Request.
  Time since last request: 0.000011 seconds.
  path: Assets/Plugins/Zenject/OptionalExtras/SampleGame1 (Beginner)/Media/Imported/Materials/FireA.mat
  artifactKey: Guid(3ea738939828967458733e47e9a83a0d) Importer(815301076,1909f56bfc062723c751e8b465ee728b)
Start importing Assets/Plugins/Zenject/OptionalExtras/SampleGame1 (Beginner)/Media/Imported/Materials/FireA.mat using Guid(3ea738939828967458733e47e9a83a0d) Importer(815301076,1909f56bfc062723c751e8b465ee728b)  -> (artifact id: '260e8342c29a42edd83b56c3eafa533c') in 0.001768 seconds
Number of updated asset objects reloaded before import = 0
Number of asset objects unloaded after import = 1
========================================================================
Received Import Request.
  Time since last request: 0.000015 seconds.
  path: Assets/Plugins/PrimeTween/Demo/Stylized Cartoon Van by Fero Andezo/Van.fbx
  artifactKey: Guid(f990fe01b45e6b2418a5b749eb2f694c) Importer(815301076,1909f56bfc062723c751e8b465ee728b)
Start importing Assets/Plugins/PrimeTween/Demo/Stylized Cartoon Van by Fero Andezo/Van.fbx using Guid(f990fe01b45e6b2418a5b749eb2f694c) Importer(815301076,1909f56bfc062723c751e8b465ee728b)  -> (artifact id: 'cd9a5bcbccde633008593e887c91532e') in 0.006488 seconds
Number of updated asset objects reloaded before import = 0
Number of asset objects unloaded after import = 126
========================================================================
Received Import Request.
  Time since last request: 0.000013 seconds.
  path: Assets/Plugins/Zenject/OptionalExtras/SampleGame2 (Advanced)/Media/Materials/BulletPlayer.mat
  artifactKey: Guid(7b26e8b3740184141b34155f5b476314) Importer(815301076,1909f56bfc062723c751e8b465ee728b)
Start importing Assets/Plugins/Zenject/OptionalExtras/SampleGame2 (Advanced)/Media/Materials/BulletPlayer.mat using Guid(7b26e8b3740184141b34155f5b476314) Importer(815301076,1909f56bfc062723c751e8b465ee728b)  -> (artifact id: 'f06b16e21027d0c58f852dc6bb8af85e') in 0.001182 seconds
Number of updated asset objects reloaded before import = 0
Number of asset objects unloaded after import = 1
========================================================================
Received Import Request.
  Time since last request: 0.000013 seconds.
  path: Assets/Models/Ceiling/BaseBoard/CeilingBaseBoard.mat
  artifactKey: Guid(9e45658a7c2008542bed1279a0d9965d) Importer(815301076,1909f56bfc062723c751e8b465ee728b)
Start importing Assets/Models/Ceiling/BaseBoard/CeilingBaseBoard.mat using Guid(9e45658a7c2008542bed1279a0d9965d) Importer(815301076,1909f56bfc062723c751e8b465ee728b)  -> (artifact id: '18e501c746ae3e87c8210c780635b108') in 0.000982 seconds
Number of updated asset objects reloaded before import = 0
Number of asset objects unloaded after import = 1
========================================================================
Received Import Request.
  Time since last request: 0.000047 seconds.
  path: Assets/Models/Enemy/Enemy.mat
  artifactKey: Guid(4c9687b6b62e1014f9fe76d779368f63) Importer(815301076,1909f56bfc062723c751e8b465ee728b)
Start importing Assets/Models/Enemy/Enemy.mat using Guid(4c9687b6b62e1014f9fe76d779368f63) Importer(815301076,1909f56bfc062723c751e8b465ee728b)  -> (artifact id: '983e7af6a278f5761c010bbb3e11ada1') in 0.001053 seconds
Number of updated asset objects reloaded before import = 0
Number of asset objects unloaded after import = 1
========================================================================
Received Import Request.
  Time since last request: 0.000013 seconds.
  path: Assets/Models/Candle/Candle.blend
  artifactKey: Guid(59579844f7ae97d40bd36508556b5087) Importer(815301076,1909f56bfc062723c751e8b465ee728b)
Start importing Assets/Models/Candle/Candle.blend using Guid(59579844f7ae97d40bd36508556b5087) Importer(815301076,1909f56bfc062723c751e8b465ee728b)  -> (artifact id: '408f973d22abb6e979c35309903f60e7') in 0.002496 seconds
Number of updated asset objects reloaded before import = 0
Number of asset objects unloaded after import = 27
========================================================================
Received Import Request.
  Time since last request: 0.766431 seconds.
  path: Assets/Thirdparty/TextMesh Pro/Fonts/LiberationSans.ttf
  artifactKey: Guid(09b91eb2159936b45b966c8e743b148f) Importer(815301076,1909f56bfc062723c751e8b465ee728b)
Start importing Assets/Thirdparty/TextMesh Pro/Fonts/LiberationSans.ttf using Guid(09b91eb2159936b45b966c8e743b148f) Importer(815301076,1909f56bfc062723c751e8b465ee728b)  -> (artifact id: '26553bbe518148bc9df4d0927d566980') in 0.006685 seconds
Number of updated asset objects reloaded before import = 0
Number of asset objects unloaded after import = 3
========================================================================
Received Import Request.
  Time since last request: 0.021074 seconds.
  path: Assets/Plugins/Zenject/OptionalExtras/SampleGame1 (Beginner)/Media/Textures/Background/Materials/Free_Shmup_Sprites_Starfield.mat
  artifactKey: Guid(38c3ddfeed570c84cbc210116c42e6fe) Importer(815301076,1909f56bfc062723c751e8b465ee728b)
Start importing Assets/Plugins/Zenject/OptionalExtras/SampleGame1 (Beginner)/Media/Textures/Background/Materials/Free_Shmup_Sprites_Starfield.mat using Guid(38c3ddfeed570c84cbc210116c42e6fe) Importer(815301076,1909f56bfc062723c751e8b465ee728b)  -> (artifact id: '7707979492a98e2778667f1c3ee70221') in 0.001154 seconds
Number of updated asset objects reloaded before import = 0
Number of asset objects unloaded after import = 1
========================================================================
Received Import Request.
  Time since last request: 4.081999 seconds.
  path: Assets/Black.mat
  artifactKey: Guid(7e33cc31e0d24f748b02f305b9a2688d) Importer(815301076,1909f56bfc062723c751e8b465ee728b)
Start importing Assets/Black.mat using Guid(7e33cc31e0d24f748b02f305b9a2688d) Importer(815301076,1909f56bfc062723c751e8b465ee728b)  -> (artifact id: 'aa5fad549af0e1aee066a7ae588481ff') in 0.000992 seconds
Number of updated asset objects reloaded before import = 0
Number of asset objects unloaded after import = 1
========================================================================
Received Import Request.
  Time since last request: 0.001090 seconds.
  path: Assets/Circle.png
  artifactKey: Guid(0e1325b22c82a3a448b4bad6387ca59a) Importer(815301076,1909f56bfc062723c751e8b465ee728b)
Start importing Assets/Circle.png using Guid(0e1325b22c82a3a448b4bad6387ca59a) Importer(815301076,1909f56bfc062723c751e8b465ee728b)  -> (artifact id: '87c00a0c914973481c7d1608044e6820') in 0.007096 seconds
Number of updated asset objects reloaded before import = 0
Number of asset objects unloaded after import = 1
========================================================================
Received Import Request.
  Time since last request: 0.004881 seconds.
  path: Assets/prototype_512x512_orange.png
  artifactKey: Guid(3abb0c12d20cedb4bb26039995ee8bb0) Importer(815301076,1909f56bfc062723c751e8b465ee728b)
Start importing Assets/prototype_512x512_orange.png using Guid(3abb0c12d20cedb4bb26039995ee8bb0) Importer(815301076,1909f56bfc062723c751e8b465ee728b)  -> (artifact id: '45b782bd361f6cb1b7cd6ba733e31323') in 0.002116 seconds
Number of updated asset objects reloaded before import = 0
Number of asset objects unloaded after import = 1
========================================================================
Received Import Request.
  Time since last request: 0.004302 seconds.
  path: Assets/Scratches 1.png
  artifactKey: Guid(0926b58d88d116c49af2609f10665bff) Importer(815301076,1909f56bfc062723c751e8b465ee728b)
Start importing Assets/Scratches 1.png using Guid(0926b58d88d116c49af2609f10665bff) Importer(815301076,1909f56bfc062723c751e8b465ee728b)  -> (artifact id: '76d9eb70db8885b674f304432418f06d') in 0.001915 seconds
Number of updated asset objects reloaded before import = 0
Number of asset objects unloaded after import = 1
========================================================================
Received Import Request.
  Time since last request: 0.000012 seconds.
  path: Assets/UniversalRenderPipelineGlobalSettings.asset
  artifactKey: Guid(f6c6e9eb33616e041bc60ad60b105f00) Importer(815301076,1909f56bfc062723c751e8b465ee728b)
Start importing Assets/UniversalRenderPipelineGlobalSettings.asset using Guid(f6c6e9eb33616e041bc60ad60b105f00) Importer(815301076,1909f56bfc062723c751e8b465ee728b)  -> (artifact id: '198d3abe94328becc5f2763a3d3caca5') in 0.001618 seconds
Number of updated asset objects reloaded before import = 0
Number of asset objects unloaded after import = 1
========================================================================
Received Import Request.
  Time since last request: 0.791880 seconds.
  path: Assets/Models/SafeRoomPlan.mat
  artifactKey: Guid(50762589afea10742af124a2f856ffec) Importer(815301076,1909f56bfc062723c751e8b465ee728b)
Start importing Assets/Models/SafeRoomPlan.mat using Guid(50762589afea10742af124a2f856ffec) Importer(815301076,1909f56bfc062723c751e8b465ee728b)  -> (artifact id: '57eca95b96609b39702f445ef521f46e') in 0.001118 seconds
Number of updated asset objects reloaded before import = 0
Number of asset objects unloaded after import = 1
========================================================================
Received Import Request.
  Time since last request: 1.036807 seconds.
  path: Assets/Models/Ceiling/Ceiling.png
  artifactKey: Guid(0bdf3b121672e56409bcf738b4d4b8f3) Importer(815301076,1909f56bfc062723c751e8b465ee728b)
Start importing Assets/Models/Ceiling/Ceiling.png using Guid(0bdf3b121672e56409bcf738b4d4b8f3) Importer(815301076,1909f56bfc062723c751e8b465ee728b)  -> (artifact id: 'e4b71972e4ab6201a58e6e1cc459bf2c') in 0.002392 seconds
Number of updated asset objects reloaded before import = 0
Number of asset objects unloaded after import = 1
========================================================================
Received Import Request.
  Time since last request: 0.003181 seconds.
  path: Assets/Models/Ceiling/Ceiling2NormalMap.png
  artifactKey: Guid(b790f1aa63f392447b3b0418394cad00) Importer(815301076,1909f56bfc062723c751e8b465ee728b)
Start importing Assets/Models/Ceiling/Ceiling2NormalMap.png using Guid(b790f1aa63f392447b3b0418394cad00) Importer(815301076,1909f56bfc062723c751e8b465ee728b)  -> (artifact id: '28c65a7d34f6c5ed43cacab156bb314c') in 0.002613 seconds
Number of updated asset objects reloaded before import = 0
Number of asset objects unloaded after import = 1
========================================================================
Received Import Request.
  Time since last request: 0.001752 seconds.
  path: Assets/Models/Ceiling/CeilingNormalMap.png
  artifactKey: Guid(a96f2ae402934924ab0c97aec79ecf99) Importer(815301076,1909f56bfc062723c751e8b465ee728b)
Start importing Assets/Models/Ceiling/CeilingNormalMap.png using Guid(a96f2ae402934924ab0c97aec79ecf99) Importer(815301076,1909f56bfc062723c751e8b465ee728b)  -> (artifact id: '61643e154c9fa12bffde76dbfdae4c4d') in 0.001481 seconds
Number of updated asset objects reloaded before import = 0
Number of asset objects unloaded after import = 1
========================================================================
Received Import Request.
  Time since last request: 58.601443 seconds.
  path: Assets/Models/Ceiling/Ceiling3NormalMap.png
  artifactKey: Guid(fdbc3da8f21b099439f4b85777d3ae80) Importer(815301076,1909f56bfc062723c751e8b465ee728b)
Start importing Assets/Models/Ceiling/Ceiling3NormalMap.png using Guid(fdbc3da8f21b099439f4b85777d3ae80) Importer(815301076,1909f56bfc062723c751e8b465ee728b)  -> (artifact id: 'b4ac44abd2f32c38c8dafeee1503feeb') in 0.001180 seconds
Number of updated asset objects reloaded before import = 0
Number of asset objects unloaded after import = 1
========================================================================
Received Import Request.
  Time since last request: 0.956430 seconds.
  path: Assets/Models/Ceiling/Ceiling3NormalMap.png
  artifactKey: Guid(fdbc3da8f21b099439f4b85777d3ae80) Importer(2089858483,0ecaa5967403d082aa24f35e1b516d23)
Start importing Assets/Models/Ceiling/Ceiling3NormalMap.png using Guid(fdbc3da8f21b099439f4b85777d3ae80) Importer(2089858483,0ecaa5967403d082aa24f35e1b516d23)  -> (artifact id: 'f2225b7214b8ae3bdc6c21c9c619d45d') in 0.031812 seconds
Number of updated asset objects reloaded before import = 0
Number of asset objects unloaded after import = 1
========================================================================
Received Import Request.
  Time since last request: 1.195500 seconds.
  path: Assets/Models/Ceiling/CeilingMat.mat
  artifactKey: Guid(558ef6098cef83343a768aa245290f62) Importer(815301076,1909f56bfc062723c751e8b465ee728b)
Start importing Assets/Models/Ceiling/CeilingMat.mat using Guid(558ef6098cef83343a768aa245290f62) Importer(815301076,1909f56bfc062723c751e8b465ee728b)  -> (artifact id: 'd30fc1c002eefafe1a701661623e989b') in 0.000893 seconds
Number of updated asset objects reloaded before import = 0
Number of asset objects unloaded after import = 1
========================================================================
Received Import Request.
  Time since last request: 0.957047 seconds.
  path: Assets/Models/Ceiling/CeilingMat.mat
  artifactKey: Guid(558ef6098cef83343a768aa245290f62) Importer(2089858483,0ecaa5967403d082aa24f35e1b516d23)
Start importing Assets/Models/Ceiling/CeilingMat.mat using Guid(558ef6098cef83343a768aa245290f62) Importer(2089858483,0ecaa5967403d082aa24f35e1b516d23)  -> (artifact id: 'be64ab07909d93392b3ff51e8941ee24') in 0.013924 seconds
Number of updated asset objects reloaded before import = 0
Number of asset objects unloaded after import = 3
========================================================================
Received Import Request.
  Time since last request: 0.000013 seconds.
  path: Assets/Plugins/Zenject/OptionalExtras/SampleGame1 (Beginner)/Media/Textures/Background/Materials/Free_Shmup_Sprites_Starfield.mat
  artifactKey: Guid(38c3ddfeed570c84cbc210116c42e6fe) Importer(2089858483,0ecaa5967403d082aa24f35e1b516d23)
Start importing Assets/Plugins/Zenject/OptionalExtras/SampleGame1 (Beginner)/Media/Textures/Background/Materials/Free_Shmup_Sprites_Starfield.mat using Guid(38c3ddfeed570c84cbc210116c42e6fe) Importer(2089858483,0ecaa5967403d082aa24f35e1b516d23)  -> (artifact id: '383191dea8078e9fd4c25b42753a3e52') in 0.014457 seconds
Number of updated asset objects reloaded before import = 0
Number of asset objects unloaded after import = 1
========================================================================
Received Import Request.
  Time since last request: 0.000015 seconds.
  path: Assets/Plugins/Zenject/OptionalExtras/SampleGame1 (Beginner)/Media/Textures/Background/Materials/Free_Shmup_Sprites_Starfield 1.mat
  artifactKey: Guid(85a01222625d5ff40bfce665f027f883) Importer(2089858483,0ecaa5967403d082aa24f35e1b516d23)
Start importing Assets/Plugins/Zenject/OptionalExtras/SampleGame1 (Beginner)/Media/Textures/Background/Materials/Free_Shmup_Sprites_Starfield 1.mat using Guid(85a01222625d5ff40bfce665f027f883) Importer(2089858483,0ecaa5967403d082aa24f35e1b516d23)  -> (artifact id: '37f29e6c51ce83860cb0e4ecb1b7d9cb') in 0.013262 seconds
Number of updated asset objects reloaded before import = 0
Number of asset objects unloaded after import = 1
========================================================================
Received Import Request.
  Time since last request: 97.238371 seconds.
  path: Assets/Scenes/SafePlaceScene/Lightmap-0_comp_dir.png
  artifactKey: Guid(261768d0ae970e9498084ff6892b69e0) Importer(2089858483,0ecaa5967403d082aa24f35e1b516d23)
Start importing Assets/Scenes/SafePlaceScene/Lightmap-0_comp_dir.png using Guid(261768d0ae970e9498084ff6892b69e0) Importer(2089858483,0ecaa5967403d082aa24f35e1b516d23)  -> (artifact id: '6c9a0cdce814f103895f9e2430a71043') in 0.024317 seconds
Number of updated asset objects reloaded before import = 0
Number of asset objects unloaded after import = 1
========================================================================
Received Import Request.
  Time since last request: 0.000018 seconds.
  path: Assets/Scenes/SafePlaceScene/LightingData.asset
  artifactKey: Guid(1c2a2359d072f404d851cf52de51f469) Importer(2089858483,0ecaa5967403d082aa24f35e1b516d23)
Start importing Assets/Scenes/SafePlaceScene/LightingData.asset using Guid(1c2a2359d072f404d851cf52de51f469) Importer(2089858483,0ecaa5967403d082aa24f35e1b516d23)  -> (artifact id: '170ff1955e929b097ae1b15449185a91') in 0.010308 seconds
Number of updated asset objects reloaded before import = 0
Number of asset objects unloaded after import = 2
========================================================================
Received Import Request.
  Time since last request: 39.184594 seconds.
  path: Assets/Scenes/SafePlaceScene/Lightmap-0_comp_dir.png
  artifactKey: Guid(261768d0ae970e9498084ff6892b69e0) Importer(2089858483,0ecaa5967403d082aa24f35e1b516d23)
Start importing Assets/Scenes/SafePlaceScene/Lightmap-0_comp_dir.png using Guid(261768d0ae970e9498084ff6892b69e0) Importer(2089858483,0ecaa5967403d082aa24f35e1b516d23)  -> (artifact id: 'fc709565d80fd2c0f7eafc13eaee0049') in 0.024559 seconds
Number of updated asset objects reloaded before import = 0
Number of asset objects unloaded after import = 1
========================================================================
Received Import Request.
  Time since last request: 123.630800 seconds.
  path: Assets/Models/BaseBoard/BaseBoardTexture.png
  artifactKey: Guid(d04bde7d532624140978ca55b42c2f6b) Importer(815301076,1909f56bfc062723c751e8b465ee728b)
Start importing Assets/Models/BaseBoard/BaseBoardTexture.png using Guid(d04bde7d532624140978ca55b42c2f6b) Importer(815301076,1909f56bfc062723c751e8b465ee728b)  -> (artifact id: 'a1acba4903a3e6bb6bdcbe335e9f49b2') in 0.001634 seconds
Number of updated asset objects reloaded before import = 0
Number of asset objects unloaded after import = 1
========================================================================
Received Import Request.
  Time since last request: 0.000972 seconds.
  path: Assets/Models/BaseBoard/BaseBoardWood.mat
  artifactKey: Guid(fe9477eaa20436246b1a879d2e7e2cf6) Importer(815301076,1909f56bfc062723c751e8b465ee728b)
Start importing Assets/Models/BaseBoard/BaseBoardWood.mat using Guid(fe9477eaa20436246b1a879d2e7e2cf6) Importer(815301076,1909f56bfc062723c751e8b465ee728b)  -> (artifact id: 'e4820fa97c960d19569ee26cdebc2a62') in 0.001418 seconds
Number of updated asset objects reloaded before import = 0
Number of asset objects unloaded after import = 1
========================================================================
Received Import Request.
  Time since last request: 0.000022 seconds.
  path: Assets/Models/BaseBoard/BaseBoardWoodSphereMask.mat
  artifactKey: Guid(efe587764294e16498fca452cb068df9) Importer(815301076,1909f56bfc062723c751e8b465ee728b)
Start importing Assets/Models/BaseBoard/BaseBoardWoodSphereMask.mat using Guid(efe587764294e16498fca452cb068df9) Importer(815301076,1909f56bfc062723c751e8b465ee728b)  -> (artifact id: '06cf7e7ff9013014efdd391f696a0278') in 0.001295 seconds
Number of updated asset objects reloaded before import = 0
Number of asset objects unloaded after import = 1
Editor requested this worker to shutdown with reason: Scaling down because of idle timeout
TcpMessagingSession - receive error: operation aborted. errorcode: 995, details:  /   -       .
AssetImportWorker is now disconnected from the server
Process exiting
Exiting without the bug reporter. Application will terminate with return code 0