Using pre-set license
Built from '2022.3/staging' branch; Version is '2022.3.4f1 (35713cd46cd7) revision 3502396'; Using compiler version '192829333'; Build Type 'Release'
OS: 'Windows 10  (10.0.19044) 64bit Core' Language: 'ru' Physical Memory: 16265 MB
BatchMode: 1, IsHumanControllingUs: 0, StartBugReporterOnCrash: 0, Is64bit: 1, IsPro: 1

COMMAND LINE ARGUMENTS:
C:\Program Files\Unity\Hub\Editor\2022.3.4f1\Editor\Unity.exe
-adb2
-batchMode
-noUpm
-name
AssetImportWorker11
-projectPath
C:/GitHub/Candle
-logFile
Logs/AssetImportWorker11.log
-srvPort
62092
Successfully changed project path to: C:/GitHub/Candle
C:/GitHub/Candle
[UnityMemory] Configuration Parameters - Can be set up in boot.config
    "memorysetup-bucket-allocator-granularity=16"
    "memorysetup-bucket-allocator-bucket-count=8"
    "memorysetup-bucket-allocator-block-size=33554432"
    "memorysetup-bucket-allocator-block-count=8"
    "memorysetup-main-allocator-block-size=16777216"
    "memorysetup-thread-allocator-block-size=16777216"
    "memorysetup-gfx-main-allocator-block-size=16777216"
    "memorysetup-gfx-thread-allocator-block-size=16777216"
    "memorysetup-cache-allocator-block-size=4194304"
    "memorysetup-typetree-allocator-block-size=2097152"
    "memorysetup-profiler-bucket-allocator-granularity=16"
    "memorysetup-profiler-bucket-allocator-bucket-count=8"
    "memorysetup-profiler-bucket-allocator-block-size=33554432"
    "memorysetup-profiler-bucket-allocator-block-count=8"
    "memorysetup-profiler-allocator-block-size=16777216"
    "memorysetup-profiler-editor-allocator-block-size=1048576"
    "memorysetup-temp-allocator-size-main=16777216"
    "memorysetup-job-temp-allocator-block-size=2097152"
    "memorysetup-job-temp-allocator-block-size-background=1048576"
    "memorysetup-job-temp-allocator-reduction-small-platforms=262144"
    "memorysetup-allocator-temp-initial-block-size-main=262144"
    "memorysetup-allocator-temp-initial-block-size-worker=262144"
    "memorysetup-temp-allocator-size-background-worker=32768"
    "memorysetup-temp-allocator-size-job-worker=262144"
    "memorysetup-temp-allocator-size-preload-manager=33554432"
    "memorysetup-temp-allocator-size-nav-mesh-worker=65536"
    "memorysetup-temp-allocator-size-audio-worker=65536"
    "memorysetup-temp-allocator-size-cloud-worker=32768"
    "memorysetup-temp-allocator-size-gi-baking-worker=262144"
    "memorysetup-temp-allocator-size-gfx=262144"
Player connection [1648] Host "[IP] 192.168.10.12 [Port] 0 [Flags] 2 [Guid] 3696315051 [EditorId] 3696315051 [Version] 1048832 [Id] WindowsEditor(7,DESKTOP-9515GSQ) [Debug] 1 [PackageName] WindowsEditor [ProjectName] Editor" joined multi-casting on [225.0.0.222:54997]...

Player connection [1648] Host "[IP] 192.168.10.12 [Port] 0 [Flags] 2 [Guid] 3696315051 [EditorId] 3696315051 [Version] 1048832 [Id] WindowsEditor(7,DESKTOP-9515GSQ) [Debug] 1 [PackageName] WindowsEditor [ProjectName] Editor" joined alternative multi-casting on [225.0.0.222:34997]...

Refreshing native plugins compatible for Editor in 18.86 ms, found 0 plugins.
Preloading 0 native plugins for Editor in 0.00 ms.
Initialize engine version: 2022.3.4f1 (35713cd46cd7)
[Subsystems] Discovering subsystems at path C:/Program Files/Unity/Hub/Editor/2022.3.4f1/Editor/Data/Resources/UnitySubsystems
[Subsystems] Discovering subsystems at path C:/GitHub/Candle/Assets
GfxDevice: creating device client; threaded=0; jobified=0
Direct3D:
    Version:  Direct3D 11.0 [level 11.1]
    Renderer: NVIDIA GeForce RTX 3070 (ID=0x2484)
    Vendor:   NVIDIA
    VRAM:     8031 MB
    Driver:   31.0.15.3203
Initialize mono
Mono path[0] = 'C:/Program Files/Unity/Hub/Editor/2022.3.4f1/Editor/Data/Managed'
Mono path[1] = 'C:/Program Files/Unity/Hub/Editor/2022.3.4f1/Editor/Data/MonoBleedingEdge/lib/mono/unityjit-win32'
Mono config path = 'C:/Program Files/Unity/Hub/Editor/2022.3.4f1/Editor/Data/MonoBleedingEdge/etc'
Using monoOptions --debugger-agent=transport=dt_socket,embedding=1,server=y,suspend=n,address=127.0.0.1:56444
Begin MonoManager ReloadAssembly
Registering precompiled unity dll's ...
Register platform support module: C:/Program Files/Unity/Hub/Editor/2022.3.4f1/Editor/Data/PlaybackEngines/WebGLSupport/UnityEditor.WebGL.Extensions.dll
Register platform support module: C:/Program Files/Unity/Hub/Editor/2022.3.4f1/Editor/Data/PlaybackEngines/WindowsStandaloneSupport/UnityEditor.WindowsStandalone.Extensions.dll
Registered in 0.019789 seconds.
- Loaded All Assemblies, in  0.972 seconds
Native extension for WindowsStandalone target not found
Native extension for WebGL target not found
Mono: successfully reloaded assembly
- Finished resetting the current domain, in  0.376 seconds
Domain Reload Profiling: 1345ms
	BeginReloadAssembly (136ms)
		ExecutionOrderSort (0ms)
		DisableScriptedObjects (0ms)
		BackupInstance (0ms)
		ReleaseScriptingObjects (0ms)
		CreateAndSetChildDomain (1ms)
	RebuildCommonClasses (172ms)
	RebuildNativeTypeToScriptingClass (17ms)
	initialDomainReloadingComplete (92ms)
	LoadAllAssembliesAndSetupDomain (553ms)
		LoadAssemblies (131ms)
		RebuildTransferFunctionScriptingTraits (0ms)
		AnalyzeDomain (541ms)
			TypeCache.Refresh (540ms)
				TypeCache.ScanAssembly (299ms)
			ScanForSourceGeneratedMonoScriptInfo (0ms)
			ResolveRequiredComponents (1ms)
	FinalizeReload (376ms)
		ReleaseScriptCaches (0ms)
		RebuildScriptCaches (0ms)
		SetupLoadedEditorAssemblies (294ms)
			LogAssemblyErrors (0ms)
			InitializePlatformSupportModulesInManaged (16ms)
			SetLoadedEditorAssemblies (7ms)
			RefreshPlugins (0ms)
			BeforeProcessingInitializeOnLoad (3ms)
			ProcessInitializeOnLoadAttributes (194ms)
			ProcessInitializeOnLoadMethodAttributes (73ms)
			AfterProcessingInitializeOnLoad (0ms)
			EditorAssembliesLoaded (0ms)
		ExecutionOrderSort2 (0ms)
		AwakeInstancesAfterBackupRestoration (0ms)
========================================================================
Worker process is ready to serve import requests
Begin MonoManager ReloadAssembly
- Loaded All Assemblies, in  1.367 seconds
Refreshing native plugins compatible for Editor in 7.51 ms, found 0 plugins.
Native extension for WindowsStandalone target not found
Native extension for WebGL target not found
Mono: successfully reloaded assembly
- Finished resetting the current domain, in  4.932 seconds
Domain Reload Profiling: 6288ms
	BeginReloadAssembly (220ms)
		ExecutionOrderSort (0ms)
		DisableScriptedObjects (9ms)
		BackupInstance (0ms)
		ReleaseScriptingObjects (0ms)
		CreateAndSetChildDomain (40ms)
	RebuildCommonClasses (66ms)
	RebuildNativeTypeToScriptingClass (16ms)
	initialDomainReloadingComplete (76ms)
	LoadAllAssembliesAndSetupDomain (976ms)
		LoadAssemblies (540ms)
		RebuildTransferFunctionScriptingTraits (0ms)
		AnalyzeDomain (539ms)
			TypeCache.Refresh (480ms)
				TypeCache.ScanAssembly (459ms)
			ScanForSourceGeneratedMonoScriptInfo (40ms)
			ResolveRequiredComponents (19ms)
	FinalizeReload (4933ms)
		ReleaseScriptCaches (0ms)
		RebuildScriptCaches (0ms)
		SetupLoadedEditorAssemblies (2972ms)
			LogAssemblyErrors (0ms)
			InitializePlatformSupportModulesInManaged (15ms)
			SetLoadedEditorAssemblies (7ms)
			RefreshPlugins (0ms)
			BeforeProcessingInitializeOnLoad (181ms)
			ProcessInitializeOnLoadAttributes (573ms)
			ProcessInitializeOnLoadMethodAttributes (2112ms)
			AfterProcessingInitializeOnLoad (13ms)
			EditorAssembliesLoaded (70ms)
		ExecutionOrderSort2 (0ms)
		AwakeInstancesAfterBackupRestoration (477ms)
Launched and connected shader compiler UnityShaderCompiler.exe after 0.15 seconds
Refreshing native plugins compatible for Editor in 7.20 ms, found 0 plugins.
Preloading 0 native plugins for Editor in 0.00 ms.
Unloading 4503 Unused Serialized files (Serialized files now loaded: 0)
Unloading 82 unused Assets / (397.0 KB). Loaded Objects now: 5024.
Memory consumption went from 203.0 MB to 202.6 MB.
Total: 23.452000 ms (FindLiveObjects: 0.471000 ms CreateObjectMapping: 0.448400 ms MarkObjects: 22.150500 ms  DeleteObjects: 0.380300 ms)

AssetImportParameters requested are different than current active one (requested -> active):
  custom:container-demuxer-ogg: 62fdf1f143b41e24485cea50d1cbac27 -> 
  custom:video-decoder-ogg-theora: a1e56fd34408186e4bbccfd4996cb3dc -> 
  custom:framework-win-MediaFoundation: 216162199b28c13a410421893ffa2e32 -> 
  custom:CustomObjectIndexerAttribute: a3ef5dd2817f97addfee359851a9dba5 -> 
  custom:container-demuxer-webm: 4f35f7cbe854078d1ac9338744f61a02 -> 
  custom:container-muxer-webm: aa71ff27fc2769a1b78a27578f13a17b -> 
  custom:video-decoder-webm-vp8: 9c59270c3fd7afecdb556c50c9e8de78 -> 
  custom:AudioImporter_EditorPlatform: d09bf68614088b80899f8185d706f6e7 -> 
  custom:video-encoder-webm-vp8: eb34c28f22e8b96e1ab97ce403110664 -> 
  custom:audio-decoder-ogg-vorbis: bf7c407c2cedff20999df2af8eb42d56 -> 
  custom:audio-encoder-webm-vorbis: bf7c407c2cedff20999df2af8eb42d56 -> 
========================================================================
Received Import Request.
  Time since last request: 332435.529445 seconds.
  path: Assets/Plugins/Zenject/OptionalExtras/SampleGame1 (Beginner)/Media/Imported/SpaceShip/Space_Shooter.fbm
  artifactKey: Guid(f6f123895db13694f8dc32957f06541a) Importer(2089858483,0ecaa5967403d082aa24f35e1b516d23)
Start importing Assets/Plugins/Zenject/OptionalExtras/SampleGame1 (Beginner)/Media/Imported/SpaceShip/Space_Shooter.fbm using Guid(f6f123895db13694f8dc32957f06541a) Importer(2089858483,0ecaa5967403d082aa24f35e1b516d23)  -> (artifact id: '14ae13850ec8440e143f09232b7999a3') in 2.047429 seconds
Number of updated asset objects reloaded before import = 0
Number of asset objects unloaded after import = 1
========================================================================
Received Import Request.
  Time since last request: 0.000028 seconds.
  path: Assets/Models/Door/DoorMat.mat
  artifactKey: Guid(a15f14957c73244438f41d61fd0a7d6d) Importer(2089858483,0ecaa5967403d082aa24f35e1b516d23)
Start importing Assets/Models/Door/DoorMat.mat using Guid(a15f14957c73244438f41d61fd0a7d6d) Importer(2089858483,0ecaa5967403d082aa24f35e1b516d23)  -> (artifact id: 'ceab639f1fef95aa5a5938b2c8558dec') in 0.569211 seconds
Number of updated asset objects reloaded before import = 0
Number of asset objects unloaded after import = 1
========================================================================
Received Import Request.
  Time since last request: 0.000026 seconds.
  path: Assets/Plugins/UniRx/Scripts/UnityEngineBridge/Triggers
  artifactKey: Guid(a1e611840be38554ba34f3807309d416) Importer(2089858483,0ecaa5967403d082aa24f35e1b516d23)
Start importing Assets/Plugins/UniRx/Scripts/UnityEngineBridge/Triggers using Guid(a1e611840be38554ba34f3807309d416) Importer(2089858483,0ecaa5967403d082aa24f35e1b516d23)  -> (artifact id: 'bc23e3cf5815ab7440381e44ce274793') in 0.017215 seconds
Number of updated asset objects reloaded before import = 0
Number of asset objects unloaded after import = 1
========================================================================
Received Import Request.
  Time since last request: 0.000034 seconds.
  path: Assets/Plugins/Zenject/OptionalExtras/IntegrationTests/Resources/TestFromNewScriptableObjectResource
  artifactKey: Guid(a245e891076cda84891b625f049a8a50) Importer(2089858483,0ecaa5967403d082aa24f35e1b516d23)
Start importing Assets/Plugins/Zenject/OptionalExtras/IntegrationTests/Resources/TestFromNewScriptableObjectResource using Guid(a245e891076cda84891b625f049a8a50) Importer(2089858483,0ecaa5967403d082aa24f35e1b516d23)  -> (artifact id: '8c8bf29f0b6469edcbdee10ce8dc4015') in 0.138958 seconds
Number of updated asset objects reloaded before import = 0
Number of asset objects unloaded after import = 1
========================================================================
Received Import Request.
  Time since last request: 0.000020 seconds.
  path: Assets/Plugins/Zenject/OptionalExtras/UnitTests/Editor/Bindings
  artifactKey: Guid(28816ca3d108b4b438d41c88f321f320) Importer(2089858483,0ecaa5967403d082aa24f35e1b516d23)
Start importing Assets/Plugins/Zenject/OptionalExtras/UnitTests/Editor/Bindings using Guid(28816ca3d108b4b438d41c88f321f320) Importer(2089858483,0ecaa5967403d082aa24f35e1b516d23)  -> (artifact id: 'f19a95fdd53d392bc8f749219acd5e3b') in 0.014569 seconds
Number of updated asset objects reloaded before import = 0
Number of asset objects unloaded after import = 1
========================================================================
Received Import Request.
  Time since last request: 0.000020 seconds.
  path: Assets/Plugins/Zenject/OptionalExtras/IntegrationTests/SceneContractTests
  artifactKey: Guid(592a6dde84e9059429e3a1d7251173c0) Importer(2089858483,0ecaa5967403d082aa24f35e1b516d23)
Start importing Assets/Plugins/Zenject/OptionalExtras/IntegrationTests/SceneContractTests using Guid(592a6dde84e9059429e3a1d7251173c0) Importer(2089858483,0ecaa5967403d082aa24f35e1b516d23)  -> (artifact id: '06ef0cf1e0e7e9f3a4a86aedd2824530') in 0.692220 seconds
Number of updated asset objects reloaded before import = 0
Number of asset objects unloaded after import = 1
========================================================================
Received Import Request.
  Time since last request: 0.000030 seconds.
  path: Assets/Plugins/Zenject/OptionalExtras/IntegrationTests/Resources/TestFromPrefabResource/Foo2.prefab
  artifactKey: Guid(9146491203c645f49a66db4d5320f053) Importer(2089858483,3d70f49cd1c2eb9ae422958d1c652c6b)
Start importing Assets/Plugins/Zenject/OptionalExtras/IntegrationTests/Resources/TestFromPrefabResource/Foo2.prefab using Guid(9146491203c645f49a66db4d5320f053) Importer(2089858483,3d70f49cd1c2eb9ae422958d1c652c6b)  -> (artifact id: '9057a15a3d7edf832127ab355313f2bf') in 0.062379 seconds
Number of updated asset objects reloaded before import = 0
Number of asset objects unloaded after import = 5
========================================================================
Received Import Request.
  Time since last request: 0.000027 seconds.
  path: Assets/Plugins/Zenject/OptionalExtras/UnitTests/Editor/Conventions
  artifactKey: Guid(d322f266a648de143bab8a9ddd80093e) Importer(2089858483,0ecaa5967403d082aa24f35e1b516d23)
Start importing Assets/Plugins/Zenject/OptionalExtras/UnitTests/Editor/Conventions using Guid(d322f266a648de143bab8a9ddd80093e) Importer(2089858483,0ecaa5967403d082aa24f35e1b516d23)  -> (artifact id: '3c517905fe411779931178062be780aa') in 0.021335 seconds
Number of updated asset objects reloaded before import = 0
Number of asset objects unloaded after import = 1
========================================================================
Received Import Request.
  Time since last request: 0.000024 seconds.
  path: Assets/Plugins/Zenject/OptionalExtras/IntegrationTests/Resources/TestFromPrefabInstaller
  artifactKey: Guid(396f514c0484084449cf9b3928cf750a) Importer(2089858483,0ecaa5967403d082aa24f35e1b516d23)
Start importing Assets/Plugins/Zenject/OptionalExtras/IntegrationTests/Resources/TestFromPrefabInstaller using Guid(396f514c0484084449cf9b3928cf750a) Importer(2089858483,0ecaa5967403d082aa24f35e1b516d23)  -> (artifact id: '4e078ae0b1104dd4aa80f367984f533f') in 0.019436 seconds
Number of updated asset objects reloaded before import = 0
Number of asset objects unloaded after import = 1
========================================================================
Received Import Request.
  Time since last request: 0.000026 seconds.
  path: Assets/Plugins/Zenject/Source/Binding/Binders/Factory/FactoryArgumentsToChoiceBinder
  artifactKey: Guid(a98bfb0d0ee819f49b8dde876cc13e53) Importer(2089858483,0ecaa5967403d082aa24f35e1b516d23)
Start importing Assets/Plugins/Zenject/Source/Binding/Binders/Factory/FactoryArgumentsToChoiceBinder using Guid(a98bfb0d0ee819f49b8dde876cc13e53) Importer(2089858483,0ecaa5967403d082aa24f35e1b516d23)  -> (artifact id: '6fdb2c4a640080dc5a9c00d33f7204fe') in 0.030035 seconds
Number of updated asset objects reloaded before import = 0
Number of asset objects unloaded after import = 1
========================================================================
Received Import Request.
  Time since last request: 0.000029 seconds.
  path: Assets/Thirdparty/TextMesh Pro/Sprites
  artifactKey: Guid(34a2b5102c9a0cc4690fab5068172016) Importer(2089858483,0ecaa5967403d082aa24f35e1b516d23)
Start importing Assets/Thirdparty/TextMesh Pro/Sprites using Guid(34a2b5102c9a0cc4690fab5068172016) Importer(2089858483,0ecaa5967403d082aa24f35e1b516d23)  -> (artifact id: '5753cb02182379dc9cf7122d849ebd69') in 0.035555 seconds
Number of updated asset objects reloaded before import = 0
Number of asset objects unloaded after import = 1
========================================================================
Received Import Request.
  Time since last request: 0.000017 seconds.
  path: Assets/Plugins/Zenject/OptionalExtras/IntegrationTests/Factories
  artifactKey: Guid(3cc049339fa67774a9891b43e61d4773) Importer(2089858483,0ecaa5967403d082aa24f35e1b516d23)
Start importing Assets/Plugins/Zenject/OptionalExtras/IntegrationTests/Factories using Guid(3cc049339fa67774a9891b43e61d4773) Importer(2089858483,0ecaa5967403d082aa24f35e1b516d23)  -> (artifact id: 'f254f11fc2d1b8527c7f2f6ad8ec3661') in 0.018305 seconds
Number of updated asset objects reloaded before import = 0
Number of asset objects unloaded after import = 1
========================================================================
Received Import Request.
  Time since last request: 0.000024 seconds.
  path: Assets/Plugins/Zenject/OptionalExtras/SampleGame1 (Beginner)/Media/Imported/Textures
  artifactKey: Guid(e96f8c87175c2d7499578849d4be8375) Importer(2089858483,0ecaa5967403d082aa24f35e1b516d23)
Start importing Assets/Plugins/Zenject/OptionalExtras/SampleGame1 (Beginner)/Media/Imported/Textures using Guid(e96f8c87175c2d7499578849d4be8375) Importer(2089858483,0ecaa5967403d082aa24f35e1b516d23)  -> (artifact id: '0f6d8c761f43cd9d0771d4736a721230') in 0.025698 seconds
Number of updated asset objects reloaded before import = 0
Number of asset objects unloaded after import = 1
========================================================================
Received Import Request.
  Time since last request: 0.000024 seconds.
  path: Assets/Plugins/PrimeTween/Demo/Scripts/MeasureAllocations
  artifactKey: Guid(b0ca291f27b1cf941bb83692c3a212b7) Importer(2089858483,0ecaa5967403d082aa24f35e1b516d23)
Start importing Assets/Plugins/PrimeTween/Demo/Scripts/MeasureAllocations using Guid(b0ca291f27b1cf941bb83692c3a212b7) Importer(2089858483,0ecaa5967403d082aa24f35e1b516d23)  -> (artifact id: 'f78570b1faf7c3a42e92677f0d010c8f') in 0.033769 seconds
Number of updated asset objects reloaded before import = 0
Number of asset objects unloaded after import = 1
========================================================================
Received Import Request.
  Time since last request: 0.000030 seconds.
  path: Assets/Thirdparty/Ciathyza/Gridbox Prototype Materials/Materials/URP
  artifactKey: Guid(1e267e1ad9389af478520bd07bfd3a86) Importer(2089858483,0ecaa5967403d082aa24f35e1b516d23)
Start importing Assets/Thirdparty/Ciathyza/Gridbox Prototype Materials/Materials/URP using Guid(1e267e1ad9389af478520bd07bfd3a86) Importer(2089858483,0ecaa5967403d082aa24f35e1b516d23)  -> (artifact id: '127fbf33c1af1a99cb4dd67bb266241b') in 0.021837 seconds
Number of updated asset objects reloaded before import = 0
Number of asset objects unloaded after import = 1
========================================================================
Received Import Request.
  Time since last request: 0.000023 seconds.
  path: Assets/Plugins/Zenject/OptionalExtras/UnitTests/Editor/Profiling
  artifactKey: Guid(ebe914f0342c5cb4189832fc07c9df01) Importer(2089858483,0ecaa5967403d082aa24f35e1b516d23)
Start importing Assets/Plugins/Zenject/OptionalExtras/UnitTests/Editor/Profiling using Guid(ebe914f0342c5cb4189832fc07c9df01) Importer(2089858483,0ecaa5967403d082aa24f35e1b516d23)  -> (artifact id: '528be03216de80566a9fee07c6efdb7a') in 0.024291 seconds
Number of updated asset objects reloaded before import = 0
Number of asset objects unloaded after import = 1
========================================================================
Received Import Request.
  Time since last request: 0.000017 seconds.
  path: Assets/Thirdparty/Ciathyza/Gridbox Prototype Materials/Demo/Prototype Materials Demo/Neon Light.mat
  artifactKey: Guid(b234e1586ac9f524f8162eb03da23c35) Importer(2089858483,0ecaa5967403d082aa24f35e1b516d23)
Start importing Assets/Thirdparty/Ciathyza/Gridbox Prototype Materials/Demo/Prototype Materials Demo/Neon Light.mat using Guid(b234e1586ac9f524f8162eb03da23c35) Importer(2089858483,0ecaa5967403d082aa24f35e1b516d23)  -> (artifact id: 'd0cc7c972a38d2830ddfe3478eb6d4ad') in 0.031702 seconds
Number of updated asset objects reloaded before import = 0
Number of asset objects unloaded after import = 1
========================================================================
Received Import Request.
  Time since last request: 0.000018 seconds.
  path: Assets/Plugins/Zenject/OptionalExtras/IntegrationTests/Misc/TestZenAutoInjecter/Resources/TestZenAutoInjecter
  artifactKey: Guid(8bd217d9e47b22d4db8e2a90c599e486) Importer(2089858483,0ecaa5967403d082aa24f35e1b516d23)
Start importing Assets/Plugins/Zenject/OptionalExtras/IntegrationTests/Misc/TestZenAutoInjecter/Resources/TestZenAutoInjecter using Guid(8bd217d9e47b22d4db8e2a90c599e486) Importer(2089858483,0ecaa5967403d082aa24f35e1b516d23)  -> (artifact id: '2b651b669ab0d4389f888e7a0a7d761a') in 0.020159 seconds
Number of updated asset objects reloaded before import = 0
Number of asset objects unloaded after import = 1
========================================================================
Received Import Request.
  Time since last request: 0.000016 seconds.
  path: Assets/Thirdparty/GrabIt/Core
  artifactKey: Guid(8a827b6e6727f5d4e911daa7c537faf6) Importer(2089858483,0ecaa5967403d082aa24f35e1b516d23)
Start importing Assets/Thirdparty/GrabIt/Core using Guid(8a827b6e6727f5d4e911daa7c537faf6) Importer(2089858483,0ecaa5967403d082aa24f35e1b516d23)  -> (artifact id: 'edb9a0e82a59eb9dfe0dca89e5b8c6bf') in 0.016956 seconds
Number of updated asset objects reloaded before import = 0
Number of asset objects unloaded after import = 1
========================================================================
Received Import Request.
  Time since last request: 0.000017 seconds.
  path: Assets/Thirdparty/GrabIt/Demo/Materials
  artifactKey: Guid(51591b3a08237cf4da5f8a9b343378ce) Importer(2089858483,0ecaa5967403d082aa24f35e1b516d23)
Start importing Assets/Thirdparty/GrabIt/Demo/Materials using Guid(51591b3a08237cf4da5f8a9b343378ce) Importer(2089858483,0ecaa5967403d082aa24f35e1b516d23)  -> (artifact id: 'f9d2d159d76b10fa8c241215221509b5') in 0.040097 seconds
Number of updated asset objects reloaded before import = 0
Number of asset objects unloaded after import = 1
========================================================================
Received Import Request.
  Time since last request: 0.000020 seconds.
  path: Assets/Plugins/Zenject/OptionalExtras/IntegrationTests/Resources/TestFromNewScriptableObjectResource/Bob.asset
  artifactKey: Guid(9289183e3ad860b418ba6693f3ddb3c3) Importer(2089858483,3d70f49cd1c2eb9ae422958d1c652c6b)
Start importing Assets/Plugins/Zenject/OptionalExtras/IntegrationTests/Resources/TestFromNewScriptableObjectResource/Bob.asset using Guid(9289183e3ad860b418ba6693f3ddb3c3) Importer(2089858483,3d70f49cd1c2eb9ae422958d1c652c6b)  -> (artifact id: '9bc6636a396bfa156acdc87c5e592f35') in 0.037272 seconds
Number of updated asset objects reloaded before import = 0
Number of asset objects unloaded after import = 1
========================================================================
Received Import Request.
  Time since last request: 0.000025 seconds.
  path: Assets/Plugins/Zenject/OptionalExtras/SampleGame2 (Advanced)/Scenes
  artifactKey: Guid(2028664c60a46414c8bdc44330967724) Importer(2089858483,0ecaa5967403d082aa24f35e1b516d23)
Start importing Assets/Plugins/Zenject/OptionalExtras/SampleGame2 (Advanced)/Scenes using Guid(2028664c60a46414c8bdc44330967724) Importer(2089858483,0ecaa5967403d082aa24f35e1b516d23)  -> (artifact id: '2d6c9fd99d1ca0723fde6221d6a841ec') in 0.017558 seconds
Number of updated asset objects reloaded before import = 0
Number of asset objects unloaded after import = 1
========================================================================
Received Import Request.
  Time since last request: 0.000022 seconds.
  path: Assets/Plugins/Zenject/OptionalExtras/IntegrationTests/Tests
  artifactKey: Guid(acf3be04b87f67645ae3c0fc8b06148f) Importer(2089858483,0ecaa5967403d082aa24f35e1b516d23)
Start importing Assets/Plugins/Zenject/OptionalExtras/IntegrationTests/Tests using Guid(acf3be04b87f67645ae3c0fc8b06148f) Importer(2089858483,0ecaa5967403d082aa24f35e1b516d23)  -> (artifact id: 'ac48a46363600f98f84d4b293a1d0080') in 0.023513 seconds
Number of updated asset objects reloaded before import = 0
Number of asset objects unloaded after import = 1
========================================================================
Received Import Request.
  Time since last request: 0.000016 seconds.
  path: Assets/Plugins/Zenject/Source/Usage
  artifactKey: Guid(98b71c1ce4841bf44903f5fa8daac542) Importer(2089858483,0ecaa5967403d082aa24f35e1b516d23)
Start importing Assets/Plugins/Zenject/Source/Usage using Guid(98b71c1ce4841bf44903f5fa8daac542) Importer(2089858483,0ecaa5967403d082aa24f35e1b516d23)  -> (artifact id: '5e9707ea2911d79702f077a5bfc67586') in 0.026200 seconds
Number of updated asset objects reloaded before import = 0
Number of asset objects unloaded after import = 1
========================================================================
Received Import Request.
  Time since last request: 0.000019 seconds.
  path: Assets/Resources/ProjectContext.prefab
  artifactKey: Guid(3e79fff933489f64f801ef3e1570b650) Importer(2089858483,3d70f49cd1c2eb9ae422958d1c652c6b)
Start importing Assets/Resources/ProjectContext.prefab using Guid(3e79fff933489f64f801ef3e1570b650) Importer(2089858483,3d70f49cd1c2eb9ae422958d1c652c6b)  -> (artifact id: '33a2911144269c7878e281611f9ace1a') in 0.029691 seconds
Number of updated asset objects reloaded before import = 0
Number of asset objects unloaded after import = 5
========================================================================
Received Import Request.
  Time since last request: 0.000113 seconds.
  path: Assets/Plugins/Zenject/OptionalExtras/IntegrationTests/Installers/Resources/TestMonoInstallers/FooInstaller.prefab
  artifactKey: Guid(f752d3566de61d84cb9e189c91ac3652) Importer(2089858483,3d70f49cd1c2eb9ae422958d1c652c6b)
Start importing Assets/Plugins/Zenject/OptionalExtras/IntegrationTests/Installers/Resources/TestMonoInstallers/FooInstaller.prefab using Guid(f752d3566de61d84cb9e189c91ac3652) Importer(2089858483,3d70f49cd1c2eb9ae422958d1c652c6b)  -> (artifact id: '9f40f75cfc78fda376512faf40af4b8c') in 0.028747 seconds
Number of updated asset objects reloaded before import = 0
Number of asset objects unloaded after import = 5
========================================================================
Received Import Request.
  Time since last request: 0.000018 seconds.
  path: Assets/Plugins/Zenject/OptionalExtras/SampleGame2 (Advanced)/Media/Materials
  artifactKey: Guid(2554cf9d6f9c5d046991b0e95eae54de) Importer(2089858483,0ecaa5967403d082aa24f35e1b516d23)
Start importing Assets/Plugins/Zenject/OptionalExtras/SampleGame2 (Advanced)/Media/Materials using Guid(2554cf9d6f9c5d046991b0e95eae54de) Importer(2089858483,0ecaa5967403d082aa24f35e1b516d23)  -> (artifact id: '7329c2c9cc510c92598dc674f3a7b013') in 0.020601 seconds
Number of updated asset objects reloaded before import = 0
Number of asset objects unloaded after import = 1
========================================================================
Received Import Request.
  Time since last request: 0.001200 seconds.
  path: Assets/Thirdparty/TextMesh Pro/Resources/Fonts & Materials
  artifactKey: Guid(b781d6e712aa7094db421b74d861ee29) Importer(2089858483,0ecaa5967403d082aa24f35e1b516d23)
Start importing Assets/Thirdparty/TextMesh Pro/Resources/Fonts & Materials using Guid(b781d6e712aa7094db421b74d861ee29) Importer(2089858483,0ecaa5967403d082aa24f35e1b516d23)  -> (artifact id: '7a3bd49f5ffadf0f5d4e0d8806fe5068') in 0.022221 seconds
Number of updated asset objects reloaded before import = 0
Number of asset objects unloaded after import = 1
========================================================================
Received Import Request.
  Time since last request: 0.000046 seconds.
  path: Assets/Thirdparty/Ciathyza/Gridbox Prototype Materials/Materials/Standard/Prototype_512x512_Orange.mat
  artifactKey: Guid(652107f36a28e44479c0b827dee5852a) Importer(2089858483,0ecaa5967403d082aa24f35e1b516d23)
Start importing Assets/Thirdparty/Ciathyza/Gridbox Prototype Materials/Materials/Standard/Prototype_512x512_Orange.mat using Guid(652107f36a28e44479c0b827dee5852a) Importer(2089858483,0ecaa5967403d082aa24f35e1b516d23)  -> (artifact id: 'd9fabf813e19b28d376b6e3a36befa83') in 0.037026 seconds
Number of updated asset objects reloaded before import = 0
Number of asset objects unloaded after import = 3
========================================================================
Received Import Request.
  Time since last request: 0.000018 seconds.
  path: Assets/Thirdparty/Ciathyza/Gridbox Prototype Materials/Materials/HDRP/Prototype_512x512_Purple.mat
  artifactKey: Guid(08ad40672f8bdd84c8231727ae06ba48) Importer(2089858483,0ecaa5967403d082aa24f35e1b516d23)
Start importing Assets/Thirdparty/Ciathyza/Gridbox Prototype Materials/Materials/HDRP/Prototype_512x512_Purple.mat using Guid(08ad40672f8bdd84c8231727ae06ba48) Importer(2089858483,0ecaa5967403d082aa24f35e1b516d23)  -> (artifact id: '1457ebc68e17c8ced805929c01bbb581') in 0.037897 seconds
Number of updated asset objects reloaded before import = 0
Number of asset objects unloaded after import = 1
========================================================================
Received Import Request.
  Time since last request: 0.000014 seconds.
  path: Assets/Thirdparty/Ciathyza/Gridbox Prototype Materials/Materials/Standard/Prototype_512x512_Brown.mat
  artifactKey: Guid(a54b7ad866d3a9b47bbf3b53baa0acc4) Importer(2089858483,0ecaa5967403d082aa24f35e1b516d23)
Start importing Assets/Thirdparty/Ciathyza/Gridbox Prototype Materials/Materials/Standard/Prototype_512x512_Brown.mat using Guid(a54b7ad866d3a9b47bbf3b53baa0acc4) Importer(2089858483,0ecaa5967403d082aa24f35e1b516d23)  -> (artifact id: 'd514e4a55ff3d54855bc114203045a40') in 0.041236 seconds
Number of updated asset objects reloaded before import = 0
Number of asset objects unloaded after import = 3
========================================================================
Received Import Request.
  Time since last request: 0.000020 seconds.
  path: Assets/Thirdparty/Ciathyza/Gridbox Prototype Materials/Materials/URP/Prototype_512x512_Brown.mat
  artifactKey: Guid(9f74a13152dad544abedc7538eb3182c) Importer(2089858483,0ecaa5967403d082aa24f35e1b516d23)
Start importing Assets/Thirdparty/Ciathyza/Gridbox Prototype Materials/Materials/URP/Prototype_512x512_Brown.mat using Guid(9f74a13152dad544abedc7538eb3182c) Importer(2089858483,0ecaa5967403d082aa24f35e1b516d23)  -> (artifact id: '1f17f889b7009b8f03d365545d398fc9') in 0.023088 seconds
Number of updated asset objects reloaded before import = 0
Number of asset objects unloaded after import = 3
========================================================================
Received Import Request.
  Time since last request: 0.000023 seconds.
  path: Assets/Thirdparty/Ciathyza/Gridbox Prototype Materials/Materials/HDRP/Prototype_512x512_Grey2.mat
  artifactKey: Guid(572218b186e96c648853f56156b07925) Importer(2089858483,0ecaa5967403d082aa24f35e1b516d23)
Start importing Assets/Thirdparty/Ciathyza/Gridbox Prototype Materials/Materials/HDRP/Prototype_512x512_Grey2.mat using Guid(572218b186e96c648853f56156b07925) Importer(2089858483,0ecaa5967403d082aa24f35e1b516d23)  -> (artifact id: 'f88b771f1b131109b678bb641fb5bf3a') in 0.046375 seconds
Number of updated asset objects reloaded before import = 0
Number of asset objects unloaded after import = 1
========================================================================
Received Import Request.
  Time since last request: 0.000025 seconds.
  path: Assets/Plugins/Zenject/OptionalExtras/IntegrationTests/Tests/Installers
  artifactKey: Guid(ea2e3351a328fa74383ca4761435128b) Importer(2089858483,0ecaa5967403d082aa24f35e1b516d23)
Start importing Assets/Plugins/Zenject/OptionalExtras/IntegrationTests/Tests/Installers using Guid(ea2e3351a328fa74383ca4761435128b) Importer(2089858483,0ecaa5967403d082aa24f35e1b516d23)  -> (artifact id: '3d56f2e887223fadda059d59a4951c31') in 0.017784 seconds
Number of updated asset objects reloaded before import = 0
Number of asset objects unloaded after import = 1
========================================================================
Received Import Request.
  Time since last request: 0.000030 seconds.
  path: Assets/Thirdparty/Ciathyza/Gridbox Prototype Materials/Materials/HDRP/Prototype_512x512_Olive.mat
  artifactKey: Guid(a3b40d06620734d4fa8f4423d0f09692) Importer(2089858483,0ecaa5967403d082aa24f35e1b516d23)
Start importing Assets/Thirdparty/Ciathyza/Gridbox Prototype Materials/Materials/HDRP/Prototype_512x512_Olive.mat using Guid(a3b40d06620734d4fa8f4423d0f09692) Importer(2089858483,0ecaa5967403d082aa24f35e1b516d23)  -> (artifact id: '9dfdd33eb0ffefce55e76383a026d01a') in 0.023867 seconds
Number of updated asset objects reloaded before import = 0
Number of asset objects unloaded after import = 1
========================================================================
Received Import Request.
  Time since last request: 0.000017 seconds.
  path: Assets/Plugins/Zenject/OptionalExtras/IntegrationTests/SceneContractTests/Decorators/Scene2.unity
  artifactKey: Guid(df907bd26b185144ebb89692329ee0bb) Importer(2089858483,3d70f49cd1c2eb9ae422958d1c652c6b)
Start importing Assets/Plugins/Zenject/OptionalExtras/IntegrationTests/SceneContractTests/Decorators/Scene2.unity using Guid(df907bd26b185144ebb89692329ee0bb) Importer(2089858483,3d70f49cd1c2eb9ae422958d1c652c6b) Opening scene 'Assets/Plugins/Zenject/OptionalExtras/IntegrationTests/SceneContractTests/Decorators/Scene2.unity additively'
LightingSettings: switching bake backend from 1 to 0.
Loaded scene 'Assets/Plugins/Zenject/OptionalExtras/IntegrationTests/SceneContractTests/Decorators/Scene2.unity'
	Deserialize:            9.400 ms
	Integration:            2.361 ms
	Integration of assets:  0.015 ms
	Thread Wait Time:       0.076 ms
	Total Operation Time:   11.852 ms
 -> (artifact id: '951ec4be717556a6a3b6342cb64c4999') in 0.032072 seconds
Number of updated asset objects reloaded before import = 0
Number of asset objects unloaded after import = 1
Editor requested this worker to shutdown with reason: balancing worker count downwards
TcpMessagingSession - receive error: operation aborted. errorcode: 995, details: ќпераци€ ввода/вывода была прервана из-за завершени€ потока команд или по запросу приложени€.
AssetImportWorker is now disconnected from the server
Process exiting
Exiting without the bug reporter. Application will terminate with return code 0