Using pre-set license
Built from '2022.3/staging' branch; Version is '2022.3.4f1 (35713cd46cd7) revision 3502396'; Using compiler version '192829333'; Build Type 'Release'
OS: 'Windows 10  (10.0.19044) 64bit Core' Language: 'ru' Physical Memory: 16265 MB
BatchMode: 1, IsHumanControllingUs: 0, StartBugReporterOnCrash: 0, Is64bit: 1, IsPro: 1

COMMAND LINE ARGUMENTS:
C:\Program Files\Unity\Hub\Editor\2022.3.4f1\Editor\Unity.exe
-adb2
-batchMode
-noUpm
-name
AssetImportWorker13
-projectPath
C:/GitHub/Candle
-logFile
Logs/AssetImportWorker13.log
-srvPort
62092
Successfully changed project path to: C:/GitHub/Candle
C:/GitHub/Candle
[UnityMemory] Configuration Parameters - Can be set up in boot.config
    "memorysetup-bucket-allocator-granularity=16"
    "memorysetup-bucket-allocator-bucket-count=8"
    "memorysetup-bucket-allocator-block-size=33554432"
    "memorysetup-bucket-allocator-block-count=8"
    "memorysetup-main-allocator-block-size=16777216"
    "memorysetup-thread-allocator-block-size=16777216"
    "memorysetup-gfx-main-allocator-block-size=16777216"
    "memorysetup-gfx-thread-allocator-block-size=16777216"
    "memorysetup-cache-allocator-block-size=4194304"
    "memorysetup-typetree-allocator-block-size=2097152"
    "memorysetup-profiler-bucket-allocator-granularity=16"
    "memorysetup-profiler-bucket-allocator-bucket-count=8"
    "memorysetup-profiler-bucket-allocator-block-size=33554432"
    "memorysetup-profiler-bucket-allocator-block-count=8"
    "memorysetup-profiler-allocator-block-size=16777216"
    "memorysetup-profiler-editor-allocator-block-size=1048576"
    "memorysetup-temp-allocator-size-main=16777216"
    "memorysetup-job-temp-allocator-block-size=2097152"
    "memorysetup-job-temp-allocator-block-size-background=1048576"
    "memorysetup-job-temp-allocator-reduction-small-platforms=262144"
    "memorysetup-allocator-temp-initial-block-size-main=262144"
    "memorysetup-allocator-temp-initial-block-size-worker=262144"
    "memorysetup-temp-allocator-size-background-worker=32768"
    "memorysetup-temp-allocator-size-job-worker=262144"
    "memorysetup-temp-allocator-size-preload-manager=33554432"
    "memorysetup-temp-allocator-size-nav-mesh-worker=65536"
    "memorysetup-temp-allocator-size-audio-worker=65536"
    "memorysetup-temp-allocator-size-cloud-worker=32768"
    "memorysetup-temp-allocator-size-gi-baking-worker=262144"
    "memorysetup-temp-allocator-size-gfx=262144"
Player connection [4064] Host "[IP] 192.168.10.12 [Port] 0 [Flags] 2 [Guid] 119513633 [EditorId] 119513633 [Version] 1048832 [Id] WindowsEditor(7,DESKTOP-9515GSQ) [Debug] 1 [PackageName] WindowsEditor [ProjectName] Editor" joined multi-casting on [225.0.0.222:54997]...

Player connection [4064] Host "[IP] 192.168.10.12 [Port] 0 [Flags] 2 [Guid] 119513633 [EditorId] 119513633 [Version] 1048832 [Id] WindowsEditor(7,DESKTOP-9515GSQ) [Debug] 1 [PackageName] WindowsEditor [ProjectName] Editor" joined alternative multi-casting on [225.0.0.222:34997]...

Refreshing native plugins compatible for Editor in 23.28 ms, found 0 plugins.
Preloading 0 native plugins for Editor in 0.00 ms.
Initialize engine version: 2022.3.4f1 (35713cd46cd7)
[Subsystems] Discovering subsystems at path C:/Program Files/Unity/Hub/Editor/2022.3.4f1/Editor/Data/Resources/UnitySubsystems
[Subsystems] Discovering subsystems at path C:/GitHub/Candle/Assets
GfxDevice: creating device client; threaded=0; jobified=0
Direct3D:
    Version:  Direct3D 11.0 [level 11.1]
    Renderer: NVIDIA GeForce RTX 3070 (ID=0x2484)
    Vendor:   NVIDIA
    VRAM:     8031 MB
    Driver:   31.0.15.3203
Initialize mono
Mono path[0] = 'C:/Program Files/Unity/Hub/Editor/2022.3.4f1/Editor/Data/Managed'
Mono path[1] = 'C:/Program Files/Unity/Hub/Editor/2022.3.4f1/Editor/Data/MonoBleedingEdge/lib/mono/unityjit-win32'
Mono config path = 'C:/Program Files/Unity/Hub/Editor/2022.3.4f1/Editor/Data/MonoBleedingEdge/etc'
Using monoOptions --debugger-agent=transport=dt_socket,embedding=1,server=y,suspend=n,address=127.0.0.1:56812
Begin MonoManager ReloadAssembly
Registering precompiled unity dll's ...
Register platform support module: C:/Program Files/Unity/Hub/Editor/2022.3.4f1/Editor/Data/PlaybackEngines/WebGLSupport/UnityEditor.WebGL.Extensions.dll
Register platform support module: C:/Program Files/Unity/Hub/Editor/2022.3.4f1/Editor/Data/PlaybackEngines/WindowsStandaloneSupport/UnityEditor.WindowsStandalone.Extensions.dll
Registered in 0.021143 seconds.
- Loaded All Assemblies, in  0.976 seconds
Native extension for WindowsStandalone target not found
Native extension for WebGL target not found
Mono: successfully reloaded assembly
- Finished resetting the current domain, in  0.374 seconds
Domain Reload Profiling: 1347ms
	BeginReloadAssembly (129ms)
		ExecutionOrderSort (0ms)
		DisableScriptedObjects (0ms)
		BackupInstance (0ms)
		ReleaseScriptingObjects (0ms)
		CreateAndSetChildDomain (1ms)
	RebuildCommonClasses (176ms)
	RebuildNativeTypeToScriptingClass (15ms)
	initialDomainReloadingComplete (94ms)
	LoadAllAssembliesAndSetupDomain (557ms)
		LoadAssemblies (125ms)
		RebuildTransferFunctionScriptingTraits (0ms)
		AnalyzeDomain (546ms)
			TypeCache.Refresh (545ms)
				TypeCache.ScanAssembly (305ms)
			ScanForSourceGeneratedMonoScriptInfo (1ms)
			ResolveRequiredComponents (1ms)
	FinalizeReload (375ms)
		ReleaseScriptCaches (0ms)
		RebuildScriptCaches (0ms)
		SetupLoadedEditorAssemblies (292ms)
			LogAssemblyErrors (0ms)
			InitializePlatformSupportModulesInManaged (19ms)
			SetLoadedEditorAssemblies (9ms)
			RefreshPlugins (0ms)
			BeforeProcessingInitializeOnLoad (6ms)
			ProcessInitializeOnLoadAttributes (191ms)
			ProcessInitializeOnLoadMethodAttributes (66ms)
			AfterProcessingInitializeOnLoad (0ms)
			EditorAssembliesLoaded (0ms)
		ExecutionOrderSort2 (0ms)
		AwakeInstancesAfterBackupRestoration (0ms)
========================================================================
Worker process is ready to serve import requests
Begin MonoManager ReloadAssembly
- Loaded All Assemblies, in  1.332 seconds
Refreshing native plugins compatible for Editor in 5.80 ms, found 0 plugins.
Native extension for WindowsStandalone target not found
Native extension for WebGL target not found
Mono: successfully reloaded assembly
- Finished resetting the current domain, in  9.197 seconds
Domain Reload Profiling: 10522ms
	BeginReloadAssembly (207ms)
		ExecutionOrderSort (0ms)
		DisableScriptedObjects (8ms)
		BackupInstance (0ms)
		ReleaseScriptingObjects (0ms)
		CreateAndSetChildDomain (31ms)
	RebuildCommonClasses (50ms)
	RebuildNativeTypeToScriptingClass (16ms)
	initialDomainReloadingComplete (69ms)
	LoadAllAssembliesAndSetupDomain (982ms)
		LoadAssemblies (533ms)
		RebuildTransferFunctionScriptingTraits (0ms)
		AnalyzeDomain (544ms)
			TypeCache.Refresh (479ms)
				TypeCache.ScanAssembly (463ms)
			ScanForSourceGeneratedMonoScriptInfo (40ms)
			ResolveRequiredComponents (24ms)
	FinalizeReload (9197ms)
		ReleaseScriptCaches (0ms)
		RebuildScriptCaches (0ms)
		SetupLoadedEditorAssemblies (8637ms)
			LogAssemblyErrors (0ms)
			InitializePlatformSupportModulesInManaged (13ms)
			SetLoadedEditorAssemblies (6ms)
			RefreshPlugins (0ms)
			BeforeProcessingInitializeOnLoad (192ms)
			ProcessInitializeOnLoadAttributes (6854ms)
			ProcessInitializeOnLoadMethodAttributes (1554ms)
			AfterProcessingInitializeOnLoad (17ms)
			EditorAssembliesLoaded (0ms)
		ExecutionOrderSort2 (0ms)
		AwakeInstancesAfterBackupRestoration (92ms)
Launched and connected shader compiler UnityShaderCompiler.exe after 1.04 seconds
Refreshing native plugins compatible for Editor in 8.20 ms, found 0 plugins.
Preloading 0 native plugins for Editor in 0.00 ms.
Unloading 4503 Unused Serialized files (Serialized files now loaded: 0)
Unloading 82 unused Assets / (397.0 KB). Loaded Objects now: 5024.
Memory consumption went from 203.1 MB to 202.7 MB.
Total: 29.028400 ms (FindLiveObjects: 0.696900 ms CreateObjectMapping: 1.110100 ms MarkObjects: 26.669000 ms  DeleteObjects: 0.550500 ms)

AssetImportParameters requested are different than current active one (requested -> active):
  custom:container-demuxer-ogg: 62fdf1f143b41e24485cea50d1cbac27 -> 
  custom:video-decoder-ogg-theora: a1e56fd34408186e4bbccfd4996cb3dc -> 
  custom:framework-win-MediaFoundation: 216162199b28c13a410421893ffa2e32 -> 
  custom:CustomObjectIndexerAttribute: a3ef5dd2817f97addfee359851a9dba5 -> 
  custom:container-demuxer-webm: 4f35f7cbe854078d1ac9338744f61a02 -> 
  custom:container-muxer-webm: aa71ff27fc2769a1b78a27578f13a17b -> 
  custom:video-decoder-webm-vp8: 9c59270c3fd7afecdb556c50c9e8de78 -> 
  custom:AudioImporter_EditorPlatform: d09bf68614088b80899f8185d706f6e7 -> 
  custom:video-encoder-webm-vp8: eb34c28f22e8b96e1ab97ce403110664 -> 
  custom:audio-decoder-ogg-vorbis: bf7c407c2cedff20999df2af8eb42d56 -> 
  custom:audio-encoder-webm-vorbis: bf7c407c2cedff20999df2af8eb42d56 -> 
========================================================================
Received Import Request.
  Time since last request: 332436.944792 seconds.
  path: Assets/Scenes/PresentationScene.unity
  artifactKey: Guid(641cf30f534196e409cff7ce8e51f848) Importer(2089858483,0ecaa5967403d082aa24f35e1b516d23)
Start importing Assets/Scenes/PresentationScene.unity using Guid(641cf30f534196e409cff7ce8e51f848) Importer(2089858483,0ecaa5967403d082aa24f35e1b516d23)  -> (artifact id: '839104c5830dfeb84ece7bcf9899f59f') in 1.584989 seconds
Number of updated asset objects reloaded before import = 0
Number of asset objects unloaded after import = 1
========================================================================
Received Import Request.
  Time since last request: 0.028518 seconds.
  path: Assets/Plugins/Zenject/OptionalExtras/IntegrationTests/Factories/Resources/TestBindFactoryFive
  artifactKey: Guid(9314ffd05ead9c341b3e4d61221c2fa8) Importer(2089858483,0ecaa5967403d082aa24f35e1b516d23)
Start importing Assets/Plugins/Zenject/OptionalExtras/IntegrationTests/Factories/Resources/TestBindFactoryFive using Guid(9314ffd05ead9c341b3e4d61221c2fa8) Importer(2089858483,0ecaa5967403d082aa24f35e1b516d23)  -> (artifact id: '907f432a6ccae67f1e002878b1152878') in 0.015418 seconds
Number of updated asset objects reloaded before import = 0
Number of asset objects unloaded after import = 1
========================================================================
Received Import Request.
  Time since last request: 0.000016 seconds.
  path: Assets/Plugins/Zenject/OptionalExtras/IntegrationTests/Resources/TestFromPrefab/JimAndBob.prefab
  artifactKey: Guid(f42ec6bc92c6f1d468adb74be99a44a0) Importer(2089858483,3d70f49cd1c2eb9ae422958d1c652c6b)
Start importing Assets/Plugins/Zenject/OptionalExtras/IntegrationTests/Resources/TestFromPrefab/JimAndBob.prefab using Guid(f42ec6bc92c6f1d468adb74be99a44a0) Importer(2089858483,3d70f49cd1c2eb9ae422958d1c652c6b)  -> (artifact id: '1bc56c08a67d017e0970cf709e3379b9') in 0.089348 seconds
Number of updated asset objects reloaded before import = 0
Number of asset objects unloaded after import = 6
========================================================================
Received Import Request.
  Time since last request: 0.000021 seconds.
  path: Assets/Plugins/Zenject/OptionalExtras/IntegrationTests/Installers/Resources/TestMonoInstallers/BarInstaller.prefab
  artifactKey: Guid(222a19cd18249384bae89296462dc456) Importer(2089858483,3d70f49cd1c2eb9ae422958d1c652c6b)
Start importing Assets/Plugins/Zenject/OptionalExtras/IntegrationTests/Installers/Resources/TestMonoInstallers/BarInstaller.prefab using Guid(222a19cd18249384bae89296462dc456) Importer(2089858483,3d70f49cd1c2eb9ae422958d1c652c6b)  -> (artifact id: 'da76863d3e5a3f89491894c5e1f33bed') in 0.022142 seconds
Number of updated asset objects reloaded before import = 0
Number of asset objects unloaded after import = 5
========================================================================
Received Import Request.
  Time since last request: 0.000248 seconds.
  path: Assets/Plugins/UniTask/Runtime/Internal
  artifactKey: Guid(3f5c66999eb66d546ab4ac3090d1bb91) Importer(2089858483,0ecaa5967403d082aa24f35e1b516d23)
Start importing Assets/Plugins/UniTask/Runtime/Internal using Guid(3f5c66999eb66d546ab4ac3090d1bb91) Importer(2089858483,0ecaa5967403d082aa24f35e1b516d23)  -> (artifact id: 'a4a61d2f17e30415e8f4cc6de2357af4') in 0.021989 seconds
Number of updated asset objects reloaded before import = 0
Number of asset objects unloaded after import = 1
========================================================================
Received Import Request.
  Time since last request: 0.000412 seconds.
  path: Assets/Plugins/Zenject/OptionalExtras/IntegrationTests/Tests/Bindings/TestLazy
  artifactKey: Guid(6efc1326ad03c2e48814480e82eb9093) Importer(2089858483,0ecaa5967403d082aa24f35e1b516d23)
Start importing Assets/Plugins/Zenject/OptionalExtras/IntegrationTests/Tests/Bindings/TestLazy using Guid(6efc1326ad03c2e48814480e82eb9093) Importer(2089858483,0ecaa5967403d082aa24f35e1b516d23)  -> (artifact id: '0787040b2286ed44c5de74bdb02226a1') in 0.017427 seconds
Number of updated asset objects reloaded before import = 0
Number of asset objects unloaded after import = 1
========================================================================
Received Import Request.
  Time since last request: 0.000020 seconds.
  path: Assets/Models/Walls/1MWallBlack
  artifactKey: Guid(3b4afb2aeb3ea0d49a0c0d9e16086773) Importer(2089858483,0ecaa5967403d082aa24f35e1b516d23)
Start importing Assets/Models/Walls/1MWallBlack using Guid(3b4afb2aeb3ea0d49a0c0d9e16086773) Importer(2089858483,0ecaa5967403d082aa24f35e1b516d23)  -> (artifact id: 'b4b729371f6fbe985043b4b2c123197d') in 0.016478 seconds
Number of updated asset objects reloaded before import = 0
Number of asset objects unloaded after import = 1
========================================================================
Received Import Request.
  Time since last request: 0.000021 seconds.
  path: Assets/Plugins/Zenject/OptionalExtras
  artifactKey: Guid(6b0130352744f2443b8dad3d112b2625) Importer(2089858483,0ecaa5967403d082aa24f35e1b516d23)
Start importing Assets/Plugins/Zenject/OptionalExtras using Guid(6b0130352744f2443b8dad3d112b2625) Importer(2089858483,0ecaa5967403d082aa24f35e1b516d23)  -> (artifact id: 'e9d5584a5e8c7c6a4acfeb2cf7031157') in 0.035579 seconds
Number of updated asset objects reloaded before import = 0
Number of asset objects unloaded after import = 1
========================================================================
Received Import Request.
  Time since last request: 0.000209 seconds.
  path: Assets/Plugins/Zenject/OptionalExtras/Signals/Main
  artifactKey: Guid(555490cbbc8c8ce49b1be1f76fe9a52e) Importer(2089858483,0ecaa5967403d082aa24f35e1b516d23)
Start importing Assets/Plugins/Zenject/OptionalExtras/Signals/Main using Guid(555490cbbc8c8ce49b1be1f76fe9a52e) Importer(2089858483,0ecaa5967403d082aa24f35e1b516d23)  -> (artifact id: '5aa2b6c9165a062607cfe9d4ead25e32') in 0.021383 seconds
Number of updated asset objects reloaded before import = 0
Number of asset objects unloaded after import = 1
========================================================================
Received Import Request.
  Time since last request: 0.000023 seconds.
  path: Assets/Thirdparty/Sirenix/Odin Inspector/Modules/Unity.Mathematics
  artifactKey: Guid(7f7115404e2b68a448342047215d04bb) Importer(2089858483,0ecaa5967403d082aa24f35e1b516d23)
Start importing Assets/Thirdparty/Sirenix/Odin Inspector/Modules/Unity.Mathematics using Guid(7f7115404e2b68a448342047215d04bb) Importer(2089858483,0ecaa5967403d082aa24f35e1b516d23)  -> (artifact id: '4a1cf6fd42eaf304316e5a0508dbbf91') in 0.023364 seconds
Number of updated asset objects reloaded before import = 0
Number of asset objects unloaded after import = 1
========================================================================
Received Import Request.
  Time since last request: 0.000422 seconds.
  path: Assets/Thirdparty/Sirenix/Odin Inspector/Config/Editor
  artifactKey: Guid(2defffb7d6016df408b2bf32f877b885) Importer(2089858483,0ecaa5967403d082aa24f35e1b516d23)
Start importing Assets/Thirdparty/Sirenix/Odin Inspector/Config/Editor using Guid(2defffb7d6016df408b2bf32f877b885) Importer(2089858483,0ecaa5967403d082aa24f35e1b516d23)  -> (artifact id: 'dea9f9be666ee17edd07abefd74b4704') in 0.037667 seconds
Number of updated asset objects reloaded before import = 0
Number of asset objects unloaded after import = 1
========================================================================
Received Import Request.
  Time since last request: 0.000023 seconds.
  path: Assets/Plugins/Zenject/OptionalExtras/SampleGame1 (Beginner)/Asteroids.unity
  artifactKey: Guid(2132327b8f69993409668236c6d2765a) Importer(2089858483,3d70f49cd1c2eb9ae422958d1c652c6b)
Start importing Assets/Plugins/Zenject/OptionalExtras/SampleGame1 (Beginner)/Asteroids.unity using Guid(2132327b8f69993409668236c6d2765a) Importer(2089858483,3d70f49cd1c2eb9ae422958d1c652c6b) Opening scene 'Assets/Plugins/Zenject/OptionalExtras/SampleGame1 (Beginner)/Asteroids.unity additively'
LightingSettings: switching bake backend from 1 to 0.
Loaded scene 'Assets/Plugins/Zenject/OptionalExtras/SampleGame1 (Beginner)/Asteroids.unity' was fixed up: 4 Prefab instances were missing their root order override.
Problem detected while opening the Scene file: 'Assets/Plugins/Zenject/OptionalExtras/SampleGame1 (Beginner)/Asteroids.unity'.
Check the following logs for more details.
UnityEngine.StackTraceUtility:ExtractStackTrace ()
UnityEditor.SceneManagement.EditorSceneManager:OpenScene (string,UnityEditor.SceneManagement.OpenSceneMode)
UnityEditor.Search.AssetIndexer:IndexScene (string,bool)
UnityEditor.Search.AssetIndexer:IndexSceneDocument (string,bool)
UnityEditor.Search.AssetIndexer:IndexDocument (string,bool)
UnityEditor.Search.SearchIndexEntryImporter:OnImportAsset (UnityEditor.AssetImporters.AssetImportContext)
UnityEditor.AssetImporters.ScriptedImporter:GenerateAssetData (UnityEditor.AssetImporters.AssetImportContext)

[C:\build\output\unity\unity\Runtime\PreloadManager\LoadSceneOperation.cpp line 847]

Prefab instance problem. Missing Prefab Asset: 'Missing Prefab with guid: f4cdd74364fb9d6448ecf7663dd0cfe9'
UnityEngine.StackTraceUtility:ExtractStackTrace ()
UnityEditor.SceneManagement.EditorSceneManager:OpenScene (string,UnityEditor.SceneManagement.OpenSceneMode)
UnityEditor.Search.AssetIndexer:IndexScene (string,bool)
UnityEditor.Search.AssetIndexer:IndexSceneDocument (string,bool)
UnityEditor.Search.AssetIndexer:IndexDocument (string,bool)
UnityEditor.Search.SearchIndexEntryImporter:OnImportAsset (UnityEditor.AssetImporters.AssetImportContext)
UnityEditor.AssetImporters.ScriptedImporter:GenerateAssetData (UnityEditor.AssetImporters.AssetImportContext)

[C:\build\output\unity\unity\Runtime\BaseClasses\ErrorsAndWarningsCapture.cpp line 68]

Loaded scene 'Assets/Plugins/Zenject/OptionalExtras/SampleGame1 (Beginner)/Asteroids.unity'
	Deserialize:            13.476 ms
	Integration:            6.956 ms
	Integration of assets:  0.002 ms
	Thread Wait Time:       0.034 ms
	Total Operation Time:   20.468 ms
 -> (artifact id: '239ed498b7591b2f881263ffc3226c83') in 0.053619 seconds
Number of updated asset objects reloaded before import = 0
Number of asset objects unloaded after import = 2
========================================================================
Received Import Request.
  Time since last request: 0.000476 seconds.
  path: Assets/Models/Ceiling/BaseBoard/CeilingBaseBoard.mat
  artifactKey: Guid(9e45658a7c2008542bed1279a0d9965d) Importer(2089858483,0ecaa5967403d082aa24f35e1b516d23)
Start importing Assets/Models/Ceiling/BaseBoard/CeilingBaseBoard.mat using Guid(9e45658a7c2008542bed1279a0d9965d) Importer(2089858483,0ecaa5967403d082aa24f35e1b516d23)  -> (artifact id: '85460b82aba95839c353f3ec2f0cc04d') in 0.088198 seconds
Number of updated asset objects reloaded before import = 0
Number of asset objects unloaded after import = 1
========================================================================
Received Import Request.
  Time since last request: 0.000018 seconds.
  path: Assets/Plugins/Zenject/OptionalExtras/SampleGame1 (Beginner)/Media/Sounds
  artifactKey: Guid(b9e67ab6bcf8bf04c84c13dfd98dcb4a) Importer(2089858483,0ecaa5967403d082aa24f35e1b516d23)
Start importing Assets/Plugins/Zenject/OptionalExtras/SampleGame1 (Beginner)/Media/Sounds using Guid(b9e67ab6bcf8bf04c84c13dfd98dcb4a) Importer(2089858483,0ecaa5967403d082aa24f35e1b516d23)  -> (artifact id: 'ab127525cd295720060341dbc83877f7') in 0.024579 seconds
Number of updated asset objects reloaded before import = 0
Number of asset objects unloaded after import = 1
========================================================================
Received Import Request.
  Time since last request: 0.000209 seconds.
  path: Assets/SphereRadiusIn.mat
  artifactKey: Guid(1517e766300e9ad44bd7bcc47bedd269) Importer(2089858483,0ecaa5967403d082aa24f35e1b516d23)
Start importing Assets/SphereRadiusIn.mat using Guid(1517e766300e9ad44bd7bcc47bedd269) Importer(2089858483,0ecaa5967403d082aa24f35e1b516d23)  -> (artifact id: 'dd70e6733e858503c39058cdd4677001') in 0.021286 seconds
Number of updated asset objects reloaded before import = 0
Number of asset objects unloaded after import = 1
========================================================================
Received Import Request.
  Time since last request: 0.000440 seconds.
  path: Assets/Plugins/Zenject/OptionalExtras/IntegrationTests/Tests/Bindings/TestFromComponentInHierarchy
  artifactKey: Guid(63ba783012a834c4ba6c2271c5c5b477) Importer(2089858483,0ecaa5967403d082aa24f35e1b516d23)
Start importing Assets/Plugins/Zenject/OptionalExtras/IntegrationTests/Tests/Bindings/TestFromComponentInHierarchy using Guid(63ba783012a834c4ba6c2271c5c5b477) Importer(2089858483,0ecaa5967403d082aa24f35e1b516d23)  -> (artifact id: '1f437682384d36f178bf5c4abfbfa05e') in 0.017268 seconds
Number of updated asset objects reloaded before import = 0
Number of asset objects unloaded after import = 1
========================================================================
Received Import Request.
  Time since last request: 0.000019 seconds.
  path: Assets/Plugins/Zenject
  artifactKey: Guid(624ec0348995b12418d39e74883045a9) Importer(2089858483,0ecaa5967403d082aa24f35e1b516d23)
Start importing Assets/Plugins/Zenject using Guid(624ec0348995b12418d39e74883045a9) Importer(2089858483,0ecaa5967403d082aa24f35e1b516d23)  -> (artifact id: '8aa5b51501ae93f99e7278e790cf4154') in 0.031882 seconds
Number of updated asset objects reloaded before import = 0
Number of asset objects unloaded after import = 1
========================================================================
Received Import Request.
  Time since last request: 0.000019 seconds.
  path: Assets/Plugins/Zenject/Source/Runtime/AnimatorInterfaces
  artifactKey: Guid(1a04a70237a634447909afb1ee2f22a6) Importer(2089858483,0ecaa5967403d082aa24f35e1b516d23)
Start importing Assets/Plugins/Zenject/Source/Runtime/AnimatorInterfaces using Guid(1a04a70237a634447909afb1ee2f22a6) Importer(2089858483,0ecaa5967403d082aa24f35e1b516d23)  -> (artifact id: '74bebf1f8d7b53f07e8339be7a8c5391') in 0.020446 seconds
Number of updated asset objects reloaded before import = 0
Number of asset objects unloaded after import = 1
========================================================================
Received Import Request.
  Time since last request: 0.000079 seconds.
  path: Assets/Thirdparty/Ciathyza/Gridbox Prototype Materials/Materials/HDRP/Prototype_512x512_Green2.mat
  artifactKey: Guid(35e2a03bbcc6739409a02bb46883d128) Importer(2089858483,0ecaa5967403d082aa24f35e1b516d23)
Start importing Assets/Thirdparty/Ciathyza/Gridbox Prototype Materials/Materials/HDRP/Prototype_512x512_Green2.mat using Guid(35e2a03bbcc6739409a02bb46883d128) Importer(2089858483,0ecaa5967403d082aa24f35e1b516d23)  -> (artifact id: 'c152bbc6358c09f56af261f262327360') in 0.046399 seconds
Number of updated asset objects reloaded before import = 0
Number of asset objects unloaded after import = 1
========================================================================
Received Import Request.
  Time since last request: 0.000019 seconds.
  path: Assets/Thirdparty/Ciathyza/Gridbox Prototype Materials/Materials/Standard/Prototype_512x512_Blue2.mat
  artifactKey: Guid(5e148de6cdf2d164aa3e3f90ce8c852c) Importer(2089858483,0ecaa5967403d082aa24f35e1b516d23)
Start importing Assets/Thirdparty/Ciathyza/Gridbox Prototype Materials/Materials/Standard/Prototype_512x512_Blue2.mat using Guid(5e148de6cdf2d164aa3e3f90ce8c852c) Importer(2089858483,0ecaa5967403d082aa24f35e1b516d23)  -> (artifact id: '8d900bc62002bf632321032fe94d871e') in 0.042685 seconds
Number of updated asset objects reloaded before import = 0
Number of asset objects unloaded after import = 3
========================================================================
Received Import Request.
  Time since last request: 0.000019 seconds.
  path: Assets/Plugins/Zenject/OptionalExtras/IntegrationTests/Tests/Bindings
  artifactKey: Guid(051d29b3dd0a2864ba4624102f0081eb) Importer(2089858483,0ecaa5967403d082aa24f35e1b516d23)
Start importing Assets/Plugins/Zenject/OptionalExtras/IntegrationTests/Tests/Bindings using Guid(051d29b3dd0a2864ba4624102f0081eb) Importer(2089858483,0ecaa5967403d082aa24f35e1b516d23)  -> (artifact id: '7b2ee52f334fa920551d268840f353df') in 0.020167 seconds
Number of updated asset objects reloaded before import = 0
Number of asset objects unloaded after import = 1
========================================================================
Received Import Request.
  Time since last request: 0.000018 seconds.
  path: Assets/Thirdparty/Ciathyza/Gridbox Prototype Materials/Demo/Prototype Materials Demo.unity
  artifactKey: Guid(735c40e4d7967d7458e6a4db48651d2a) Importer(2089858483,0ecaa5967403d082aa24f35e1b516d23)
Start importing Assets/Thirdparty/Ciathyza/Gridbox Prototype Materials/Demo/Prototype Materials Demo.unity using Guid(735c40e4d7967d7458e6a4db48651d2a) Importer(2089858483,0ecaa5967403d082aa24f35e1b516d23)  -> (artifact id: '401ce15a12f80a5ed3100f5b75be301a') in 0.025504 seconds
Number of updated asset objects reloaded before import = 0
Number of asset objects unloaded after import = 1
========================================================================
Received Import Request.
  Time since last request: 0.000019 seconds.
  path: Assets/Plugins/Zenject/OptionalExtras/SampleGame1 (Beginner)/Scripts/Installers
  artifactKey: Guid(422d176d0a6fbff47bb3c321dfe4ffaf) Importer(2089858483,0ecaa5967403d082aa24f35e1b516d23)
Start importing Assets/Plugins/Zenject/OptionalExtras/SampleGame1 (Beginner)/Scripts/Installers using Guid(422d176d0a6fbff47bb3c321dfe4ffaf) Importer(2089858483,0ecaa5967403d082aa24f35e1b516d23)  -> (artifact id: '8f37e8ab61c04c45efed50cf1a1fb938') in 0.015222 seconds
Number of updated asset objects reloaded before import = 0
Number of asset objects unloaded after import = 1
========================================================================
Received Import Request.
  Time since last request: 0.000034 seconds.
  path: Assets/Plugins/Zenject/OptionalExtras/SampleGame1 (Beginner)/Scripts/Asteroid
  artifactKey: Guid(f75c6f797dab9854cb246a860950a1e1) Importer(2089858483,0ecaa5967403d082aa24f35e1b516d23)
Start importing Assets/Plugins/Zenject/OptionalExtras/SampleGame1 (Beginner)/Scripts/Asteroid using Guid(f75c6f797dab9854cb246a860950a1e1) Importer(2089858483,0ecaa5967403d082aa24f35e1b516d23)  -> (artifact id: 'b97d75c8d48c3ff22c087a2eaacfe56b') in 0.021164 seconds
Number of updated asset objects reloaded before import = 0
Number of asset objects unloaded after import = 1
========================================================================
Received Import Request.
  Time since last request: 0.000070 seconds.
  path: Assets/Plugins/UniRx/Scripts/InternalUtil
  artifactKey: Guid(d85da3085a8452a47b36833edf0917b0) Importer(2089858483,0ecaa5967403d082aa24f35e1b516d23)
Start importing Assets/Plugins/UniRx/Scripts/InternalUtil using Guid(d85da3085a8452a47b36833edf0917b0) Importer(2089858483,0ecaa5967403d082aa24f35e1b516d23)  -> (artifact id: 'cc2e6d0b345a5583e63ef82615130372') in 0.019386 seconds
Number of updated asset objects reloaded before import = 0
Number of asset objects unloaded after import = 1
========================================================================
Received Import Request.
  Time since last request: 0.000019 seconds.
  path: Assets/Plugins/Zenject/OptionalExtras/UnitTests/Editor/Injection
  artifactKey: Guid(3fcf18220d45bcc40aeeb540896c491f) Importer(2089858483,0ecaa5967403d082aa24f35e1b516d23)
Start importing Assets/Plugins/Zenject/OptionalExtras/UnitTests/Editor/Injection using Guid(3fcf18220d45bcc40aeeb540896c491f) Importer(2089858483,0ecaa5967403d082aa24f35e1b516d23)  -> (artifact id: '76e6ecd3be31cd1cb0d30534f493e4dd') in 0.022433 seconds
Number of updated asset objects reloaded before import = 0
Number of asset objects unloaded after import = 1
========================================================================
Received Import Request.
  Time since last request: 0.000018 seconds.
  path: Assets/Plugins/Zenject/OptionalExtras/IntegrationTests/Factories/TestBindFactoryFive
  artifactKey: Guid(b1672bc806fe3bb41a3d206baa3b6ebd) Importer(2089858483,0ecaa5967403d082aa24f35e1b516d23)
Start importing Assets/Plugins/Zenject/OptionalExtras/IntegrationTests/Factories/TestBindFactoryFive using Guid(b1672bc806fe3bb41a3d206baa3b6ebd) Importer(2089858483,0ecaa5967403d082aa24f35e1b516d23)  -> (artifact id: '97b81d48862eff6a589723877269dcff') in 0.023863 seconds
Number of updated asset objects reloaded before import = 0
Number of asset objects unloaded after import = 1
========================================================================
Received Import Request.
  Time since last request: 0.000014 seconds.
  path: Assets/Prefabs
  artifactKey: Guid(cd1a65f45c5c7e843968894da3a9dd4e) Importer(2089858483,0ecaa5967403d082aa24f35e1b516d23)
Start importing Assets/Prefabs using Guid(cd1a65f45c5c7e843968894da3a9dd4e) Importer(2089858483,0ecaa5967403d082aa24f35e1b516d23)  -> (artifact id: '47c41a113a29029be230df82d84b2c48') in 0.022291 seconds
Number of updated asset objects reloaded before import = 0
Number of asset objects unloaded after import = 1
========================================================================
Received Import Request.
  Time since last request: 0.000017 seconds.
  path: Assets/Plugins/Zenject/OptionalExtras/IntegrationTests/Misc/TestZenAutoInjecter
  artifactKey: Guid(47737b5de9d082044a1a6ec1be5ebe0f) Importer(2089858483,0ecaa5967403d082aa24f35e1b516d23)
Start importing Assets/Plugins/Zenject/OptionalExtras/IntegrationTests/Misc/TestZenAutoInjecter using Guid(47737b5de9d082044a1a6ec1be5ebe0f) Importer(2089858483,0ecaa5967403d082aa24f35e1b516d23)  -> (artifact id: '5bf36b4b0503b72f19936077d6a49c6c') in 0.027493 seconds
Number of updated asset objects reloaded before import = 0
Number of asset objects unloaded after import = 1
========================================================================
Received Import Request.
  Time since last request: 0.000017 seconds.
  path: Assets/Thirdparty/Ciathyza/Gridbox Prototype Materials/Textures
  artifactKey: Guid(e1cabe555cab84943b87fbb896f0bbc9) Importer(2089858483,0ecaa5967403d082aa24f35e1b516d23)
Start importing Assets/Thirdparty/Ciathyza/Gridbox Prototype Materials/Textures using Guid(e1cabe555cab84943b87fbb896f0bbc9) Importer(2089858483,0ecaa5967403d082aa24f35e1b516d23)  -> (artifact id: '69fdda201adbd87bfedbc2c661b60dfd') in 0.026589 seconds
Number of updated asset objects reloaded before import = 0
Number of asset objects unloaded after import = 1
========================================================================
Received Import Request.
  Time since last request: 0.000058 seconds.
  path: Assets/Models/SafeRoomPlan.mat
  artifactKey: Guid(50762589afea10742af124a2f856ffec) Importer(2089858483,0ecaa5967403d082aa24f35e1b516d23)
Start importing Assets/Models/SafeRoomPlan.mat using Guid(50762589afea10742af124a2f856ffec) Importer(2089858483,0ecaa5967403d082aa24f35e1b516d23)  -> (artifact id: 'bfb3f87fa78d749b5e4268c04878766d') in 0.024583 seconds
Number of updated asset objects reloaded before import = 0
Number of asset objects unloaded after import = 1
========================================================================
Received Import Request.
  Time since last request: 0.000027 seconds.
  path: Assets/Thirdparty/Ciathyza/Gridbox Prototype Materials/Materials/URP/Prototype_512x512_Grey3.mat
  artifactKey: Guid(981abf7a53e6a964fba6bc48555ec31a) Importer(2089858483,0ecaa5967403d082aa24f35e1b516d23)
Start importing Assets/Thirdparty/Ciathyza/Gridbox Prototype Materials/Materials/URP/Prototype_512x512_Grey3.mat using Guid(981abf7a53e6a964fba6bc48555ec31a) Importer(2089858483,0ecaa5967403d082aa24f35e1b516d23)  -> (artifact id: 'ebec035af2736a8d7cde30154a88aa6d') in 0.039634 seconds
Number of updated asset objects reloaded before import = 0
Number of asset objects unloaded after import = 3
========================================================================
Received Import Request.
  Time since last request: 0.000021 seconds.
  path: Assets/Thirdparty/Ciathyza/Gridbox Prototype Materials/Materials/Standard/Prototype_512x512_Blue3.mat
  artifactKey: Guid(b0b4de3bd6e976e4f8b3adc6e72377ed) Importer(2089858483,0ecaa5967403d082aa24f35e1b516d23)
Start importing Assets/Thirdparty/Ciathyza/Gridbox Prototype Materials/Materials/Standard/Prototype_512x512_Blue3.mat using Guid(b0b4de3bd6e976e4f8b3adc6e72377ed) Importer(2089858483,0ecaa5967403d082aa24f35e1b516d23)  -> (artifact id: '9f16c6126c2b33301ed607a778f1a20d') in 0.029702 seconds
Number of updated asset objects reloaded before import = 0
Number of asset objects unloaded after import = 3
========================================================================
Received Import Request.
  Time since last request: 0.000022 seconds.
  path: Assets/Thirdparty/Ciathyza/Gridbox Prototype Materials/Materials/URP/Prototype_512x512_Pink.mat
  artifactKey: Guid(5e88a93148f69984e968ecc92408960f) Importer(2089858483,0ecaa5967403d082aa24f35e1b516d23)
Start importing Assets/Thirdparty/Ciathyza/Gridbox Prototype Materials/Materials/URP/Prototype_512x512_Pink.mat using Guid(5e88a93148f69984e968ecc92408960f) Importer(2089858483,0ecaa5967403d082aa24f35e1b516d23)  -> (artifact id: 'dc1b4fb05c6cb66e424b8732bf9eb236') in 0.027103 seconds
Number of updated asset objects reloaded before import = 0
Number of asset objects unloaded after import = 3
========================================================================
Received Import Request.
  Time since last request: 0.000023 seconds.
  path: Assets/Thirdparty/Ciathyza/Gridbox Prototype Materials/Materials/Standard/Prototype_512x512_Green3.mat
  artifactKey: Guid(f6298605825d7154f8923c76872aa46e) Importer(2089858483,0ecaa5967403d082aa24f35e1b516d23)
Start importing Assets/Thirdparty/Ciathyza/Gridbox Prototype Materials/Materials/Standard/Prototype_512x512_Green3.mat using Guid(f6298605825d7154f8923c76872aa46e) Importer(2089858483,0ecaa5967403d082aa24f35e1b516d23)  -> (artifact id: '48f7b4aee8b3985c9e3c8eb1dad23ed2') in 0.047177 seconds
Number of updated asset objects reloaded before import = 0
Number of asset objects unloaded after import = 3
========================================================================
Received Import Request.
  Time since last request: 0.000017 seconds.
  path: Assets/Thirdparty/Ciathyza/Gridbox Prototype Materials/Materials/HDRP/Prototype_512x512_Pink.mat
  artifactKey: Guid(9cbe122d0bf53f14ba269e044bc3f03b) Importer(2089858483,0ecaa5967403d082aa24f35e1b516d23)
Start importing Assets/Thirdparty/Ciathyza/Gridbox Prototype Materials/Materials/HDRP/Prototype_512x512_Pink.mat using Guid(9cbe122d0bf53f14ba269e044bc3f03b) Importer(2089858483,0ecaa5967403d082aa24f35e1b516d23)  -> (artifact id: '685b39daf0661250a17ed0f50e641b97') in 0.029525 seconds
Number of updated asset objects reloaded before import = 0
Number of asset objects unloaded after import = 1
========================================================================
Received Import Request.
  Time since last request: 0.000023 seconds.
  path: Assets/Thirdparty/Ciathyza/Gridbox Prototype Materials/Materials/Standard/Prototype_512x512_Cyan.mat
  artifactKey: Guid(cba66c276aed0874091de1c33eb3950d) Importer(2089858483,0ecaa5967403d082aa24f35e1b516d23)
Start importing Assets/Thirdparty/Ciathyza/Gridbox Prototype Materials/Materials/Standard/Prototype_512x512_Cyan.mat using Guid(cba66c276aed0874091de1c33eb3950d) Importer(2089858483,0ecaa5967403d082aa24f35e1b516d23)  -> (artifact id: '2abc6edd4f7b2aa21678bd2283e08c1a') in 0.028790 seconds
Number of updated asset objects reloaded before import = 0
Number of asset objects unloaded after import = 3
========================================================================
Received Import Request.
  Time since last request: 0.000141 seconds.
  path: Assets/Plugins/Zenject/OptionalExtras/IntegrationTests/Misc/TestZenAutoInjecter/Resources/TestZenAutoInjecter/QuxScene.prefab
  artifactKey: Guid(ba11a6c32ffce784a85568664c29715a) Importer(2089858483,3d70f49cd1c2eb9ae422958d1c652c6b)
Start importing Assets/Plugins/Zenject/OptionalExtras/IntegrationTests/Misc/TestZenAutoInjecter/Resources/TestZenAutoInjecter/QuxScene.prefab using Guid(ba11a6c32ffce784a85568664c29715a) Importer(2089858483,3d70f49cd1c2eb9ae422958d1c652c6b)  -> (artifact id: 'ed9f76e9b9a5318a9d19135df688c78e') in 0.046316 seconds
Number of updated asset objects reloaded before import = 0
Number of asset objects unloaded after import = 6
Editor requested this worker to shutdown with reason: balancing worker count downwards
TcpMessagingSession - receive error: operation aborted. errorcode: 995, details: ќпераци€ ввода/вывода была прервана из-за завершени€ потока команд или по запросу приложени€.
AssetImportWorker is now disconnected from the server
Process exiting
Exiting without the bug reporter. Application will terminate with return code 0